laptop@laptop:~/Workspace/serenity-fork$ eval "$(ssh-agent -s)"
Agent pid 7729
laptop@laptop:~/Workspace/serenity-fork$ mvn release:prepare release:perform -e                                             
[INFO] Error stacktraces are turned on.
[INFO] Scanning for projects...
[INFO]                                                                         
[INFO] ------------------------------------------------------------------------
[INFO] Building Jenkins Serenity plugin 1.1-SNAPSHOT
[INFO] ------------------------------------------------------------------------
[INFO] 
[INFO] --- maven-release-plugin:2.5.3:prepare (default-cli) @ serenity ---
[INFO] Verifying that there are no local modifications...
[INFO]   ignoring changes on: **/pom.xml.releaseBackup, **/pom.xml.next, **/pom.xml.tag, **/pom.xml.branch, **/release.properties, **/pom.xml.backup
[INFO] Executing: /bin/sh -c cd /home/laptop/Workspace/serenity-fork && git rev-parse --show-toplevel
[INFO] Working directory: /home/laptop/Workspace/serenity-fork
[INFO] Executing: /bin/sh -c cd /home/laptop/Workspace/serenity-fork && git status --porcelain .
[INFO] Working directory: /home/laptop/Workspace/serenity-fork
[WARNING] Ignoring unrecognized line: ?? .idea/
[WARNING] Ignoring unrecognized line: ?? release.properties
[WARNING] Ignoring unrecognized line: ?? serenity.iml
[INFO] Checking dependencies and plugins for snapshots ...
What is the release version for "Jenkins Serenity plugin"? (org.jenkins-ci.plugins:serenity) 1.1: : 
What is SCM release tag or label for "Jenkins Serenity plugin"? (org.jenkins-ci.plugins:serenity) serenity-1.1: : 
What is the new development version for "Jenkins Serenity plugin"? (org.jenkins-ci.plugins:serenity) 1.2-SNAPSHOT: : 
[INFO] Transforming 'Jenkins Serenity plugin'...
[INFO] Not generating release POMs
[INFO] Executing goals 'clean install'...
[INFO] Executing: /bin/sh -c cd /home/laptop/Workspace/serenity-fork && /usr/apache-maven-3.3.9/bin/mvn -s /tmp/release-settings2758984465181251348.xml clean install --no-plugin-updates
    [WARNING] Command line option -npu is deprecated and will be removed in future Maven versions.
    [INFO] Scanning for projects...
    [INFO]                                                                         
    [INFO] ------------------------------------------------------------------------
    [INFO] Building Jenkins Serenity plugin 1.1
    [INFO] ------------------------------------------------------------------------
    [INFO] 
    [INFO] --- maven-clean-plugin:2.6:clean (default-clean) @ serenity ---
    [INFO] 
    [INFO] --- maven-hpi-plugin:1.117:validate (default-validate) @ serenity ---
    [INFO] 
    [INFO] --- maven-enforcer-plugin:1.3.1:display-info (display-info) @ serenity ---
    [INFO] Maven Version: 3.3.9
    [INFO] JDK Version: 1.8.0_91 normalized as: 1.8.0-91
    [INFO] OS Info: Arch: amd64 Family: unix Name: linux Version: 4.2.0-36-generic
    [INFO] 
    [INFO] --- maven-enforcer-plugin:1.3.1:enforce (display-info) @ serenity ---
    [INFO] 
    [INFO] --- maven-localizer-plugin:1.23:generate (default) @ serenity ---
    [INFO] 
    [INFO] >>> maven-javadoc-plugin:2.10.2:javadoc (default) > generate-sources @ serenity >>>
    [INFO] 
    [INFO] --- maven-hpi-plugin:1.117:validate (default-validate) @ serenity ---
    [INFO] 
    [INFO] --- maven-enforcer-plugin:1.3.1:display-info (display-info) @ serenity ---
    [INFO] Maven Version: 3.3.9
    [INFO] JDK Version: 1.8.0_91 normalized as: 1.8.0-91
    [INFO] OS Info: Arch: amd64 Family: unix Name: linux Version: 4.2.0-36-generic
    [INFO] 
    [INFO] --- maven-enforcer-plugin:1.3.1:enforce (display-info) @ serenity ---
    [INFO] 
    [INFO] --- maven-localizer-plugin:1.23:generate (default) @ serenity ---
    [INFO] 
    [INFO] <<< maven-javadoc-plugin:2.10.2:javadoc (default) < generate-sources @ serenity <<<
    [INFO] 
    [INFO] --- maven-javadoc-plugin:2.10.2:javadoc (default) @ serenity ---
    [INFO] 
    Loading source files for package com.ikokoon.toolkit...
    Loading source files for package com.ikokoon.serenity.hudson...
    Loading source files for package com.ikokoon.serenity.hudson.modeller...
    Loading source files for package com.ikokoon.serenity.hudson.source...
    Loading source files for package com.ikokoon.serenity...
    Loading source files for package com.ikokoon.serenity.model...
    Loading source files for package com.ikokoon.serenity.persistence...
    Loading source files for package com.ikokoon.serenity.instrumentation...
    Loading source files for package com.ikokoon.serenity.instrumentation.profiling...
    Loading source files for package com.ikokoon.serenity.instrumentation.dependency...
    Loading source files for package com.ikokoon.serenity.instrumentation.complexity...
    Loading source files for package com.ikokoon.serenity.instrumentation.coverage...
    Loading source files for package com.ikokoon.serenity.process...
    Loading source files for package com.ikokoon.serenity.process.aggregator...
    Constructing Javadoc information...
    Standard Doclet version 1.8.0_91
    Building tree for all the packages and classes...
    Generating /home/laptop/Workspace/serenity-fork/target/site/apidocs/com/ikokoon/toolkit/ClassLoader.html...
    Generating /home/laptop/Workspace/serenity-fork/target/site/apidocs/com/ikokoon/toolkit/Executer.html...
    Generating /home/laptop/Workspace/serenity-fork/target/site/apidocs/com/ikokoon/toolkit/Executer.IPerform.html...
    Generating /home/laptop/Workspace/serenity-fork/target/site/apidocs/com/ikokoon/toolkit/LoggingConfigurator.html...
    Generating /home/laptop/Workspace/serenity-fork/target/site/apidocs/com/ikokoon/toolkit/ObjectFactory.html...
    Generating /home/laptop/Workspace/serenity-fork/target/site/apidocs/com/ikokoon/toolkit/Permutations.html...
    Generating /home/laptop/Workspace/serenity-fork/target/site/apidocs/com/ikokoon/toolkit/Toolkit.html...
    Generating /home/laptop/Workspace/serenity-fork/target/site/apidocs/com/ikokoon/toolkit/Toolkit.IFileFilter.html...
    Generating /home/laptop/Workspace/serenity-fork/target/site/apidocs/com/ikokoon/serenity/hudson/ISerenityResult.html...
    Generating /home/laptop/Workspace/serenity-fork/target/site/apidocs/com/ikokoon/serenity/hudson/SerenityBuildAction.html...
    Generating /home/laptop/Workspace/serenity-fork/target/site/apidocs/com/ikokoon/serenity/hudson/SerenityPlugin.html...
    Generating /home/laptop/Workspace/serenity-fork/target/site/apidocs/com/ikokoon/serenity/hudson/SerenityProjectAction.html...
    Generating /home/laptop/Workspace/serenity-fork/target/site/apidocs/com/ikokoon/serenity/hudson/SerenityPublisher.html...
    Generating /home/laptop/Workspace/serenity-fork/target/site/apidocs/com/ikokoon/serenity/hudson/SerenityPublisher.DescriptorImpl.html...
    Generating /home/laptop/Workspace/serenity-fork/target/site/apidocs/com/ikokoon/serenity/hudson/SerenityResult.html...
    Generating /home/laptop/Workspace/serenity-fork/target/site/apidocs/com/ikokoon/serenity/hudson/modeller/GoogleChartModeller.html...
    Generating /home/laptop/Workspace/serenity-fork/target/site/apidocs/com/ikokoon/serenity/hudson/modeller/HighchartsModeller.html...
    Generating /home/laptop/Workspace/serenity-fork/target/site/apidocs/com/ikokoon/serenity/hudson/modeller/HighchartsModeller.IConstructor.html...
    Generating /home/laptop/Workspace/serenity-fork/target/site/apidocs/com/ikokoon/serenity/hudson/modeller/IModeller.html...
    Generating /home/laptop/Workspace/serenity-fork/target/site/apidocs/com/ikokoon/serenity/hudson/source/CoverageSourceCode.html...
    Generating /home/laptop/Workspace/serenity-fork/target/site/apidocs/com/ikokoon/serenity/hudson/source/ISourceCode.html...
    Generating /home/laptop/Workspace/serenity-fork/target/site/apidocs/com/ikokoon/serenity/hudson/source/JavaSource2HTMLConverterExt.html...
    Generating /home/laptop/Workspace/serenity-fork/target/site/apidocs/com/ikokoon/serenity/Collector.html...
    Generating /home/laptop/Workspace/serenity-fork/target/site/apidocs/com/ikokoon/serenity/Configuration.html...
    Generating /home/laptop/Workspace/serenity-fork/target/site/apidocs/com/ikokoon/serenity/IConstants.html...
    Generating /home/laptop/Workspace/serenity-fork/target/site/apidocs/com/ikokoon/serenity/Messenger.html...
    Generating /home/laptop/Workspace/serenity-fork/target/site/apidocs/com/ikokoon/serenity/Profiler.html...
    Generating /home/laptop/Workspace/serenity-fork/target/site/apidocs/com/ikokoon/serenity/Transformer.html...
    Generating /home/laptop/Workspace/serenity-fork/target/site/apidocs/com/ikokoon/serenity/model/Afferent.html...
    Generating /home/laptop/Workspace/serenity-fork/target/site/apidocs/com/ikokoon/serenity/model/Class.html...
    Generating /home/laptop/Workspace/serenity-fork/target/site/apidocs/com/ikokoon/serenity/model/Composite.html...
    Generating /home/laptop/Workspace/serenity-fork/target/site/apidocs/com/ikokoon/serenity/model/Efferent.html...
    Generating /home/laptop/Workspace/serenity-fork/target/site/apidocs/com/ikokoon/serenity/model/Line.html...
    Generating /home/laptop/Workspace/serenity-fork/target/site/apidocs/com/ikokoon/serenity/model/Method.html...
    Generating /home/laptop/Workspace/serenity-fork/target/site/apidocs/com/ikokoon/serenity/model/Package.html...
    Generating /home/laptop/Workspace/serenity-fork/target/site/apidocs/com/ikokoon/serenity/model/Project.html...
    Generating /home/laptop/Workspace/serenity-fork/target/site/apidocs/com/ikokoon/serenity/model/Snapshot.html...
    Generating /home/laptop/Workspace/serenity-fork/target/site/apidocs/com/ikokoon/serenity/model/Unique.html...
    Generating /home/laptop/Workspace/serenity-fork/target/site/apidocs/com/ikokoon/serenity/persistence/DataBase.html...
    Generating /home/laptop/Workspace/serenity-fork/target/site/apidocs/com/ikokoon/serenity/persistence/DataBaseEvent.html...
    Generating /home/laptop/Workspace/serenity-fork/target/site/apidocs/com/ikokoon/serenity/persistence/DataBaseOdb.html...
    Generating /home/laptop/Workspace/serenity-fork/target/site/apidocs/com/ikokoon/serenity/persistence/DataBaseRam.html...
    Generating /home/laptop/Workspace/serenity-fork/target/site/apidocs/com/ikokoon/serenity/persistence/DataBaseToolkit.html...
    Generating /home/laptop/Workspace/serenity-fork/target/site/apidocs/com/ikokoon/serenity/persistence/DataBaseToolkit.Executer.html...
    Generating /home/laptop/Workspace/serenity-fork/target/site/apidocs/com/ikokoon/serenity/persistence/DataBaseToolkit.ICriteria.html...
    Generating /home/laptop/Workspace/serenity-fork/target/site/apidocs/com/ikokoon/serenity/persistence/IDataBase.html...
    Generating /home/laptop/Workspace/serenity-fork/target/site/apidocs/com/ikokoon/serenity/persistence/IDataBase.DataBaseManager.html...
    Generating /home/laptop/Workspace/serenity-fork/target/site/apidocs/com/ikokoon/serenity/persistence/IDataBaseEvent.html...
    Generating /home/laptop/Workspace/serenity-fork/target/site/apidocs/com/ikokoon/serenity/persistence/IDataBaseEvent.Type.html...
    Generating /home/laptop/Workspace/serenity-fork/target/site/apidocs/com/ikokoon/serenity/persistence/IDataBaseListener.html...
    Generating /home/laptop/Workspace/serenity-fork/target/site/apidocs/com/ikokoon/serenity/instrumentation/VisitorFactory.html...
    Generating /home/laptop/Workspace/serenity-fork/target/site/apidocs/com/ikokoon/serenity/instrumentation/profiling/ProfilingClassAdapter.html...
    Generating /home/laptop/Workspace/serenity-fork/target/site/apidocs/com/ikokoon/serenity/instrumentation/profiling/ProfilingClassAdviceAdapter.html...
    Generating /home/laptop/Workspace/serenity-fork/target/site/apidocs/com/ikokoon/serenity/instrumentation/profiling/ProfilingMethodAdapter.html...
    Generating /home/laptop/Workspace/serenity-fork/target/site/apidocs/com/ikokoon/serenity/instrumentation/profiling/ProfilingMethodAdviceAdapter.html...
    Generating /home/laptop/Workspace/serenity-fork/target/site/apidocs/com/ikokoon/serenity/instrumentation/dependency/DependencyAnnotationAdapter.html...
    Generating /home/laptop/Workspace/serenity-fork/target/site/apidocs/com/ikokoon/serenity/instrumentation/dependency/DependencyClassAdapter.html...
    Generating /home/laptop/Workspace/serenity-fork/target/site/apidocs/com/ikokoon/serenity/instrumentation/dependency/DependencyFieldAdapter.html...
    Generating /home/laptop/Workspace/serenity-fork/target/site/apidocs/com/ikokoon/serenity/instrumentation/dependency/DependencyMethodAdapter.html...
    Generating /home/laptop/Workspace/serenity-fork/target/site/apidocs/com/ikokoon/serenity/instrumentation/dependency/DependencySignatureAdapter.html...
    Generating /home/laptop/Workspace/serenity-fork/target/site/apidocs/com/ikokoon/serenity/instrumentation/complexity/ComplexityClassAdapter.html...
    Generating /home/laptop/Workspace/serenity-fork/target/site/apidocs/com/ikokoon/serenity/instrumentation/complexity/ComplexityMethodAdapter.html...
    Generating /home/laptop/Workspace/serenity-fork/target/site/apidocs/com/ikokoon/serenity/instrumentation/coverage/CoverageClassAdapter.html...
    Generating /home/laptop/Workspace/serenity-fork/target/site/apidocs/com/ikokoon/serenity/instrumentation/coverage/CoverageClassAdapterExt.html...
    Generating /home/laptop/Workspace/serenity-fork/target/site/apidocs/com/ikokoon/serenity/instrumentation/coverage/CoverageMethodAdapter.html...
    Generating /home/laptop/Workspace/serenity-fork/target/site/apidocs/com/ikokoon/serenity/instrumentation/coverage/CoverageMethodAdapterExt.html...
    Generating /home/laptop/Workspace/serenity-fork/target/site/apidocs/com/ikokoon/serenity/process/Accumulator.html...
    Generating /home/laptop/Workspace/serenity-fork/target/site/apidocs/com/ikokoon/serenity/process/Aggregator.html...
    Generating /home/laptop/Workspace/serenity-fork/target/site/apidocs/com/ikokoon/serenity/process/AProcess.html...
    Generating /home/laptop/Workspace/serenity-fork/target/site/apidocs/com/ikokoon/serenity/process/Cleaner.html...
    Generating /home/laptop/Workspace/serenity-fork/target/site/apidocs/com/ikokoon/serenity/process/IProcess.html...
    Generating /home/laptop/Workspace/serenity-fork/target/site/apidocs/com/ikokoon/serenity/process/Listener.html...
    Generating /home/laptop/Workspace/serenity-fork/target/site/apidocs/com/ikokoon/serenity/process/Pruner.html...
    Generating /home/laptop/Workspace/serenity-fork/target/site/apidocs/com/ikokoon/serenity/process/Reporter.html...
    Generating /home/laptop/Workspace/serenity-fork/target/site/apidocs/com/ikokoon/serenity/process/Snapshooter.html...
    Generating /home/laptop/Workspace/serenity-fork/target/site/apidocs/com/ikokoon/serenity/process/aggregator/AAggregator.html...
    Generating /home/laptop/Workspace/serenity-fork/target/site/apidocs/com/ikokoon/serenity/process/aggregator/ClassAggregator.html...
    Generating /home/laptop/Workspace/serenity-fork/target/site/apidocs/com/ikokoon/serenity/process/aggregator/IAggregator.html...
    Generating /home/laptop/Workspace/serenity-fork/target/site/apidocs/com/ikokoon/serenity/process/aggregator/MethodAggregator.html...
    Generating /home/laptop/Workspace/serenity-fork/target/site/apidocs/com/ikokoon/serenity/process/aggregator/PackageAggregator.html...
    Generating /home/laptop/Workspace/serenity-fork/target/site/apidocs/com/ikokoon/serenity/process/aggregator/ProjectAggregator.html...
    Generating /home/laptop/Workspace/serenity-fork/target/site/apidocs/overview-frame.html...
    Generating /home/laptop/Workspace/serenity-fork/target/site/apidocs/com/ikokoon/serenity/package-frame.html...
    Generating /home/laptop/Workspace/serenity-fork/target/site/apidocs/com/ikokoon/serenity/package-summary.html...
    Generating /home/laptop/Workspace/serenity-fork/target/site/apidocs/com/ikokoon/serenity/package-tree.html...
    Generating /home/laptop/Workspace/serenity-fork/target/site/apidocs/com/ikokoon/serenity/hudson/package-frame.html...
    Generating /home/laptop/Workspace/serenity-fork/target/site/apidocs/com/ikokoon/serenity/hudson/package-summary.html...
    Generating /home/laptop/Workspace/serenity-fork/target/site/apidocs/com/ikokoon/serenity/hudson/package-tree.html...
    Generating /home/laptop/Workspace/serenity-fork/target/site/apidocs/com/ikokoon/serenity/hudson/modeller/package-frame.html...
    Generating /home/laptop/Workspace/serenity-fork/target/site/apidocs/com/ikokoon/serenity/hudson/modeller/package-summary.html...
    Generating /home/laptop/Workspace/serenity-fork/target/site/apidocs/com/ikokoon/serenity/hudson/modeller/package-tree.html...
    Generating /home/laptop/Workspace/serenity-fork/target/site/apidocs/com/ikokoon/serenity/hudson/source/package-frame.html...
    Generating /home/laptop/Workspace/serenity-fork/target/site/apidocs/com/ikokoon/serenity/hudson/source/package-summary.html...
    Generating /home/laptop/Workspace/serenity-fork/target/site/apidocs/com/ikokoon/serenity/hudson/source/package-tree.html...
    Generating /home/laptop/Workspace/serenity-fork/target/site/apidocs/com/ikokoon/serenity/instrumentation/package-frame.html...
    Generating /home/laptop/Workspace/serenity-fork/target/site/apidocs/com/ikokoon/serenity/instrumentation/package-summary.html...
    Generating /home/laptop/Workspace/serenity-fork/target/site/apidocs/com/ikokoon/serenity/instrumentation/package-tree.html...
    Generating /home/laptop/Workspace/serenity-fork/target/site/apidocs/com/ikokoon/serenity/instrumentation/complexity/package-frame.html...
    Generating /home/laptop/Workspace/serenity-fork/target/site/apidocs/com/ikokoon/serenity/instrumentation/complexity/package-summary.html...
    Generating /home/laptop/Workspace/serenity-fork/target/site/apidocs/com/ikokoon/serenity/instrumentation/complexity/package-tree.html...
    Generating /home/laptop/Workspace/serenity-fork/target/site/apidocs/com/ikokoon/serenity/instrumentation/coverage/package-frame.html...
    Generating /home/laptop/Workspace/serenity-fork/target/site/apidocs/com/ikokoon/serenity/instrumentation/coverage/package-summary.html...
    Generating /home/laptop/Workspace/serenity-fork/target/site/apidocs/com/ikokoon/serenity/instrumentation/coverage/package-tree.html...
    Generating /home/laptop/Workspace/serenity-fork/target/site/apidocs/com/ikokoon/serenity/instrumentation/dependency/package-frame.html...
    Generating /home/laptop/Workspace/serenity-fork/target/site/apidocs/com/ikokoon/serenity/instrumentation/dependency/package-summary.html...
    Generating /home/laptop/Workspace/serenity-fork/target/site/apidocs/com/ikokoon/serenity/instrumentation/dependency/package-tree.html...
    Generating /home/laptop/Workspace/serenity-fork/target/site/apidocs/com/ikokoon/serenity/instrumentation/profiling/package-frame.html...
    Generating /home/laptop/Workspace/serenity-fork/target/site/apidocs/com/ikokoon/serenity/instrumentation/profiling/package-summary.html...
    Generating /home/laptop/Workspace/serenity-fork/target/site/apidocs/com/ikokoon/serenity/instrumentation/profiling/package-tree.html...
    Generating /home/laptop/Workspace/serenity-fork/target/site/apidocs/com/ikokoon/serenity/model/package-frame.html...
    Generating /home/laptop/Workspace/serenity-fork/target/site/apidocs/com/ikokoon/serenity/model/package-summary.html...
    Generating /home/laptop/Workspace/serenity-fork/target/site/apidocs/com/ikokoon/serenity/model/package-tree.html...
    Generating /home/laptop/Workspace/serenity-fork/target/site/apidocs/com/ikokoon/serenity/persistence/package-frame.html...
    Generating /home/laptop/Workspace/serenity-fork/target/site/apidocs/com/ikokoon/serenity/persistence/package-summary.html...
    Generating /home/laptop/Workspace/serenity-fork/target/site/apidocs/com/ikokoon/serenity/persistence/package-tree.html...
    Generating /home/laptop/Workspace/serenity-fork/target/site/apidocs/com/ikokoon/serenity/process/package-frame.html...
    Generating /home/laptop/Workspace/serenity-fork/target/site/apidocs/com/ikokoon/serenity/process/package-summary.html...
    Generating /home/laptop/Workspace/serenity-fork/target/site/apidocs/com/ikokoon/serenity/process/package-tree.html...
    Generating /home/laptop/Workspace/serenity-fork/target/site/apidocs/com/ikokoon/serenity/process/aggregator/package-frame.html...
    Generating /home/laptop/Workspace/serenity-fork/target/site/apidocs/com/ikokoon/serenity/process/aggregator/package-summary.html...
    Generating /home/laptop/Workspace/serenity-fork/target/site/apidocs/com/ikokoon/serenity/process/aggregator/package-tree.html...
    Generating /home/laptop/Workspace/serenity-fork/target/site/apidocs/com/ikokoon/toolkit/package-frame.html...
    Generating /home/laptop/Workspace/serenity-fork/target/site/apidocs/com/ikokoon/toolkit/package-summary.html...
    Generating /home/laptop/Workspace/serenity-fork/target/site/apidocs/com/ikokoon/toolkit/package-tree.html...
    Generating /home/laptop/Workspace/serenity-fork/target/site/apidocs/constant-values.html...
    Generating /home/laptop/Workspace/serenity-fork/target/site/apidocs/serialized-form.html...
    Generating /home/laptop/Workspace/serenity-fork/target/site/apidocs/com/ikokoon/toolkit/class-use/ClassLoader.html...
    Generating /home/laptop/Workspace/serenity-fork/target/site/apidocs/com/ikokoon/toolkit/class-use/Executer.html...
    Generating /home/laptop/Workspace/serenity-fork/target/site/apidocs/com/ikokoon/toolkit/class-use/Executer.IPerform.html...
    Generating /home/laptop/Workspace/serenity-fork/target/site/apidocs/com/ikokoon/toolkit/class-use/Toolkit.html...
    Generating /home/laptop/Workspace/serenity-fork/target/site/apidocs/com/ikokoon/toolkit/class-use/Toolkit.IFileFilter.html...
    Generating /home/laptop/Workspace/serenity-fork/target/site/apidocs/com/ikokoon/toolkit/class-use/LoggingConfigurator.html...
    Generating /home/laptop/Workspace/serenity-fork/target/site/apidocs/com/ikokoon/toolkit/class-use/ObjectFactory.html...
    Generating /home/laptop/Workspace/serenity-fork/target/site/apidocs/com/ikokoon/toolkit/class-use/Permutations.html...
    Generating /home/laptop/Workspace/serenity-fork/target/site/apidocs/com/ikokoon/serenity/hudson/class-use/SerenityPlugin.html...
    Generating /home/laptop/Workspace/serenity-fork/target/site/apidocs/com/ikokoon/serenity/hudson/class-use/ISerenityResult.html...
    Generating /home/laptop/Workspace/serenity-fork/target/site/apidocs/com/ikokoon/serenity/hudson/class-use/SerenityResult.html...
    Generating /home/laptop/Workspace/serenity-fork/target/site/apidocs/com/ikokoon/serenity/hudson/class-use/SerenityProjectAction.html...
    Generating /home/laptop/Workspace/serenity-fork/target/site/apidocs/com/ikokoon/serenity/hudson/class-use/SerenityPublisher.html...
    Generating /home/laptop/Workspace/serenity-fork/target/site/apidocs/com/ikokoon/serenity/hudson/class-use/SerenityPublisher.DescriptorImpl.html...
    Generating /home/laptop/Workspace/serenity-fork/target/site/apidocs/com/ikokoon/serenity/hudson/class-use/SerenityBuildAction.html...
    Generating /home/laptop/Workspace/serenity-fork/target/site/apidocs/com/ikokoon/serenity/hudson/modeller/class-use/IModeller.html...
    Generating /home/laptop/Workspace/serenity-fork/target/site/apidocs/com/ikokoon/serenity/hudson/modeller/class-use/HighchartsModeller.html...
    Generating /home/laptop/Workspace/serenity-fork/target/site/apidocs/com/ikokoon/serenity/hudson/modeller/class-use/HighchartsModeller.IConstructor.html...
    Generating /home/laptop/Workspace/serenity-fork/target/site/apidocs/com/ikokoon/serenity/hudson/modeller/class-use/GoogleChartModeller.html...
    Generating /home/laptop/Workspace/serenity-fork/target/site/apidocs/com/ikokoon/serenity/hudson/source/class-use/CoverageSourceCode.html...
    Generating /home/laptop/Workspace/serenity-fork/target/site/apidocs/com/ikokoon/serenity/hudson/source/class-use/ISourceCode.html...
    Generating /home/laptop/Workspace/serenity-fork/target/site/apidocs/com/ikokoon/serenity/hudson/source/class-use/JavaSource2HTMLConverterExt.html...
    Generating /home/laptop/Workspace/serenity-fork/target/site/apidocs/com/ikokoon/serenity/class-use/Messenger.html...
    Generating /home/laptop/Workspace/serenity-fork/target/site/apidocs/com/ikokoon/serenity/class-use/Transformer.html...
    Generating /home/laptop/Workspace/serenity-fork/target/site/apidocs/com/ikokoon/serenity/class-use/Profiler.html...
    Generating /home/laptop/Workspace/serenity-fork/target/site/apidocs/com/ikokoon/serenity/class-use/Configuration.html...
    Generating /home/laptop/Workspace/serenity-fork/target/site/apidocs/com/ikokoon/serenity/class-use/Collector.html...
    Generating /home/laptop/Workspace/serenity-fork/target/site/apidocs/com/ikokoon/serenity/class-use/IConstants.html...
    Generating /home/laptop/Workspace/serenity-fork/target/site/apidocs/com/ikokoon/serenity/model/class-use/Package.html...
    Generating /home/laptop/Workspace/serenity-fork/target/site/apidocs/com/ikokoon/serenity/model/class-use/Snapshot.html...
    Generating /home/laptop/Workspace/serenity-fork/target/site/apidocs/com/ikokoon/serenity/model/class-use/Composite.html...
    Generating /home/laptop/Workspace/serenity-fork/target/site/apidocs/com/ikokoon/serenity/model/class-use/Efferent.html...
    Generating /home/laptop/Workspace/serenity-fork/target/site/apidocs/com/ikokoon/serenity/model/class-use/Line.html...
    Generating /home/laptop/Workspace/serenity-fork/target/site/apidocs/com/ikokoon/serenity/model/class-use/Unique.html...
    Generating /home/laptop/Workspace/serenity-fork/target/site/apidocs/com/ikokoon/serenity/model/class-use/Afferent.html...
    Generating /home/laptop/Workspace/serenity-fork/target/site/apidocs/com/ikokoon/serenity/model/class-use/Project.html...
    Generating /home/laptop/Workspace/serenity-fork/target/site/apidocs/com/ikokoon/serenity/model/class-use/Class.html...
    Generating /home/laptop/Workspace/serenity-fork/target/site/apidocs/com/ikokoon/serenity/model/class-use/Method.html...
    Generating /home/laptop/Workspace/serenity-fork/target/site/apidocs/com/ikokoon/serenity/persistence/class-use/DataBaseRam.html...
    Generating /home/laptop/Workspace/serenity-fork/target/site/apidocs/com/ikokoon/serenity/persistence/class-use/DataBaseOdb.html...
    Generating /home/laptop/Workspace/serenity-fork/target/site/apidocs/com/ikokoon/serenity/persistence/class-use/DataBase.html...
    Generating /home/laptop/Workspace/serenity-fork/target/site/apidocs/com/ikokoon/serenity/persistence/class-use/DataBaseEvent.html...
    Generating /home/laptop/Workspace/serenity-fork/target/site/apidocs/com/ikokoon/serenity/persistence/class-use/IDataBase.html...
    Generating /home/laptop/Workspace/serenity-fork/target/site/apidocs/com/ikokoon/serenity/persistence/class-use/IDataBase.DataBaseManager.html...
    Generating /home/laptop/Workspace/serenity-fork/target/site/apidocs/com/ikokoon/serenity/persistence/class-use/DataBaseToolkit.html...
    Generating /home/laptop/Workspace/serenity-fork/target/site/apidocs/com/ikokoon/serenity/persistence/class-use/DataBaseToolkit.Executer.html...
    Generating /home/laptop/Workspace/serenity-fork/target/site/apidocs/com/ikokoon/serenity/persistence/class-use/DataBaseToolkit.ICriteria.html...
    Generating /home/laptop/Workspace/serenity-fork/target/site/apidocs/com/ikokoon/serenity/persistence/class-use/IDataBaseListener.html...
    Generating /home/laptop/Workspace/serenity-fork/target/site/apidocs/com/ikokoon/serenity/persistence/class-use/IDataBaseEvent.html...
    Generating /home/laptop/Workspace/serenity-fork/target/site/apidocs/com/ikokoon/serenity/persistence/class-use/IDataBaseEvent.Type.html...
    Generating /home/laptop/Workspace/serenity-fork/target/site/apidocs/com/ikokoon/serenity/instrumentation/class-use/VisitorFactory.html...
    Generating /home/laptop/Workspace/serenity-fork/target/site/apidocs/com/ikokoon/serenity/instrumentation/profiling/class-use/ProfilingClassAdviceAdapter.html...
    Generating /home/laptop/Workspace/serenity-fork/target/site/apidocs/com/ikokoon/serenity/instrumentation/profiling/class-use/ProfilingMethodAdapter.html...
    Generating /home/laptop/Workspace/serenity-fork/target/site/apidocs/com/ikokoon/serenity/instrumentation/profiling/class-use/ProfilingClassAdapter.html...
    Generating /home/laptop/Workspace/serenity-fork/target/site/apidocs/com/ikokoon/serenity/instrumentation/profiling/class-use/ProfilingMethodAdviceAdapter.html...
    Generating /home/laptop/Workspace/serenity-fork/target/site/apidocs/com/ikokoon/serenity/instrumentation/dependency/class-use/DependencyClassAdapter.html...
    Generating /home/laptop/Workspace/serenity-fork/target/site/apidocs/com/ikokoon/serenity/instrumentation/dependency/class-use/DependencyFieldAdapter.html...
    Generating /home/laptop/Workspace/serenity-fork/target/site/apidocs/com/ikokoon/serenity/instrumentation/dependency/class-use/DependencySignatureAdapter.html...
    Generating /home/laptop/Workspace/serenity-fork/target/site/apidocs/com/ikokoon/serenity/instrumentation/dependency/class-use/DependencyAnnotationAdapter.html...
    Generating /home/laptop/Workspace/serenity-fork/target/site/apidocs/com/ikokoon/serenity/instrumentation/dependency/class-use/DependencyMethodAdapter.html...
    Generating /home/laptop/Workspace/serenity-fork/target/site/apidocs/com/ikokoon/serenity/instrumentation/complexity/class-use/ComplexityMethodAdapter.html...
    Generating /home/laptop/Workspace/serenity-fork/target/site/apidocs/com/ikokoon/serenity/instrumentation/complexity/class-use/ComplexityClassAdapter.html...
    Generating /home/laptop/Workspace/serenity-fork/target/site/apidocs/com/ikokoon/serenity/instrumentation/coverage/class-use/CoverageClassAdapterExt.html...
    Generating /home/laptop/Workspace/serenity-fork/target/site/apidocs/com/ikokoon/serenity/instrumentation/coverage/class-use/CoverageClassAdapter.html...
    Generating /home/laptop/Workspace/serenity-fork/target/site/apidocs/com/ikokoon/serenity/instrumentation/coverage/class-use/CoverageMethodAdapterExt.html...
    Generating /home/laptop/Workspace/serenity-fork/target/site/apidocs/com/ikokoon/serenity/instrumentation/coverage/class-use/CoverageMethodAdapter.html...
    Generating /home/laptop/Workspace/serenity-fork/target/site/apidocs/com/ikokoon/serenity/process/class-use/Listener.html...
    Generating /home/laptop/Workspace/serenity-fork/target/site/apidocs/com/ikokoon/serenity/process/class-use/Reporter.html...
    Generating /home/laptop/Workspace/serenity-fork/target/site/apidocs/com/ikokoon/serenity/process/class-use/Aggregator.html...
    Generating /home/laptop/Workspace/serenity-fork/target/site/apidocs/com/ikokoon/serenity/process/class-use/Accumulator.html...
    Generating /home/laptop/Workspace/serenity-fork/target/site/apidocs/com/ikokoon/serenity/process/class-use/Snapshooter.html...
    Generating /home/laptop/Workspace/serenity-fork/target/site/apidocs/com/ikokoon/serenity/process/class-use/Pruner.html...
    Generating /home/laptop/Workspace/serenity-fork/target/site/apidocs/com/ikokoon/serenity/process/class-use/Cleaner.html...
    Generating /home/laptop/Workspace/serenity-fork/target/site/apidocs/com/ikokoon/serenity/process/class-use/AProcess.html...
    Generating /home/laptop/Workspace/serenity-fork/target/site/apidocs/com/ikokoon/serenity/process/class-use/IProcess.html...
    Generating /home/laptop/Workspace/serenity-fork/target/site/apidocs/com/ikokoon/serenity/process/aggregator/class-use/ProjectAggregator.html...
    Generating /home/laptop/Workspace/serenity-fork/target/site/apidocs/com/ikokoon/serenity/process/aggregator/class-use/ClassAggregator.html...
    Generating /home/laptop/Workspace/serenity-fork/target/site/apidocs/com/ikokoon/serenity/process/aggregator/class-use/PackageAggregator.html...
    Generating /home/laptop/Workspace/serenity-fork/target/site/apidocs/com/ikokoon/serenity/process/aggregator/class-use/AAggregator.html...
    Generating /home/laptop/Workspace/serenity-fork/target/site/apidocs/com/ikokoon/serenity/process/aggregator/class-use/IAggregator.html...
    Generating /home/laptop/Workspace/serenity-fork/target/site/apidocs/com/ikokoon/serenity/process/aggregator/class-use/MethodAggregator.html...
    Generating /home/laptop/Workspace/serenity-fork/target/site/apidocs/com/ikokoon/serenity/package-use.html...
    Generating /home/laptop/Workspace/serenity-fork/target/site/apidocs/com/ikokoon/serenity/hudson/package-use.html...
    Generating /home/laptop/Workspace/serenity-fork/target/site/apidocs/com/ikokoon/serenity/hudson/modeller/package-use.html...
    Generating /home/laptop/Workspace/serenity-fork/target/site/apidocs/com/ikokoon/serenity/hudson/source/package-use.html...
    Generating /home/laptop/Workspace/serenity-fork/target/site/apidocs/com/ikokoon/serenity/instrumentation/package-use.html...
    Generating /home/laptop/Workspace/serenity-fork/target/site/apidocs/com/ikokoon/serenity/instrumentation/complexity/package-use.html...
    Generating /home/laptop/Workspace/serenity-fork/target/site/apidocs/com/ikokoon/serenity/instrumentation/coverage/package-use.html...
    Generating /home/laptop/Workspace/serenity-fork/target/site/apidocs/com/ikokoon/serenity/instrumentation/dependency/package-use.html...
    Generating /home/laptop/Workspace/serenity-fork/target/site/apidocs/com/ikokoon/serenity/instrumentation/profiling/package-use.html...
    Generating /home/laptop/Workspace/serenity-fork/target/site/apidocs/com/ikokoon/serenity/model/package-use.html...
    Generating /home/laptop/Workspace/serenity-fork/target/site/apidocs/com/ikokoon/serenity/persistence/package-use.html...
    Generating /home/laptop/Workspace/serenity-fork/target/site/apidocs/com/ikokoon/serenity/process/package-use.html...
    Generating /home/laptop/Workspace/serenity-fork/target/site/apidocs/com/ikokoon/serenity/process/aggregator/package-use.html...
    Generating /home/laptop/Workspace/serenity-fork/target/site/apidocs/com/ikokoon/toolkit/package-use.html...
    Building index for all the packages and classes...
    Generating /home/laptop/Workspace/serenity-fork/target/site/apidocs/overview-tree.html...
    Generating /home/laptop/Workspace/serenity-fork/target/site/apidocs/index-all.html...
    Generating /home/laptop/Workspace/serenity-fork/target/site/apidocs/deprecated-list.html...
    Building index for all classes...
    Generating /home/laptop/Workspace/serenity-fork/target/site/apidocs/allclasses-frame.html...
    Generating /home/laptop/Workspace/serenity-fork/target/site/apidocs/allclasses-noframe.html...
    Generating /home/laptop/Workspace/serenity-fork/target/site/apidocs/index.html...
    Generating /home/laptop/Workspace/serenity-fork/target/site/apidocs/overview-summary.html...
    Generating /home/laptop/Workspace/serenity-fork/target/site/apidocs/help-doc.html...
    3 warnings
    [WARNING] Javadoc Warnings
    [WARNING] /home/laptop/Workspace/serenity-fork/src/main/java/com/ikokoon/serenity/hudson/SerenityPlugin.java:22: warning: empty <p> tag
    [WARNING] * <p>
    [WARNING] ^
    [WARNING] /home/laptop/Workspace/serenity-fork/src/main/java/com/ikokoon/serenity/Collector.java:62: warning: no @param for methodName
    [WARNING] public static void collectAllocation(final String className, final String methodName, final String methodDescription) {
    [WARNING] ^
    [WARNING] /home/laptop/Workspace/serenity-fork/src/main/java/com/ikokoon/serenity/Collector.java:62: warning: no @param for methodDescription
    [WARNING] public static void collectAllocation(final String className, final String methodName, final String methodDescription) {
    [WARNING] ^
    [INFO] 
    [INFO] --- maven-resources-plugin:2.7:resources (default-resources) @ serenity ---
    [INFO] Using 'UTF8' encoding to copy filtered resources.
    [INFO] Copying 15 resources
    [INFO] 
    [INFO] --- maven-compiler-plugin:3.3:compile (default-compile) @ serenity ---
    [INFO] Changes detected - recompiling the module!
    [INFO] Compiling 73 source files to /home/laptop/Workspace/serenity-fork/target/classes
    [INFO] /home/laptop/Workspace/serenity-fork/src/main/java/com/ikokoon/serenity/instrumentation/profiling/ProfilingMethodAdapter.java: Some input files use or override a deprecated API.
    [INFO] /home/laptop/Workspace/serenity-fork/src/main/java/com/ikokoon/serenity/instrumentation/profiling/ProfilingMethodAdapter.java: Recompile with -Xlint:deprecation for details.
    [INFO] /home/laptop/Workspace/serenity-fork/src/main/java/com/ikokoon/serenity/Collector.java: Some input files use unchecked or unsafe operations.
    [INFO] /home/laptop/Workspace/serenity-fork/src/main/java/com/ikokoon/serenity/Collector.java: Recompile with -Xlint:unchecked for details.
    [INFO] 
    [INFO] --- access-modifier-checker:1.7:enforce (default-enforce) @ serenity ---
    [INFO] 
    [INFO] --- animal-sniffer-maven-plugin:1.14:check (check) @ serenity ---
    [INFO] Resolved signature org.codehaus.mojo.signature:java17 version as 1.0 from dependencyManagement
    [INFO] Checking unresolved references to org.codehaus.mojo.signature:java17:1.0
    [INFO] 
    [INFO] --- maven-hpi-plugin:1.117:insert-test (default-insert-test) @ serenity ---
    [INFO] 
    [INFO] --- gmaven-plugin:1.5-jenkins-3:generateTestStubs (test-in-groovy) @ serenity ---
    [INFO] No sources found for Java stub generation
    [INFO] 
    [INFO] --- maven-resources-plugin:2.7:testResources (default-testResources) @ serenity ---
    [INFO] Using 'UTF8' encoding to copy filtered resources.
    [INFO] Copying 12 resources
    [INFO] 
    [INFO] --- maven-compiler-plugin:3.3:testCompile (default-testCompile) @ serenity ---
    [INFO] Changes detected - recompiling the module!
    [INFO] Compiling 47 source files to /home/laptop/Workspace/serenity-fork/target/test-classes
    [INFO] /home/laptop/Workspace/serenity-fork/target/generated-test-sources/injected/InjectedTest.java: /home/laptop/Workspace/serenity-fork/target/generated-test-sources/injected/InjectedTest.java uses unchecked or unsafe operations.
    [INFO] /home/laptop/Workspace/serenity-fork/target/generated-test-sources/injected/InjectedTest.java: Recompile with -Xlint:unchecked for details.
    [INFO] 
    [INFO] --- maven-hpi-plugin:1.117:test-hpl (default-test-hpl) @ serenity ---
    [INFO] Generating /home/laptop/Workspace/serenity-fork/target/test-classes/the.hpl
    [INFO] 
    [INFO] --- maven-hpi-plugin:1.117:resolve-test-dependencies (default-resolve-test-dependencies) @ serenity ---
    [INFO] 
    [INFO] --- gmaven-plugin:1.5-jenkins-3:testCompile (test-in-groovy) @ serenity ---
    [INFO] No sources found to compile
    [INFO] 
    [INFO] --- maven-surefire-plugin:2.19.1:test (default-test) @ serenity ---
    
    -------------------------------------------------------
     T E S T S
    -------------------------------------------------------
    Running InjectedTest
    Running com.ikokoon.toolkit.DataBaseToolkitTest
    Running com.ikokoon.toolkit.ObjectFactoryTest
    Running com.ikokoon.toolkit.PermutationsTest
    Running com.ikokoon.toolkit.TypeTest
    Running com.ikokoon.serenity.ProfilerTest
    Running com.ikokoon.toolkit.ToolkitTest
    Running com.ikokoon.serenity.hudson.SerenityPublisherTest
    Tests run: 1, Failures: 0, Errors: 0, Skipped: 1, Time elapsed: 0.468 sec - in com.ikokoon.toolkit.DataBaseToolkitTest
    Running com.ikokoon.serenity.hudson.modeller.ModellerTest
    Tests run: 3, Failures: 0, Errors: 0, Skipped: 0, Time elapsed: 0.73 sec - in com.ikokoon.serenity.hudson.modeller.ModellerTest
    Running com.ikokoon.serenity.hudson.modeller.GoogleChartModellerTest
    Tests run: 1, Failures: 0, Errors: 0, Skipped: 0, Time elapsed: 1.3 sec - in com.ikokoon.toolkit.PermutationsTest
    Running com.ikokoon.serenity.hudson.source.CoverageSourceCodeTest
    Tests run: 1, Failures: 0, Errors: 0, Skipped: 0, Time elapsed: 1.287 sec - in com.ikokoon.toolkit.TypeTest
    Running com.ikokoon.serenity.CollectorTest
    Tests run: 1, Failures: 0, Errors: 0, Skipped: 0, Time elapsed: 1.44 sec - in com.ikokoon.toolkit.ObjectFactoryTest
    Running com.ikokoon.serenity.persistence.DataBaseToolkitTest
    Tests run: 1, Failures: 0, Errors: 0, Skipped: 0, Time elapsed: 0.339 sec - in com.ikokoon.serenity.hudson.modeller.GoogleChartModellerTest
    Running com.ikokoon.serenity.persistence.DataBaseRamTest
    Tests run: 1, Failures: 0, Errors: 0, Skipped: 0, Time elapsed: 0.156 sec - in com.ikokoon.serenity.hudson.source.CoverageSourceCodeTest
    Tests run: 8, Failures: 0, Errors: 0, Skipped: 0, Time elapsed: 1.366 sec - in com.ikokoon.toolkit.ToolkitTest
    Running com.ikokoon.serenity.persistence.DataBaseOdbTest
    Running com.ikokoon.serenity.persistence.DataBaseManagerTest
    Tests run: 1, Failures: 0, Errors: 0, Skipped: 0, Time elapsed: 0.257 sec - in com.ikokoon.serenity.persistence.DataBaseManagerTest
    Running com.ikokoon.serenity.instrumentation.dependency.DependencyTest
    Tests run: 5, Failures: 0, Errors: 0, Skipped: 0, Time elapsed: 0.427 sec - in com.ikokoon.serenity.CollectorTest
    Running com.ikokoon.serenity.instrumentation.complexity.ComplexityTest
    Tests run: 1, Failures: 0, Errors: 0, Skipped: 0, Time elapsed: 0.157 sec - in com.ikokoon.serenity.instrumentation.complexity.ComplexityTest
    Running com.ikokoon.serenity.instrumentation.VisitorFactoryTest
    Tests run: 6, Failures: 0, Errors: 0, Skipped: 0, Time elapsed: 0.799 sec - in com.ikokoon.serenity.persistence.DataBaseOdbTest
    Running com.ikokoon.serenity.instrumentation.InstrumentationTest
    Tests run: 3, Failures: 0, Errors: 0, Skipped: 0, Time elapsed: 0.605 sec - in com.ikokoon.serenity.instrumentation.dependency.DependencyTest
    Running com.ikokoon.serenity.instrumentation.coverage.CoverageTest
    Tests run: 1, Failures: 0, Errors: 0, Skipped: 0, Time elapsed: 0.446 sec - in com.ikokoon.serenity.instrumentation.VisitorFactoryTest
    Running com.ikokoon.serenity.instrumentation.coverage.CoverageClassAdapterExtTest
    Tests run: 1, Failures: 0, Errors: 0, Skipped: 0, Time elapsed: 0.029 sec - in com.ikokoon.serenity.instrumentation.coverage.CoverageClassAdapterExtTest
    Running com.ikokoon.serenity.TransformerTest
    Tests run: 3, Failures: 0, Errors: 0, Skipped: 0, Time elapsed: 0.27 sec - in com.ikokoon.serenity.TransformerTest
    Running com.ikokoon.serenity.process.AccumulatorTest
    Tests run: 1, Failures: 0, Errors: 0, Skipped: 0, Time elapsed: 0.471 sec - in com.ikokoon.serenity.instrumentation.coverage.CoverageTest
    Running com.ikokoon.serenity.process.PrunerTest
    Tests run: 4, Failures: 0, Errors: 0, Skipped: 0, Time elapsed: 1.257 sec - in com.ikokoon.serenity.instrumentation.InstrumentationTest
    Running com.ikokoon.serenity.process.CleanerTest
    Tests run: 1, Failures: 0, Errors: 0, Skipped: 0, Time elapsed: 1.177 sec - in com.ikokoon.serenity.process.CleanerTest
    Running com.ikokoon.serenity.process.ReporterTest
    Tests run: 1, Failures: 0, Errors: 0, Skipped: 1, Time elapsed: 0.016 sec - in com.ikokoon.serenity.process.ReporterTest
    Running com.ikokoon.serenity.process.AggregatorTest
    Tests run: 8, Failures: 0, Errors: 0, Skipped: 0, Time elapsed: 4.647 sec - in com.ikokoon.serenity.persistence.DataBaseRamTest
    Running com.ikokoon.serenity.process.ListenerTest
    Tests run: 1, Failures: 0, Errors: 0, Skipped: 1, Time elapsed: 0.001 sec - in com.ikokoon.serenity.process.ListenerTest
    Tests run: 1, Failures: 0, Errors: 0, Skipped: 0, Time elapsed: 7.443 sec - in com.ikokoon.serenity.process.PrunerTest
    Tests run: 3, Failures: 0, Errors: 0, Skipped: 0, Time elapsed: 10.446 sec - in com.ikokoon.serenity.persistence.DataBaseToolkitTest
    Tests run: 10, Failures: 0, Errors: 0, Skipped: 0, Time elapsed: 12.154 sec - in com.ikokoon.serenity.ProfilerTest
    Tests run: 3, Failures: 0, Errors: 0, Skipped: 0, Time elapsed: 9.694 sec - in com.ikokoon.serenity.process.AccumulatorTest
    Tests run: 14, Failures: 0, Errors: 0, Skipped: 0, Time elapsed: 24.948 sec - in InjectedTest
    Tests run: 6, Failures: 0, Errors: 0, Skipped: 0, Time elapsed: 23.044 sec - in com.ikokoon.serenity.process.AggregatorTest
    Tests run: 3, Failures: 0, Errors: 0, Skipped: 0, Time elapsed: 57.925 sec - in com.ikokoon.serenity.hudson.SerenityPublisherTest
    
    Results :
    
    Tests run: 94, Failures: 0, Errors: 0, Skipped: 3
    
    [INFO] 
    [INFO] --- maven-license-plugin:1.7:process (default) @ serenity ---
    [INFO] Generated /home/laptop/Workspace/serenity-fork/target/serenity/WEB-INF/licenses.xml
    [INFO] 
    [INFO] --- maven-hpi-plugin:1.117:hpi (default-hpi) @ serenity ---
    [INFO] Generating /home/laptop/Workspace/serenity-fork/target/serenity/META-INF/MANIFEST.MF
    [INFO] Checking for attached .jar artifact ...
    [INFO] Generating jar /home/laptop/Workspace/serenity-fork/target/serenity.jar
    [INFO] Building jar: /home/laptop/Workspace/serenity-fork/target/serenity.jar
    [INFO] Exploding webapp...
    [INFO] Copy webapp webResources to /home/laptop/Workspace/serenity-fork/target/serenity
    [INFO] Assembling webapp serenity in /home/laptop/Workspace/serenity-fork/target/serenity
    [INFO] Generating hpi /home/laptop/Workspace/serenity-fork/target/serenity.hpi
    [INFO] Building jar: /home/laptop/Workspace/serenity-fork/target/serenity.hpi
    [INFO] 
    [INFO] --- maven-javadoc-plugin:2.10.2:jar (attach-javadocs) @ serenity ---
    [INFO] 
    Loading source files for package com.ikokoon.toolkit...
    Loading source files for package com.ikokoon.serenity.hudson...
    Loading source files for package com.ikokoon.serenity.hudson.modeller...
    Loading source files for package com.ikokoon.serenity.hudson.source...
    Loading source files for package com.ikokoon.serenity...
    Loading source files for package com.ikokoon.serenity.model...
    Loading source files for package com.ikokoon.serenity.persistence...
    Loading source files for package com.ikokoon.serenity.instrumentation...
    Loading source files for package com.ikokoon.serenity.instrumentation.profiling...
    Loading source files for package com.ikokoon.serenity.instrumentation.dependency...
    Loading source files for package com.ikokoon.serenity.instrumentation.complexity...
    Loading source files for package com.ikokoon.serenity.instrumentation.coverage...
    Loading source files for package com.ikokoon.serenity.process...
    Loading source files for package com.ikokoon.serenity.process.aggregator...
    Constructing Javadoc information...
    Standard Doclet version 1.8.0_91
    Building tree for all the packages and classes...
    Generating /home/laptop/Workspace/serenity-fork/target/apidocs/com/ikokoon/toolkit/ClassLoader.html...
    Generating /home/laptop/Workspace/serenity-fork/target/apidocs/com/ikokoon/toolkit/Executer.html...
    Generating /home/laptop/Workspace/serenity-fork/target/apidocs/com/ikokoon/toolkit/Executer.IPerform.html...
    Generating /home/laptop/Workspace/serenity-fork/target/apidocs/com/ikokoon/toolkit/LoggingConfigurator.html...
    Generating /home/laptop/Workspace/serenity-fork/target/apidocs/com/ikokoon/toolkit/ObjectFactory.html...
    Generating /home/laptop/Workspace/serenity-fork/target/apidocs/com/ikokoon/toolkit/Permutations.html...
    Generating /home/laptop/Workspace/serenity-fork/target/apidocs/com/ikokoon/toolkit/Toolkit.html...
    Generating /home/laptop/Workspace/serenity-fork/target/apidocs/com/ikokoon/toolkit/Toolkit.IFileFilter.html...
    Generating /home/laptop/Workspace/serenity-fork/target/apidocs/com/ikokoon/serenity/hudson/ISerenityResult.html...
    Generating /home/laptop/Workspace/serenity-fork/target/apidocs/com/ikokoon/serenity/hudson/SerenityBuildAction.html...
    Generating /home/laptop/Workspace/serenity-fork/target/apidocs/com/ikokoon/serenity/hudson/SerenityPlugin.html...
    Generating /home/laptop/Workspace/serenity-fork/target/apidocs/com/ikokoon/serenity/hudson/SerenityProjectAction.html...
    Generating /home/laptop/Workspace/serenity-fork/target/apidocs/com/ikokoon/serenity/hudson/SerenityPublisher.html...
    Generating /home/laptop/Workspace/serenity-fork/target/apidocs/com/ikokoon/serenity/hudson/SerenityPublisher.DescriptorImpl.html...
    Generating /home/laptop/Workspace/serenity-fork/target/apidocs/com/ikokoon/serenity/hudson/SerenityResult.html...
    Generating /home/laptop/Workspace/serenity-fork/target/apidocs/com/ikokoon/serenity/hudson/modeller/GoogleChartModeller.html...
    Generating /home/laptop/Workspace/serenity-fork/target/apidocs/com/ikokoon/serenity/hudson/modeller/HighchartsModeller.html...
    Generating /home/laptop/Workspace/serenity-fork/target/apidocs/com/ikokoon/serenity/hudson/modeller/HighchartsModeller.IConstructor.html...
    Generating /home/laptop/Workspace/serenity-fork/target/apidocs/com/ikokoon/serenity/hudson/modeller/IModeller.html...
    Generating /home/laptop/Workspace/serenity-fork/target/apidocs/com/ikokoon/serenity/hudson/source/CoverageSourceCode.html...
    Generating /home/laptop/Workspace/serenity-fork/target/apidocs/com/ikokoon/serenity/hudson/source/ISourceCode.html...
    Generating /home/laptop/Workspace/serenity-fork/target/apidocs/com/ikokoon/serenity/hudson/source/JavaSource2HTMLConverterExt.html...
    Generating /home/laptop/Workspace/serenity-fork/target/apidocs/com/ikokoon/serenity/Collector.html...
    Generating /home/laptop/Workspace/serenity-fork/target/apidocs/com/ikokoon/serenity/Configuration.html...
    Generating /home/laptop/Workspace/serenity-fork/target/apidocs/com/ikokoon/serenity/IConstants.html...
    Generating /home/laptop/Workspace/serenity-fork/target/apidocs/com/ikokoon/serenity/Messenger.html...
    Generating /home/laptop/Workspace/serenity-fork/target/apidocs/com/ikokoon/serenity/Profiler.html...
    Generating /home/laptop/Workspace/serenity-fork/target/apidocs/com/ikokoon/serenity/Transformer.html...
    Generating /home/laptop/Workspace/serenity-fork/target/apidocs/com/ikokoon/serenity/model/Afferent.html...
    Generating /home/laptop/Workspace/serenity-fork/target/apidocs/com/ikokoon/serenity/model/Class.html...
    Generating /home/laptop/Workspace/serenity-fork/target/apidocs/com/ikokoon/serenity/model/Composite.html...
    Generating /home/laptop/Workspace/serenity-fork/target/apidocs/com/ikokoon/serenity/model/Efferent.html...
    Generating /home/laptop/Workspace/serenity-fork/target/apidocs/com/ikokoon/serenity/model/Line.html...
    Generating /home/laptop/Workspace/serenity-fork/target/apidocs/com/ikokoon/serenity/model/Method.html...
    Generating /home/laptop/Workspace/serenity-fork/target/apidocs/com/ikokoon/serenity/model/Package.html...
    Generating /home/laptop/Workspace/serenity-fork/target/apidocs/com/ikokoon/serenity/model/Project.html...
    Generating /home/laptop/Workspace/serenity-fork/target/apidocs/com/ikokoon/serenity/model/Snapshot.html...
    Generating /home/laptop/Workspace/serenity-fork/target/apidocs/com/ikokoon/serenity/model/Unique.html...
    Generating /home/laptop/Workspace/serenity-fork/target/apidocs/com/ikokoon/serenity/persistence/DataBase.html...
    Generating /home/laptop/Workspace/serenity-fork/target/apidocs/com/ikokoon/serenity/persistence/DataBaseEvent.html...
    Generating /home/laptop/Workspace/serenity-fork/target/apidocs/com/ikokoon/serenity/persistence/DataBaseOdb.html...
    Generating /home/laptop/Workspace/serenity-fork/target/apidocs/com/ikokoon/serenity/persistence/DataBaseRam.html...
    Generating /home/laptop/Workspace/serenity-fork/target/apidocs/com/ikokoon/serenity/persistence/DataBaseToolkit.html...
    Generating /home/laptop/Workspace/serenity-fork/target/apidocs/com/ikokoon/serenity/persistence/DataBaseToolkit.Executer.html...
    Generating /home/laptop/Workspace/serenity-fork/target/apidocs/com/ikokoon/serenity/persistence/DataBaseToolkit.ICriteria.html...
    Generating /home/laptop/Workspace/serenity-fork/target/apidocs/com/ikokoon/serenity/persistence/IDataBase.html...
    Generating /home/laptop/Workspace/serenity-fork/target/apidocs/com/ikokoon/serenity/persistence/IDataBase.DataBaseManager.html...
    Generating /home/laptop/Workspace/serenity-fork/target/apidocs/com/ikokoon/serenity/persistence/IDataBaseEvent.html...
    Generating /home/laptop/Workspace/serenity-fork/target/apidocs/com/ikokoon/serenity/persistence/IDataBaseEvent.Type.html...
    Generating /home/laptop/Workspace/serenity-fork/target/apidocs/com/ikokoon/serenity/persistence/IDataBaseListener.html...
    Generating /home/laptop/Workspace/serenity-fork/target/apidocs/com/ikokoon/serenity/instrumentation/VisitorFactory.html...
    Generating /home/laptop/Workspace/serenity-fork/target/apidocs/com/ikokoon/serenity/instrumentation/profiling/ProfilingClassAdapter.html...
    Generating /home/laptop/Workspace/serenity-fork/target/apidocs/com/ikokoon/serenity/instrumentation/profiling/ProfilingClassAdviceAdapter.html...
    Generating /home/laptop/Workspace/serenity-fork/target/apidocs/com/ikokoon/serenity/instrumentation/profiling/ProfilingMethodAdapter.html...
    Generating /home/laptop/Workspace/serenity-fork/target/apidocs/com/ikokoon/serenity/instrumentation/profiling/ProfilingMethodAdviceAdapter.html...
    Generating /home/laptop/Workspace/serenity-fork/target/apidocs/com/ikokoon/serenity/instrumentation/dependency/DependencyAnnotationAdapter.html...
    Generating /home/laptop/Workspace/serenity-fork/target/apidocs/com/ikokoon/serenity/instrumentation/dependency/DependencyClassAdapter.html...
    Generating /home/laptop/Workspace/serenity-fork/target/apidocs/com/ikokoon/serenity/instrumentation/dependency/DependencyFieldAdapter.html...
    Generating /home/laptop/Workspace/serenity-fork/target/apidocs/com/ikokoon/serenity/instrumentation/dependency/DependencyMethodAdapter.html...
    Generating /home/laptop/Workspace/serenity-fork/target/apidocs/com/ikokoon/serenity/instrumentation/dependency/DependencySignatureAdapter.html...
    Generating /home/laptop/Workspace/serenity-fork/target/apidocs/com/ikokoon/serenity/instrumentation/complexity/ComplexityClassAdapter.html...
    Generating /home/laptop/Workspace/serenity-fork/target/apidocs/com/ikokoon/serenity/instrumentation/complexity/ComplexityMethodAdapter.html...
    Generating /home/laptop/Workspace/serenity-fork/target/apidocs/com/ikokoon/serenity/instrumentation/coverage/CoverageClassAdapter.html...
    Generating /home/laptop/Workspace/serenity-fork/target/apidocs/com/ikokoon/serenity/instrumentation/coverage/CoverageClassAdapterExt.html...
    Generating /home/laptop/Workspace/serenity-fork/target/apidocs/com/ikokoon/serenity/instrumentation/coverage/CoverageMethodAdapter.html...
    Generating /home/laptop/Workspace/serenity-fork/target/apidocs/com/ikokoon/serenity/instrumentation/coverage/CoverageMethodAdapterExt.html...
    Generating /home/laptop/Workspace/serenity-fork/target/apidocs/com/ikokoon/serenity/process/Accumulator.html...
    Generating /home/laptop/Workspace/serenity-fork/target/apidocs/com/ikokoon/serenity/process/Aggregator.html...
    Generating /home/laptop/Workspace/serenity-fork/target/apidocs/com/ikokoon/serenity/process/AProcess.html...
    Generating /home/laptop/Workspace/serenity-fork/target/apidocs/com/ikokoon/serenity/process/Cleaner.html...
    Generating /home/laptop/Workspace/serenity-fork/target/apidocs/com/ikokoon/serenity/process/IProcess.html...
    Generating /home/laptop/Workspace/serenity-fork/target/apidocs/com/ikokoon/serenity/process/Listener.html...
    Generating /home/laptop/Workspace/serenity-fork/target/apidocs/com/ikokoon/serenity/process/Pruner.html...
    Generating /home/laptop/Workspace/serenity-fork/target/apidocs/com/ikokoon/serenity/process/Reporter.html...
    Generating /home/laptop/Workspace/serenity-fork/target/apidocs/com/ikokoon/serenity/process/Snapshooter.html...
    Generating /home/laptop/Workspace/serenity-fork/target/apidocs/com/ikokoon/serenity/process/aggregator/AAggregator.html...
    Generating /home/laptop/Workspace/serenity-fork/target/apidocs/com/ikokoon/serenity/process/aggregator/ClassAggregator.html...
    Generating /home/laptop/Workspace/serenity-fork/target/apidocs/com/ikokoon/serenity/process/aggregator/IAggregator.html...
    Generating /home/laptop/Workspace/serenity-fork/target/apidocs/com/ikokoon/serenity/process/aggregator/MethodAggregator.html...
    Generating /home/laptop/Workspace/serenity-fork/target/apidocs/com/ikokoon/serenity/process/aggregator/PackageAggregator.html...
    Generating /home/laptop/Workspace/serenity-fork/target/apidocs/com/ikokoon/serenity/process/aggregator/ProjectAggregator.html...
    Generating /home/laptop/Workspace/serenity-fork/target/apidocs/overview-frame.html...
    Generating /home/laptop/Workspace/serenity-fork/target/apidocs/com/ikokoon/serenity/package-frame.html...
    Generating /home/laptop/Workspace/serenity-fork/target/apidocs/com/ikokoon/serenity/package-summary.html...
    Generating /home/laptop/Workspace/serenity-fork/target/apidocs/com/ikokoon/serenity/package-tree.html...
    Generating /home/laptop/Workspace/serenity-fork/target/apidocs/com/ikokoon/serenity/hudson/package-frame.html...
    Generating /home/laptop/Workspace/serenity-fork/target/apidocs/com/ikokoon/serenity/hudson/package-summary.html...
    Generating /home/laptop/Workspace/serenity-fork/target/apidocs/com/ikokoon/serenity/hudson/package-tree.html...
    Generating /home/laptop/Workspace/serenity-fork/target/apidocs/com/ikokoon/serenity/hudson/modeller/package-frame.html...
    Generating /home/laptop/Workspace/serenity-fork/target/apidocs/com/ikokoon/serenity/hudson/modeller/package-summary.html...
    Generating /home/laptop/Workspace/serenity-fork/target/apidocs/com/ikokoon/serenity/hudson/modeller/package-tree.html...
    Generating /home/laptop/Workspace/serenity-fork/target/apidocs/com/ikokoon/serenity/hudson/source/package-frame.html...
    Generating /home/laptop/Workspace/serenity-fork/target/apidocs/com/ikokoon/serenity/hudson/source/package-summary.html...
    Generating /home/laptop/Workspace/serenity-fork/target/apidocs/com/ikokoon/serenity/hudson/source/package-tree.html...
    Generating /home/laptop/Workspace/serenity-fork/target/apidocs/com/ikokoon/serenity/instrumentation/package-frame.html...
    Generating /home/laptop/Workspace/serenity-fork/target/apidocs/com/ikokoon/serenity/instrumentation/package-summary.html...
    Generating /home/laptop/Workspace/serenity-fork/target/apidocs/com/ikokoon/serenity/instrumentation/package-tree.html...
    Generating /home/laptop/Workspace/serenity-fork/target/apidocs/com/ikokoon/serenity/instrumentation/complexity/package-frame.html...
    Generating /home/laptop/Workspace/serenity-fork/target/apidocs/com/ikokoon/serenity/instrumentation/complexity/package-summary.html...
    Generating /home/laptop/Workspace/serenity-fork/target/apidocs/com/ikokoon/serenity/instrumentation/complexity/package-tree.html...
    Generating /home/laptop/Workspace/serenity-fork/target/apidocs/com/ikokoon/serenity/instrumentation/coverage/package-frame.html...
    Generating /home/laptop/Workspace/serenity-fork/target/apidocs/com/ikokoon/serenity/instrumentation/coverage/package-summary.html...
    Generating /home/laptop/Workspace/serenity-fork/target/apidocs/com/ikokoon/serenity/instrumentation/coverage/package-tree.html...
    Generating /home/laptop/Workspace/serenity-fork/target/apidocs/com/ikokoon/serenity/instrumentation/dependency/package-frame.html...
    Generating /home/laptop/Workspace/serenity-fork/target/apidocs/com/ikokoon/serenity/instrumentation/dependency/package-summary.html...
    Generating /home/laptop/Workspace/serenity-fork/target/apidocs/com/ikokoon/serenity/instrumentation/dependency/package-tree.html...
    Generating /home/laptop/Workspace/serenity-fork/target/apidocs/com/ikokoon/serenity/instrumentation/profiling/package-frame.html...
    Generating /home/laptop/Workspace/serenity-fork/target/apidocs/com/ikokoon/serenity/instrumentation/profiling/package-summary.html...
    Generating /home/laptop/Workspace/serenity-fork/target/apidocs/com/ikokoon/serenity/instrumentation/profiling/package-tree.html...
    Generating /home/laptop/Workspace/serenity-fork/target/apidocs/com/ikokoon/serenity/model/package-frame.html...
    Generating /home/laptop/Workspace/serenity-fork/target/apidocs/com/ikokoon/serenity/model/package-summary.html...
    Generating /home/laptop/Workspace/serenity-fork/target/apidocs/com/ikokoon/serenity/model/package-tree.html...
    Generating /home/laptop/Workspace/serenity-fork/target/apidocs/com/ikokoon/serenity/persistence/package-frame.html...
    Generating /home/laptop/Workspace/serenity-fork/target/apidocs/com/ikokoon/serenity/persistence/package-summary.html...
    Generating /home/laptop/Workspace/serenity-fork/target/apidocs/com/ikokoon/serenity/persistence/package-tree.html...
    Generating /home/laptop/Workspace/serenity-fork/target/apidocs/com/ikokoon/serenity/process/package-frame.html...
    Generating /home/laptop/Workspace/serenity-fork/target/apidocs/com/ikokoon/serenity/process/package-summary.html...
    Generating /home/laptop/Workspace/serenity-fork/target/apidocs/com/ikokoon/serenity/process/package-tree.html...
    Generating /home/laptop/Workspace/serenity-fork/target/apidocs/com/ikokoon/serenity/process/aggregator/package-frame.html...
    Generating /home/laptop/Workspace/serenity-fork/target/apidocs/com/ikokoon/serenity/process/aggregator/package-summary.html...
    Generating /home/laptop/Workspace/serenity-fork/target/apidocs/com/ikokoon/serenity/process/aggregator/package-tree.html...
    Generating /home/laptop/Workspace/serenity-fork/target/apidocs/com/ikokoon/toolkit/package-frame.html...
    Generating /home/laptop/Workspace/serenity-fork/target/apidocs/com/ikokoon/toolkit/package-summary.html...
    Generating /home/laptop/Workspace/serenity-fork/target/apidocs/com/ikokoon/toolkit/package-tree.html...
    Generating /home/laptop/Workspace/serenity-fork/target/apidocs/constant-values.html...
    Generating /home/laptop/Workspace/serenity-fork/target/apidocs/serialized-form.html...
    Generating /home/laptop/Workspace/serenity-fork/target/apidocs/com/ikokoon/toolkit/class-use/ClassLoader.html...
    Generating /home/laptop/Workspace/serenity-fork/target/apidocs/com/ikokoon/toolkit/class-use/Executer.html...
    Generating /home/laptop/Workspace/serenity-fork/target/apidocs/com/ikokoon/toolkit/class-use/Executer.IPerform.html...
    Generating /home/laptop/Workspace/serenity-fork/target/apidocs/com/ikokoon/toolkit/class-use/Toolkit.html...
    Generating /home/laptop/Workspace/serenity-fork/target/apidocs/com/ikokoon/toolkit/class-use/Toolkit.IFileFilter.html...
    Generating /home/laptop/Workspace/serenity-fork/target/apidocs/com/ikokoon/toolkit/class-use/LoggingConfigurator.html...
    Generating /home/laptop/Workspace/serenity-fork/target/apidocs/com/ikokoon/toolkit/class-use/ObjectFactory.html...
    Generating /home/laptop/Workspace/serenity-fork/target/apidocs/com/ikokoon/toolkit/class-use/Permutations.html...
    Generating /home/laptop/Workspace/serenity-fork/target/apidocs/com/ikokoon/serenity/hudson/class-use/SerenityPlugin.html...
    Generating /home/laptop/Workspace/serenity-fork/target/apidocs/com/ikokoon/serenity/hudson/class-use/ISerenityResult.html...
    Generating /home/laptop/Workspace/serenity-fork/target/apidocs/com/ikokoon/serenity/hudson/class-use/SerenityResult.html...
    Generating /home/laptop/Workspace/serenity-fork/target/apidocs/com/ikokoon/serenity/hudson/class-use/SerenityProjectAction.html...
    Generating /home/laptop/Workspace/serenity-fork/target/apidocs/com/ikokoon/serenity/hudson/class-use/SerenityPublisher.html...
    Generating /home/laptop/Workspace/serenity-fork/target/apidocs/com/ikokoon/serenity/hudson/class-use/SerenityPublisher.DescriptorImpl.html...
    Generating /home/laptop/Workspace/serenity-fork/target/apidocs/com/ikokoon/serenity/hudson/class-use/SerenityBuildAction.html...
    Generating /home/laptop/Workspace/serenity-fork/target/apidocs/com/ikokoon/serenity/hudson/modeller/class-use/IModeller.html...
    Generating /home/laptop/Workspace/serenity-fork/target/apidocs/com/ikokoon/serenity/hudson/modeller/class-use/HighchartsModeller.html...
    Generating /home/laptop/Workspace/serenity-fork/target/apidocs/com/ikokoon/serenity/hudson/modeller/class-use/HighchartsModeller.IConstructor.html...
    Generating /home/laptop/Workspace/serenity-fork/target/apidocs/com/ikokoon/serenity/hudson/modeller/class-use/GoogleChartModeller.html...
    Generating /home/laptop/Workspace/serenity-fork/target/apidocs/com/ikokoon/serenity/hudson/source/class-use/CoverageSourceCode.html...
    Generating /home/laptop/Workspace/serenity-fork/target/apidocs/com/ikokoon/serenity/hudson/source/class-use/ISourceCode.html...
    Generating /home/laptop/Workspace/serenity-fork/target/apidocs/com/ikokoon/serenity/hudson/source/class-use/JavaSource2HTMLConverterExt.html...
    Generating /home/laptop/Workspace/serenity-fork/target/apidocs/com/ikokoon/serenity/class-use/Messenger.html...
    Generating /home/laptop/Workspace/serenity-fork/target/apidocs/com/ikokoon/serenity/class-use/Transformer.html...
    Generating /home/laptop/Workspace/serenity-fork/target/apidocs/com/ikokoon/serenity/class-use/Profiler.html...
    Generating /home/laptop/Workspace/serenity-fork/target/apidocs/com/ikokoon/serenity/class-use/Configuration.html...
    Generating /home/laptop/Workspace/serenity-fork/target/apidocs/com/ikokoon/serenity/class-use/Collector.html...
    Generating /home/laptop/Workspace/serenity-fork/target/apidocs/com/ikokoon/serenity/class-use/IConstants.html...
    Generating /home/laptop/Workspace/serenity-fork/target/apidocs/com/ikokoon/serenity/model/class-use/Package.html...
    Generating /home/laptop/Workspace/serenity-fork/target/apidocs/com/ikokoon/serenity/model/class-use/Snapshot.html...
    Generating /home/laptop/Workspace/serenity-fork/target/apidocs/com/ikokoon/serenity/model/class-use/Composite.html...
    Generating /home/laptop/Workspace/serenity-fork/target/apidocs/com/ikokoon/serenity/model/class-use/Efferent.html...
    Generating /home/laptop/Workspace/serenity-fork/target/apidocs/com/ikokoon/serenity/model/class-use/Line.html...
    Generating /home/laptop/Workspace/serenity-fork/target/apidocs/com/ikokoon/serenity/model/class-use/Unique.html...
    Generating /home/laptop/Workspace/serenity-fork/target/apidocs/com/ikokoon/serenity/model/class-use/Afferent.html...
    Generating /home/laptop/Workspace/serenity-fork/target/apidocs/com/ikokoon/serenity/model/class-use/Project.html...
    Generating /home/laptop/Workspace/serenity-fork/target/apidocs/com/ikokoon/serenity/model/class-use/Class.html...
    Generating /home/laptop/Workspace/serenity-fork/target/apidocs/com/ikokoon/serenity/model/class-use/Method.html...
    Generating /home/laptop/Workspace/serenity-fork/target/apidocs/com/ikokoon/serenity/persistence/class-use/DataBaseRam.html...
    Generating /home/laptop/Workspace/serenity-fork/target/apidocs/com/ikokoon/serenity/persistence/class-use/DataBaseOdb.html...
    Generating /home/laptop/Workspace/serenity-fork/target/apidocs/com/ikokoon/serenity/persistence/class-use/DataBase.html...
    Generating /home/laptop/Workspace/serenity-fork/target/apidocs/com/ikokoon/serenity/persistence/class-use/DataBaseEvent.html...
    Generating /home/laptop/Workspace/serenity-fork/target/apidocs/com/ikokoon/serenity/persistence/class-use/IDataBase.html...
    Generating /home/laptop/Workspace/serenity-fork/target/apidocs/com/ikokoon/serenity/persistence/class-use/IDataBase.DataBaseManager.html...
    Generating /home/laptop/Workspace/serenity-fork/target/apidocs/com/ikokoon/serenity/persistence/class-use/DataBaseToolkit.html...
    Generating /home/laptop/Workspace/serenity-fork/target/apidocs/com/ikokoon/serenity/persistence/class-use/DataBaseToolkit.Executer.html...
    Generating /home/laptop/Workspace/serenity-fork/target/apidocs/com/ikokoon/serenity/persistence/class-use/DataBaseToolkit.ICriteria.html...
    Generating /home/laptop/Workspace/serenity-fork/target/apidocs/com/ikokoon/serenity/persistence/class-use/IDataBaseListener.html...
    Generating /home/laptop/Workspace/serenity-fork/target/apidocs/com/ikokoon/serenity/persistence/class-use/IDataBaseEvent.html...
    Generating /home/laptop/Workspace/serenity-fork/target/apidocs/com/ikokoon/serenity/persistence/class-use/IDataBaseEvent.Type.html...
    Generating /home/laptop/Workspace/serenity-fork/target/apidocs/com/ikokoon/serenity/instrumentation/class-use/VisitorFactory.html...
    Generating /home/laptop/Workspace/serenity-fork/target/apidocs/com/ikokoon/serenity/instrumentation/profiling/class-use/ProfilingClassAdviceAdapter.html...
    Generating /home/laptop/Workspace/serenity-fork/target/apidocs/com/ikokoon/serenity/instrumentation/profiling/class-use/ProfilingMethodAdapter.html...
    Generating /home/laptop/Workspace/serenity-fork/target/apidocs/com/ikokoon/serenity/instrumentation/profiling/class-use/ProfilingClassAdapter.html...
    Generating /home/laptop/Workspace/serenity-fork/target/apidocs/com/ikokoon/serenity/instrumentation/profiling/class-use/ProfilingMethodAdviceAdapter.html...
    Generating /home/laptop/Workspace/serenity-fork/target/apidocs/com/ikokoon/serenity/instrumentation/dependency/class-use/DependencyClassAdapter.html...
    Generating /home/laptop/Workspace/serenity-fork/target/apidocs/com/ikokoon/serenity/instrumentation/dependency/class-use/DependencyFieldAdapter.html...
    Generating /home/laptop/Workspace/serenity-fork/target/apidocs/com/ikokoon/serenity/instrumentation/dependency/class-use/DependencySignatureAdapter.html...
    Generating /home/laptop/Workspace/serenity-fork/target/apidocs/com/ikokoon/serenity/instrumentation/dependency/class-use/DependencyAnnotationAdapter.html...
    Generating /home/laptop/Workspace/serenity-fork/target/apidocs/com/ikokoon/serenity/instrumentation/dependency/class-use/DependencyMethodAdapter.html...
    Generating /home/laptop/Workspace/serenity-fork/target/apidocs/com/ikokoon/serenity/instrumentation/complexity/class-use/ComplexityMethodAdapter.html...
    Generating /home/laptop/Workspace/serenity-fork/target/apidocs/com/ikokoon/serenity/instrumentation/complexity/class-use/ComplexityClassAdapter.html...
    Generating /home/laptop/Workspace/serenity-fork/target/apidocs/com/ikokoon/serenity/instrumentation/coverage/class-use/CoverageClassAdapterExt.html...
    Generating /home/laptop/Workspace/serenity-fork/target/apidocs/com/ikokoon/serenity/instrumentation/coverage/class-use/CoverageClassAdapter.html...
    Generating /home/laptop/Workspace/serenity-fork/target/apidocs/com/ikokoon/serenity/instrumentation/coverage/class-use/CoverageMethodAdapterExt.html...
    Generating /home/laptop/Workspace/serenity-fork/target/apidocs/com/ikokoon/serenity/instrumentation/coverage/class-use/CoverageMethodAdapter.html...
    Generating /home/laptop/Workspace/serenity-fork/target/apidocs/com/ikokoon/serenity/process/class-use/Listener.html...
    Generating /home/laptop/Workspace/serenity-fork/target/apidocs/com/ikokoon/serenity/process/class-use/Reporter.html...
    Generating /home/laptop/Workspace/serenity-fork/target/apidocs/com/ikokoon/serenity/process/class-use/Aggregator.html...
    Generating /home/laptop/Workspace/serenity-fork/target/apidocs/com/ikokoon/serenity/process/class-use/Accumulator.html...
    Generating /home/laptop/Workspace/serenity-fork/target/apidocs/com/ikokoon/serenity/process/class-use/Snapshooter.html...
    Generating /home/laptop/Workspace/serenity-fork/target/apidocs/com/ikokoon/serenity/process/class-use/Pruner.html...
    Generating /home/laptop/Workspace/serenity-fork/target/apidocs/com/ikokoon/serenity/process/class-use/Cleaner.html...
    Generating /home/laptop/Workspace/serenity-fork/target/apidocs/com/ikokoon/serenity/process/class-use/AProcess.html...
    Generating /home/laptop/Workspace/serenity-fork/target/apidocs/com/ikokoon/serenity/process/class-use/IProcess.html...
    Generating /home/laptop/Workspace/serenity-fork/target/apidocs/com/ikokoon/serenity/process/aggregator/class-use/ProjectAggregator.html...
    Generating /home/laptop/Workspace/serenity-fork/target/apidocs/com/ikokoon/serenity/process/aggregator/class-use/ClassAggregator.html...
    Generating /home/laptop/Workspace/serenity-fork/target/apidocs/com/ikokoon/serenity/process/aggregator/class-use/PackageAggregator.html...
    Generating /home/laptop/Workspace/serenity-fork/target/apidocs/com/ikokoon/serenity/process/aggregator/class-use/AAggregator.html...
    Generating /home/laptop/Workspace/serenity-fork/target/apidocs/com/ikokoon/serenity/process/aggregator/class-use/IAggregator.html...
    Generating /home/laptop/Workspace/serenity-fork/target/apidocs/com/ikokoon/serenity/process/aggregator/class-use/MethodAggregator.html...
    Generating /home/laptop/Workspace/serenity-fork/target/apidocs/com/ikokoon/serenity/package-use.html...
    Generating /home/laptop/Workspace/serenity-fork/target/apidocs/com/ikokoon/serenity/hudson/package-use.html...
    Generating /home/laptop/Workspace/serenity-fork/target/apidocs/com/ikokoon/serenity/hudson/modeller/package-use.html...
    Generating /home/laptop/Workspace/serenity-fork/target/apidocs/com/ikokoon/serenity/hudson/source/package-use.html...
    Generating /home/laptop/Workspace/serenity-fork/target/apidocs/com/ikokoon/serenity/instrumentation/package-use.html...
    Generating /home/laptop/Workspace/serenity-fork/target/apidocs/com/ikokoon/serenity/instrumentation/complexity/package-use.html...
    Generating /home/laptop/Workspace/serenity-fork/target/apidocs/com/ikokoon/serenity/instrumentation/coverage/package-use.html...
    Generating /home/laptop/Workspace/serenity-fork/target/apidocs/com/ikokoon/serenity/instrumentation/dependency/package-use.html...
    Generating /home/laptop/Workspace/serenity-fork/target/apidocs/com/ikokoon/serenity/instrumentation/profiling/package-use.html...
    Generating /home/laptop/Workspace/serenity-fork/target/apidocs/com/ikokoon/serenity/model/package-use.html...
    Generating /home/laptop/Workspace/serenity-fork/target/apidocs/com/ikokoon/serenity/persistence/package-use.html...
    Generating /home/laptop/Workspace/serenity-fork/target/apidocs/com/ikokoon/serenity/process/package-use.html...
    Generating /home/laptop/Workspace/serenity-fork/target/apidocs/com/ikokoon/serenity/process/aggregator/package-use.html...
    Generating /home/laptop/Workspace/serenity-fork/target/apidocs/com/ikokoon/toolkit/package-use.html...
    Building index for all the packages and classes...
    Generating /home/laptop/Workspace/serenity-fork/target/apidocs/overview-tree.html...
    Generating /home/laptop/Workspace/serenity-fork/target/apidocs/index-all.html...
    Generating /home/laptop/Workspace/serenity-fork/target/apidocs/deprecated-list.html...
    Building index for all classes...
    Generating /home/laptop/Workspace/serenity-fork/target/apidocs/allclasses-frame.html...
    Generating /home/laptop/Workspace/serenity-fork/target/apidocs/allclasses-noframe.html...
    Generating /home/laptop/Workspace/serenity-fork/target/apidocs/index.html...
    Generating /home/laptop/Workspace/serenity-fork/target/apidocs/overview-summary.html...
    Generating /home/laptop/Workspace/serenity-fork/target/apidocs/help-doc.html...
    [INFO] Building jar: /home/laptop/Workspace/serenity-fork/target/serenity-javadoc.jar
    [INFO] 
    [INFO] --- maven-antrun-plugin:1.3:run (copy.hpi.task) @ serenity ---
    [INFO] Executing tasks
         [echo] Unpacking and repacking serenity.jar with the agent manifest
        [unjar] Expanding: /home/laptop/Workspace/serenity-fork/target/serenity.jar into /home/laptop/Workspace/serenity-fork/target/temp
          [jar] Building jar: /home/laptop/Workspace/serenity-fork/target/serenity.jar
    [INFO] Executed tasks
    [INFO] 
    [INFO] >>> findbugs-maven-plugin:3.0.3:check (findbugs) > :findbugs @ serenity >>>
    [INFO] 
    [INFO] --- findbugs-maven-plugin:3.0.3:findbugs (findbugs) @ serenity ---
    [INFO] Fork Value is true
         [java] Warnings generated: 29
    [INFO] Done FindBugs Analysis....
    [INFO] 
    [INFO] <<< findbugs-maven-plugin:3.0.3:check (findbugs) < :findbugs @ serenity <<<
    [INFO] 
    [INFO] --- findbugs-maven-plugin:3.0.3:check (findbugs) @ serenity ---
    [INFO] BugInstance size is 29
    [INFO] Error size is 0
    [INFO] Total bugs: 29
    [INFO] Possible null pointer dereference in com.ikokoon.serenity.hudson.SerenityPlugin.getItems() due to return value of called method [com.ikokoon.serenity.hudson.SerenityPlugin, com.ikokoon.serenity.hudson.SerenityPlugin] Dereferenced at SerenityPlugin.java:[line 68]Known null at SerenityPlugin.java:[line 68] NP_NULL_ON_SOME_PATH_FROM_RETURN_VALUE
    [INFO] Possible null pointer dereference in com.ikokoon.serenity.hudson.SerenityPlugin.getLabels() due to return value of called method [com.ikokoon.serenity.hudson.SerenityPlugin, com.ikokoon.serenity.hudson.SerenityPlugin] Dereferenced at SerenityPlugin.java:[line 63]Known null at SerenityPlugin.java:[line 63] NP_NULL_ON_SOME_PATH_FROM_RETURN_VALUE
    [INFO] Found reliance on default encoding in com.ikokoon.serenity.hudson.SerenityPublisher.copyDataBasesToBuildDirectory(AbstractBuild, BuildListener): String.getBytes() [com.ikokoon.serenity.hudson.SerenityPublisher] At SerenityPublisher.java:[line 181] DM_DEFAULT_ENCODING
    [INFO] Found reliance on default encoding in com.ikokoon.serenity.hudson.SerenityPublisher.writeCoveredSourceForClasses(AbstractBuild, BuildListener): String.getBytes() [com.ikokoon.serenity.hudson.SerenityPublisher] At SerenityPublisher.java:[line 286] DM_DEFAULT_ENCODING
    [INFO] Dead store to random in com.ikokoon.serenity.hudson.modeller.GoogleChartModeller.getRows(Composite[]) [com.ikokoon.serenity.hudson.modeller.GoogleChartModeller] At GoogleChartModeller.java:[line 52] DLS_DEAD_LOCAL_STORE
    [INFO] Found reliance on default encoding in com.ikokoon.serenity.hudson.source.CoverageSourceCode.getSource(): new java.io.InputStreamReader(InputStream) [com.ikokoon.serenity.hudson.source.CoverageSourceCode] At CoverageSourceCode.java:[line 79] DM_DEFAULT_ENCODING
    [INFO] com.ikokoon.serenity.model.Afferent defines compareTo(Afferent) and uses Object.equals() [com.ikokoon.serenity.model.Afferent] At Afferent.java:[lines 30-38] EQ_COMPARETO_USE_OBJECT_EQUALS
    [INFO] com.ikokoon.serenity.model.Class defines compareTo(Class) and uses Object.equals() [com.ikokoon.serenity.model.Class] At Class.java:[lines 172-180] EQ_COMPARETO_USE_OBJECT_EQUALS
    [INFO] com.ikokoon.serenity.model.Efferent defines compareTo(Efferent) and uses Object.equals() [com.ikokoon.serenity.model.Efferent] At Efferent.java:[lines 30-38] EQ_COMPARETO_USE_OBJECT_EQUALS
    [INFO] com.ikokoon.serenity.model.Line defines compareTo(Line) and uses Object.equals() [com.ikokoon.serenity.model.Line] At Line.java:[lines 60-64] EQ_COMPARETO_USE_OBJECT_EQUALS
    [INFO] com.ikokoon.serenity.model.Method defines compareTo(Method) and uses Object.equals() [com.ikokoon.serenity.model.Method] At Method.java:[lines 233-241] EQ_COMPARETO_USE_OBJECT_EQUALS
    [INFO] com.ikokoon.serenity.model.Package defines compareTo(Package) and uses Object.equals() [com.ikokoon.serenity.model.Package] At Package.java:[lines 151-159] EQ_COMPARETO_USE_OBJECT_EQUALS
    [INFO] com.ikokoon.serenity.model.Project.getTimestamp() may expose internal representation by returning Project.timestamp [com.ikokoon.serenity.model.Project] At Project.java:[line 77] EI_EXPOSE_REP
    [INFO] com.ikokoon.serenity.model.Project.setTimestamp(Date) may expose internal representation by storing an externally mutable object into Project.timestamp [com.ikokoon.serenity.model.Project] At Project.java:[line 81] EI_EXPOSE_REP2
    [INFO] com.ikokoon.serenity.model.Snapshot.getEnd() may expose internal representation by returning Snapshot.end [com.ikokoon.serenity.model.Snapshot] At Snapshot.java:[line 39] EI_EXPOSE_REP
    [INFO] com.ikokoon.serenity.model.Snapshot.getStart() may expose internal representation by returning Snapshot.start [com.ikokoon.serenity.model.Snapshot] At Snapshot.java:[line 31] EI_EXPOSE_REP
    [INFO] com.ikokoon.serenity.model.Snapshot.setEnd(Date) may expose internal representation by storing an externally mutable object into Snapshot.end [com.ikokoon.serenity.model.Snapshot] At Snapshot.java:[line 43] EI_EXPOSE_REP2
    [INFO] com.ikokoon.serenity.model.Snapshot.setStart(Date) may expose internal representation by storing an externally mutable object into Snapshot.start [com.ikokoon.serenity.model.Snapshot] At Snapshot.java:[line 35] EI_EXPOSE_REP2
    [INFO] com.ikokoon.serenity.model.Snapshot defines compareTo(Object) and uses Object.equals() [com.ikokoon.serenity.model.Snapshot] At Snapshot.java:[line 6] EQ_COMPARETO_USE_OBJECT_EQUALS
    [INFO] Nullcheck of firstSnapshot at line 178 of value previously dereferenced in com.ikokoon.serenity.process.Reporter.tableElement(List) [com.ikokoon.serenity.process.Reporter, com.ikokoon.serenity.process.Reporter] At Reporter.java:[line 178]Redundant null check at Reporter.java:[line 186] RCN_REDUNDANT_NULLCHECK_WOULD_HAVE_BEEN_A_NPE
    [INFO] Exceptional return value of java.io.File.createNewFile() ignored in com.ikokoon.serenity.process.Reporter.buildGraph(String, Method, List) [com.ikokoon.serenity.process.Reporter] At Reporter.java:[line 283] RV_RETURN_VALUE_IGNORED_BAD_PRACTICE
    [INFO] Exceptional return value of java.io.File.mkdirs() ignored in com.ikokoon.serenity.process.Reporter.buildGraph(String, Method, List) [com.ikokoon.serenity.process.Reporter, com.ikokoon.serenity.process.Reporter] At Reporter.java:[line 275]Another occurrence at Reporter.java:[line 279] RV_RETURN_VALUE_IGNORED_BAD_PRACTICE
    [INFO] Exceptional return value of java.io.File.createNewFile() ignored in com.ikokoon.serenity.process.Reporter.writeReport(String, String) [com.ikokoon.serenity.process.Reporter] At Reporter.java:[line 93] RV_RETURN_VALUE_IGNORED_BAD_PRACTICE
    [INFO] Exceptional return value of java.io.File.mkdirs() ignored in com.ikokoon.serenity.process.Reporter.writeReport(String, String) [com.ikokoon.serenity.process.Reporter] At Reporter.java:[line 89] RV_RETURN_VALUE_IGNORED_BAD_PRACTICE
    [INFO] com.ikokoon.toolkit.LoggingConfigurator.configure() may fail to clean up java.io.InputStream [com.ikokoon.toolkit.LoggingConfigurator, com.ikokoon.toolkit.LoggingConfigurator, com.ikokoon.toolkit.LoggingConfigurator, com.ikokoon.toolkit.LoggingConfigurator, com.ikokoon.toolkit.LoggingConfigurator, com.ikokoon.toolkit.LoggingConfigurator, com.ikokoon.toolkit.LoggingConfigurator, com.ikokoon.toolkit.LoggingConfigurator, com.ikokoon.toolkit.LoggingConfigurator] Obligation to clean up resource created at LoggingConfigurator.java:[line 36] is not dischargedPath continues at LoggingConfigurator.java:[line 37]Path continues at LoggingConfigurator.java:[line 38]Path continues at LoggingConfigurator.java:[line 39]Path continues at LoggingConfigurator.java:[line 41]Path continues at LoggingConfigurator.java:[line 42]Path continues at LoggingConfigurator.java:[line 46]Path continues at LoggingConfigurator.java:[line 51]Path continues at LoggingConfigurator.java:[line 53] OBL_UNSATISFIED_OBLIGATION
    [INFO] Exceptional return value of java.io.File.mkdirs() ignored in com.ikokoon.toolkit.LoggingConfigurator.checkLogFolder(String) [com.ikokoon.toolkit.LoggingConfigurator] At LoggingConfigurator.java:[line 58] RV_RETURN_VALUE_IGNORED_BAD_PRACTICE
    [INFO] Possible null pointer dereference in com.ikokoon.toolkit.Toolkit.copyFiles(File, File) due to return value of called method [com.ikokoon.toolkit.Toolkit, com.ikokoon.toolkit.Toolkit] Dereferenced at Toolkit.java:[line 552]Known null at Toolkit.java:[line 550] NP_NULL_ON_SOME_PATH_FROM_RETURN_VALUE
    [INFO] Exceptional return value of java.io.File.createNewFile() ignored in com.ikokoon.toolkit.Toolkit.setContents(File, byte[]) [com.ikokoon.toolkit.Toolkit] At Toolkit.java:[line 385] RV_RETURN_VALUE_IGNORED_BAD_PRACTICE
    [INFO] Exceptional return value of java.io.File.mkdirs() ignored in com.ikokoon.toolkit.Toolkit.setContents(File, byte[]) [com.ikokoon.toolkit.Toolkit] At Toolkit.java:[line 381] RV_RETURN_VALUE_IGNORED_BAD_PRACTICE
    [INFO] 
    
    
    To see bug detail using the Findbugs GUI, use the following command "mvn findbugs:gui"
    
    
    
    [INFO] 
    [INFO] --- maven-install-plugin:2.5.2:install (default-install) @ serenity ---
    [INFO] Installing /home/laptop/Workspace/serenity-fork/target/serenity.hpi to /home/laptop/.m2/repository/org/jenkins-ci/plugins/serenity/1.1/serenity-1.1.hpi
    [INFO] Installing /home/laptop/Workspace/serenity-fork/pom.xml to /home/laptop/.m2/repository/org/jenkins-ci/plugins/serenity/1.1/serenity-1.1.pom
    [INFO] Installing /home/laptop/Workspace/serenity-fork/target/serenity.jar to /home/laptop/.m2/repository/org/jenkins-ci/plugins/serenity/1.1/serenity-1.1.jar
    [INFO] Installing /home/laptop/Workspace/serenity-fork/target/serenity-javadoc.jar to /home/laptop/.m2/repository/org/jenkins-ci/plugins/serenity/1.1/serenity-1.1-javadoc.jar
    [INFO] ------------------------------------------------------------------------
    [INFO] BUILD SUCCESS
    [INFO] ------------------------------------------------------------------------
    [INFO] Total time: 01:28 min
    [INFO] Finished at: 2016-06-13T15:03:36+02:00
    [INFO] Final Memory: 75M/1211M
    [INFO] ------------------------------------------------------------------------
[INFO] Checking in modified POMs...
[INFO] Executing: /bin/sh -c cd /home/laptop/Workspace/serenity-fork && git add -- pom.xml
[INFO] Working directory: /home/laptop/Workspace/serenity-fork
[INFO] Executing: /bin/sh -c cd /home/laptop/Workspace/serenity-fork && git rev-parse --show-toplevel
[INFO] Working directory: /home/laptop/Workspace/serenity-fork
[INFO] Executing: /bin/sh -c cd /home/laptop/Workspace/serenity-fork && git status --porcelain .
[INFO] Working directory: /home/laptop/Workspace/serenity-fork
[WARNING] Ignoring unrecognized line: ?? .idea/
[WARNING] Ignoring unrecognized line: ?? com/
[WARNING] Ignoring unrecognized line: ?? pom.xml.releaseBackup
[WARNING] Ignoring unrecognized line: ?? release.properties
[WARNING] Ignoring unrecognized line: ?? serenity.iml
[WARNING] Ignoring unrecognized line: ?? serenity.odb-1465822944442-local 1465822944332-2779902751315134027.transaction
[WARNING] Ignoring unrecognized line: ?? serenity/
[WARNING] Ignoring unrecognized line: ?? target/
[INFO] Executing: /bin/sh -c cd /home/laptop/Workspace/serenity-fork && git commit --verbose -F /tmp/maven-scm-238553738.commit pom.xml
[INFO] Working directory: /home/laptop/Workspace/serenity-fork
[INFO] Executing: /bin/sh -c cd /home/laptop/Workspace/serenity-fork && git symbolic-ref HEAD
[INFO] Working directory: /home/laptop/Workspace/serenity-fork
[INFO] Executing: /bin/sh -c cd /home/laptop/Workspace/serenity-fork && git push ssh:********@github.com/jenkinsci/serenity-plugin.git refs/heads/master:refs/heads/master
[INFO] Working directory: /home/laptop/Workspace/serenity-fork
Enter passphrase for key '/home/laptop/.ssh/id_rsa': 
[INFO] Tagging release with the label serenity-1.1...
[INFO] Executing: /bin/sh -c cd /home/laptop/Workspace/serenity-fork && git tag -F /tmp/maven-scm-517913282.commit serenity-1.1
[INFO] Working directory: /home/laptop/Workspace/serenity-fork
[INFO] Executing: /bin/sh -c cd /home/laptop/Workspace/serenity-fork && git push ssh:********@github.com/jenkinsci/serenity-plugin.git refs/tags/serenity-1.1
[INFO] Working directory: /home/laptop/Workspace/serenity-fork
Enter passphrase for key '/home/laptop/.ssh/id_rsa': 
[INFO] Executing: /bin/sh -c cd /home/laptop/Workspace/serenity-fork && git ls-files
[INFO] Working directory: /home/laptop/Workspace/serenity-fork
[INFO] Transforming 'Jenkins Serenity plugin'...
[INFO] Not removing release POMs
[INFO] Checking in modified POMs...
[INFO] Executing: /bin/sh -c cd /home/laptop/Workspace/serenity-fork && git add -- pom.xml
[INFO] Working directory: /home/laptop/Workspace/serenity-fork
[INFO] Executing: /bin/sh -c cd /home/laptop/Workspace/serenity-fork && git rev-parse --show-toplevel
[INFO] Working directory: /home/laptop/Workspace/serenity-fork
[INFO] Executing: /bin/sh -c cd /home/laptop/Workspace/serenity-fork && git status --porcelain .
[INFO] Working directory: /home/laptop/Workspace/serenity-fork
[WARNING] Ignoring unrecognized line: ?? .idea/
[WARNING] Ignoring unrecognized line: ?? com/
[WARNING] Ignoring unrecognized line: ?? pom.xml.releaseBackup
[WARNING] Ignoring unrecognized line: ?? release.properties
[WARNING] Ignoring unrecognized line: ?? serenity.iml
[WARNING] Ignoring unrecognized line: ?? serenity.odb-1465822944442-local 1465822944332-2779902751315134027.transaction
[WARNING] Ignoring unrecognized line: ?? serenity/
[WARNING] Ignoring unrecognized line: ?? target/
[INFO] Executing: /bin/sh -c cd /home/laptop/Workspace/serenity-fork && git commit --verbose -F /tmp/maven-scm-1830904860.commit pom.xml
[INFO] Working directory: /home/laptop/Workspace/serenity-fork
[INFO] Executing: /bin/sh -c cd /home/laptop/Workspace/serenity-fork && git symbolic-ref HEAD
[INFO] Working directory: /home/laptop/Workspace/serenity-fork
[INFO] Executing: /bin/sh -c cd /home/laptop/Workspace/serenity-fork && git push ssh:********@github.com/jenkinsci/serenity-plugin.git refs/heads/master:refs/heads/master
[INFO] Working directory: /home/laptop/Workspace/serenity-fork
Enter passphrase for key '/home/laptop/.ssh/id_rsa': 
[INFO] Release preparation complete.
[INFO] 
[INFO] --- maven-release-plugin:2.5.3:perform (default-cli) @ serenity ---
[INFO] Checking out the project to perform the release ...
[INFO] Executing: /bin/sh -c cd /home/laptop/Workspace/serenity-fork/target && git clone --branch serenity-1.1 ssh:********@github.com/jenkinsci/serenity-plugin.git /home/laptop/Workspace/serenity-fork/target/checkout
[INFO] Working directory: /home/laptop/Workspace/serenity-fork/target
Enter passphrase for key '/home/laptop/.ssh/id_rsa': 
[INFO] Executing: /bin/sh -c cd /tmp && git ls-remote ssh:********@github.com/jenkinsci/serenity-plugin.git
[INFO] Working directory: /tmp
Enter passphrase for key '/home/laptop/.ssh/id_rsa': 
[INFO] Executing: /bin/sh -c cd /home/laptop/Workspace/serenity-fork/target/checkout && git fetch ssh:********@github.com/jenkinsci/serenity-plugin.git
[INFO] Working directory: /home/laptop/Workspace/serenity-fork/target/checkout
Enter passphrase for key '/home/laptop/.ssh/id_rsa': 
[INFO] Executing: /bin/sh -c cd /home/laptop/Workspace/serenity-fork/target/checkout && git checkout serenity-1.1
[INFO] Working directory: /home/laptop/Workspace/serenity-fork/target/checkout
[INFO] Executing: /bin/sh -c cd /home/laptop/Workspace/serenity-fork/target/checkout && git ls-files
[INFO] Working directory: /home/laptop/Workspace/serenity-fork/target/checkout
[INFO] Invoking perform goals in directory /home/laptop/Workspace/serenity-fork/target/checkout
[INFO] Executing goals 'deploy'...
[INFO] Executing: /bin/sh -c cd /home/laptop/Workspace/serenity-fork/target/checkout && /usr/apache-maven-3.3.9/bin/mvn -s /tmp/release-settings6068856064887007766.xml deploy --no-plugin-updates -P jenkins-release, -f pom.xml
    [WARNING] Command line option -npu is deprecated and will be removed in future Maven versions.
    [INFO] Scanning for projects...
    [INFO]                                                                         
    [INFO] ------------------------------------------------------------------------
    [INFO] Building Jenkins Serenity plugin 1.1
    [INFO] ------------------------------------------------------------------------
    [INFO] 
    [INFO] --- maven-hpi-plugin:1.117:validate (default-validate) @ serenity ---
    [INFO] 
    [INFO] --- maven-enforcer-plugin:1.3.1:display-info (display-info) @ serenity ---
    [INFO] Maven Version: 3.3.9
    [INFO] JDK Version: 1.8.0_91 normalized as: 1.8.0-91
    [INFO] OS Info: Arch: amd64 Family: unix Name: linux Version: 4.2.0-36-generic
    [INFO] 
    [INFO] --- maven-enforcer-plugin:1.3.1:enforce (display-info) @ serenity ---
    [INFO] 
    [INFO] --- maven-localizer-plugin:1.23:generate (default) @ serenity ---
    [INFO] 
    [INFO] >>> maven-javadoc-plugin:2.10.2:javadoc (default) > generate-sources @ serenity >>>
    [INFO] 
    [INFO] --- maven-hpi-plugin:1.117:validate (default-validate) @ serenity ---
    [INFO] 
    [INFO] --- maven-enforcer-plugin:1.3.1:display-info (display-info) @ serenity ---
    [INFO] Maven Version: 3.3.9
    [INFO] JDK Version: 1.8.0_91 normalized as: 1.8.0-91
    [INFO] OS Info: Arch: amd64 Family: unix Name: linux Version: 4.2.0-36-generic
    [INFO] 
    [INFO] --- maven-enforcer-plugin:1.3.1:enforce (display-info) @ serenity ---
    [INFO] 
    [INFO] --- maven-localizer-plugin:1.23:generate (default) @ serenity ---
    [INFO] 
    [INFO] <<< maven-javadoc-plugin:2.10.2:javadoc (default) < generate-sources @ serenity <<<
    [INFO] 
    [INFO] --- maven-javadoc-plugin:2.10.2:javadoc (default) @ serenity ---
    [INFO] 
    Loading source files for package com.ikokoon.toolkit...
    Loading source files for package com.ikokoon.serenity.hudson...
    Loading source files for package com.ikokoon.serenity.hudson.modeller...
    Loading source files for package com.ikokoon.serenity.hudson.source...
    Loading source files for package com.ikokoon.serenity...
    Loading source files for package com.ikokoon.serenity.model...
    Loading source files for package com.ikokoon.serenity.persistence...
    Loading source files for package com.ikokoon.serenity.instrumentation...
    Loading source files for package com.ikokoon.serenity.instrumentation.profiling...
    Loading source files for package com.ikokoon.serenity.instrumentation.dependency...
    Loading source files for package com.ikokoon.serenity.instrumentation.complexity...
    Loading source files for package com.ikokoon.serenity.instrumentation.coverage...
    Loading source files for package com.ikokoon.serenity.process...
    Loading source files for package com.ikokoon.serenity.process.aggregator...
    Constructing Javadoc information...
    Standard Doclet version 1.8.0_91
    Building tree for all the packages and classes...
    Generating /home/laptop/Workspace/serenity-fork/target/checkout/target/site/apidocs/com/ikokoon/toolkit/ClassLoader.html...
    Generating /home/laptop/Workspace/serenity-fork/target/checkout/target/site/apidocs/com/ikokoon/toolkit/Executer.html...
    Generating /home/laptop/Workspace/serenity-fork/target/checkout/target/site/apidocs/com/ikokoon/toolkit/Executer.IPerform.html...
    Generating /home/laptop/Workspace/serenity-fork/target/checkout/target/site/apidocs/com/ikokoon/toolkit/LoggingConfigurator.html...
    Generating /home/laptop/Workspace/serenity-fork/target/checkout/target/site/apidocs/com/ikokoon/toolkit/ObjectFactory.html...
    Generating /home/laptop/Workspace/serenity-fork/target/checkout/target/site/apidocs/com/ikokoon/toolkit/Permutations.html...
    Generating /home/laptop/Workspace/serenity-fork/target/checkout/target/site/apidocs/com/ikokoon/toolkit/Toolkit.html...
    Generating /home/laptop/Workspace/serenity-fork/target/checkout/target/site/apidocs/com/ikokoon/toolkit/Toolkit.IFileFilter.html...
    Generating /home/laptop/Workspace/serenity-fork/target/checkout/target/site/apidocs/com/ikokoon/serenity/hudson/ISerenityResult.html...
    Generating /home/laptop/Workspace/serenity-fork/target/checkout/target/site/apidocs/com/ikokoon/serenity/hudson/SerenityBuildAction.html...
    Generating /home/laptop/Workspace/serenity-fork/target/checkout/target/site/apidocs/com/ikokoon/serenity/hudson/SerenityPlugin.html...
    Generating /home/laptop/Workspace/serenity-fork/target/checkout/target/site/apidocs/com/ikokoon/serenity/hudson/SerenityProjectAction.html...
    Generating /home/laptop/Workspace/serenity-fork/target/checkout/target/site/apidocs/com/ikokoon/serenity/hudson/SerenityPublisher.html...
    Generating /home/laptop/Workspace/serenity-fork/target/checkout/target/site/apidocs/com/ikokoon/serenity/hudson/SerenityPublisher.DescriptorImpl.html...
    Generating /home/laptop/Workspace/serenity-fork/target/checkout/target/site/apidocs/com/ikokoon/serenity/hudson/SerenityResult.html...
    Generating /home/laptop/Workspace/serenity-fork/target/checkout/target/site/apidocs/com/ikokoon/serenity/hudson/modeller/GoogleChartModeller.html...
    Generating /home/laptop/Workspace/serenity-fork/target/checkout/target/site/apidocs/com/ikokoon/serenity/hudson/modeller/HighchartsModeller.html...
    Generating /home/laptop/Workspace/serenity-fork/target/checkout/target/site/apidocs/com/ikokoon/serenity/hudson/modeller/HighchartsModeller.IConstructor.html...
    Generating /home/laptop/Workspace/serenity-fork/target/checkout/target/site/apidocs/com/ikokoon/serenity/hudson/modeller/IModeller.html...
    Generating /home/laptop/Workspace/serenity-fork/target/checkout/target/site/apidocs/com/ikokoon/serenity/hudson/source/CoverageSourceCode.html...
    Generating /home/laptop/Workspace/serenity-fork/target/checkout/target/site/apidocs/com/ikokoon/serenity/hudson/source/ISourceCode.html...
    Generating /home/laptop/Workspace/serenity-fork/target/checkout/target/site/apidocs/com/ikokoon/serenity/hudson/source/JavaSource2HTMLConverterExt.html...
    Generating /home/laptop/Workspace/serenity-fork/target/checkout/target/site/apidocs/com/ikokoon/serenity/Collector.html...
    Generating /home/laptop/Workspace/serenity-fork/target/checkout/target/site/apidocs/com/ikokoon/serenity/Configuration.html...
    Generating /home/laptop/Workspace/serenity-fork/target/checkout/target/site/apidocs/com/ikokoon/serenity/IConstants.html...
    Generating /home/laptop/Workspace/serenity-fork/target/checkout/target/site/apidocs/com/ikokoon/serenity/Messenger.html...
    Generating /home/laptop/Workspace/serenity-fork/target/checkout/target/site/apidocs/com/ikokoon/serenity/Profiler.html...
    Generating /home/laptop/Workspace/serenity-fork/target/checkout/target/site/apidocs/com/ikokoon/serenity/Transformer.html...
    Generating /home/laptop/Workspace/serenity-fork/target/checkout/target/site/apidocs/com/ikokoon/serenity/model/Afferent.html...
    Generating /home/laptop/Workspace/serenity-fork/target/checkout/target/site/apidocs/com/ikokoon/serenity/model/Class.html...
    Generating /home/laptop/Workspace/serenity-fork/target/checkout/target/site/apidocs/com/ikokoon/serenity/model/Composite.html...
    Generating /home/laptop/Workspace/serenity-fork/target/checkout/target/site/apidocs/com/ikokoon/serenity/model/Efferent.html...
    Generating /home/laptop/Workspace/serenity-fork/target/checkout/target/site/apidocs/com/ikokoon/serenity/model/Line.html...
    Generating /home/laptop/Workspace/serenity-fork/target/checkout/target/site/apidocs/com/ikokoon/serenity/model/Method.html...
    Generating /home/laptop/Workspace/serenity-fork/target/checkout/target/site/apidocs/com/ikokoon/serenity/model/Package.html...
    Generating /home/laptop/Workspace/serenity-fork/target/checkout/target/site/apidocs/com/ikokoon/serenity/model/Project.html...
    Generating /home/laptop/Workspace/serenity-fork/target/checkout/target/site/apidocs/com/ikokoon/serenity/model/Snapshot.html...
    Generating /home/laptop/Workspace/serenity-fork/target/checkout/target/site/apidocs/com/ikokoon/serenity/model/Unique.html...
    Generating /home/laptop/Workspace/serenity-fork/target/checkout/target/site/apidocs/com/ikokoon/serenity/persistence/DataBase.html...
    Generating /home/laptop/Workspace/serenity-fork/target/checkout/target/site/apidocs/com/ikokoon/serenity/persistence/DataBaseEvent.html...
    Generating /home/laptop/Workspace/serenity-fork/target/checkout/target/site/apidocs/com/ikokoon/serenity/persistence/DataBaseOdb.html...
    Generating /home/laptop/Workspace/serenity-fork/target/checkout/target/site/apidocs/com/ikokoon/serenity/persistence/DataBaseRam.html...
    Generating /home/laptop/Workspace/serenity-fork/target/checkout/target/site/apidocs/com/ikokoon/serenity/persistence/DataBaseToolkit.html...
    Generating /home/laptop/Workspace/serenity-fork/target/checkout/target/site/apidocs/com/ikokoon/serenity/persistence/DataBaseToolkit.Executer.html...
    Generating /home/laptop/Workspace/serenity-fork/target/checkout/target/site/apidocs/com/ikokoon/serenity/persistence/DataBaseToolkit.ICriteria.html...
    Generating /home/laptop/Workspace/serenity-fork/target/checkout/target/site/apidocs/com/ikokoon/serenity/persistence/IDataBase.html...
    Generating /home/laptop/Workspace/serenity-fork/target/checkout/target/site/apidocs/com/ikokoon/serenity/persistence/IDataBase.DataBaseManager.html...
    Generating /home/laptop/Workspace/serenity-fork/target/checkout/target/site/apidocs/com/ikokoon/serenity/persistence/IDataBaseEvent.html...
    Generating /home/laptop/Workspace/serenity-fork/target/checkout/target/site/apidocs/com/ikokoon/serenity/persistence/IDataBaseEvent.Type.html...
    Generating /home/laptop/Workspace/serenity-fork/target/checkout/target/site/apidocs/com/ikokoon/serenity/persistence/IDataBaseListener.html...
    Generating /home/laptop/Workspace/serenity-fork/target/checkout/target/site/apidocs/com/ikokoon/serenity/instrumentation/VisitorFactory.html...
    Generating /home/laptop/Workspace/serenity-fork/target/checkout/target/site/apidocs/com/ikokoon/serenity/instrumentation/profiling/ProfilingClassAdapter.html...
    Generating /home/laptop/Workspace/serenity-fork/target/checkout/target/site/apidocs/com/ikokoon/serenity/instrumentation/profiling/ProfilingClassAdviceAdapter.html...
    Generating /home/laptop/Workspace/serenity-fork/target/checkout/target/site/apidocs/com/ikokoon/serenity/instrumentation/profiling/ProfilingMethodAdapter.html...
    Generating /home/laptop/Workspace/serenity-fork/target/checkout/target/site/apidocs/com/ikokoon/serenity/instrumentation/profiling/ProfilingMethodAdviceAdapter.html...
    Generating /home/laptop/Workspace/serenity-fork/target/checkout/target/site/apidocs/com/ikokoon/serenity/instrumentation/dependency/DependencyAnnotationAdapter.html...
    Generating /home/laptop/Workspace/serenity-fork/target/checkout/target/site/apidocs/com/ikokoon/serenity/instrumentation/dependency/DependencyClassAdapter.html...
    Generating /home/laptop/Workspace/serenity-fork/target/checkout/target/site/apidocs/com/ikokoon/serenity/instrumentation/dependency/DependencyFieldAdapter.html...
    Generating /home/laptop/Workspace/serenity-fork/target/checkout/target/site/apidocs/com/ikokoon/serenity/instrumentation/dependency/DependencyMethodAdapter.html...
    Generating /home/laptop/Workspace/serenity-fork/target/checkout/target/site/apidocs/com/ikokoon/serenity/instrumentation/dependency/DependencySignatureAdapter.html...
    Generating /home/laptop/Workspace/serenity-fork/target/checkout/target/site/apidocs/com/ikokoon/serenity/instrumentation/complexity/ComplexityClassAdapter.html...
    Generating /home/laptop/Workspace/serenity-fork/target/checkout/target/site/apidocs/com/ikokoon/serenity/instrumentation/complexity/ComplexityMethodAdapter.html...
    Generating /home/laptop/Workspace/serenity-fork/target/checkout/target/site/apidocs/com/ikokoon/serenity/instrumentation/coverage/CoverageClassAdapter.html...
    Generating /home/laptop/Workspace/serenity-fork/target/checkout/target/site/apidocs/com/ikokoon/serenity/instrumentation/coverage/CoverageClassAdapterExt.html...
    Generating /home/laptop/Workspace/serenity-fork/target/checkout/target/site/apidocs/com/ikokoon/serenity/instrumentation/coverage/CoverageMethodAdapter.html...
    Generating /home/laptop/Workspace/serenity-fork/target/checkout/target/site/apidocs/com/ikokoon/serenity/instrumentation/coverage/CoverageMethodAdapterExt.html...
    Generating /home/laptop/Workspace/serenity-fork/target/checkout/target/site/apidocs/com/ikokoon/serenity/process/Accumulator.html...
    Generating /home/laptop/Workspace/serenity-fork/target/checkout/target/site/apidocs/com/ikokoon/serenity/process/Aggregator.html...
    Generating /home/laptop/Workspace/serenity-fork/target/checkout/target/site/apidocs/com/ikokoon/serenity/process/AProcess.html...
    Generating /home/laptop/Workspace/serenity-fork/target/checkout/target/site/apidocs/com/ikokoon/serenity/process/Cleaner.html...
    Generating /home/laptop/Workspace/serenity-fork/target/checkout/target/site/apidocs/com/ikokoon/serenity/process/IProcess.html...
    Generating /home/laptop/Workspace/serenity-fork/target/checkout/target/site/apidocs/com/ikokoon/serenity/process/Listener.html...
    Generating /home/laptop/Workspace/serenity-fork/target/checkout/target/site/apidocs/com/ikokoon/serenity/process/Pruner.html...
    Generating /home/laptop/Workspace/serenity-fork/target/checkout/target/site/apidocs/com/ikokoon/serenity/process/Reporter.html...
    Generating /home/laptop/Workspace/serenity-fork/target/checkout/target/site/apidocs/com/ikokoon/serenity/process/Snapshooter.html...
    Generating /home/laptop/Workspace/serenity-fork/target/checkout/target/site/apidocs/com/ikokoon/serenity/process/aggregator/AAggregator.html...
    Generating /home/laptop/Workspace/serenity-fork/target/checkout/target/site/apidocs/com/ikokoon/serenity/process/aggregator/ClassAggregator.html...
    Generating /home/laptop/Workspace/serenity-fork/target/checkout/target/site/apidocs/com/ikokoon/serenity/process/aggregator/IAggregator.html...
    Generating /home/laptop/Workspace/serenity-fork/target/checkout/target/site/apidocs/com/ikokoon/serenity/process/aggregator/MethodAggregator.html...
    Generating /home/laptop/Workspace/serenity-fork/target/checkout/target/site/apidocs/com/ikokoon/serenity/process/aggregator/PackageAggregator.html...
    Generating /home/laptop/Workspace/serenity-fork/target/checkout/target/site/apidocs/com/ikokoon/serenity/process/aggregator/ProjectAggregator.html...
    Generating /home/laptop/Workspace/serenity-fork/target/checkout/target/site/apidocs/overview-frame.html...
    Generating /home/laptop/Workspace/serenity-fork/target/checkout/target/site/apidocs/com/ikokoon/serenity/package-frame.html...
    Generating /home/laptop/Workspace/serenity-fork/target/checkout/target/site/apidocs/com/ikokoon/serenity/package-summary.html...
    Generating /home/laptop/Workspace/serenity-fork/target/checkout/target/site/apidocs/com/ikokoon/serenity/package-tree.html...
    Generating /home/laptop/Workspace/serenity-fork/target/checkout/target/site/apidocs/com/ikokoon/serenity/hudson/package-frame.html...
    Generating /home/laptop/Workspace/serenity-fork/target/checkout/target/site/apidocs/com/ikokoon/serenity/hudson/package-summary.html...
    Generating /home/laptop/Workspace/serenity-fork/target/checkout/target/site/apidocs/com/ikokoon/serenity/hudson/package-tree.html...
    Generating /home/laptop/Workspace/serenity-fork/target/checkout/target/site/apidocs/com/ikokoon/serenity/hudson/modeller/package-frame.html...
    Generating /home/laptop/Workspace/serenity-fork/target/checkout/target/site/apidocs/com/ikokoon/serenity/hudson/modeller/package-summary.html...
    Generating /home/laptop/Workspace/serenity-fork/target/checkout/target/site/apidocs/com/ikokoon/serenity/hudson/modeller/package-tree.html...
    Generating /home/laptop/Workspace/serenity-fork/target/checkout/target/site/apidocs/com/ikokoon/serenity/hudson/source/package-frame.html...
    Generating /home/laptop/Workspace/serenity-fork/target/checkout/target/site/apidocs/com/ikokoon/serenity/hudson/source/package-summary.html...
    Generating /home/laptop/Workspace/serenity-fork/target/checkout/target/site/apidocs/com/ikokoon/serenity/hudson/source/package-tree.html...
    Generating /home/laptop/Workspace/serenity-fork/target/checkout/target/site/apidocs/com/ikokoon/serenity/instrumentation/package-frame.html...
    Generating /home/laptop/Workspace/serenity-fork/target/checkout/target/site/apidocs/com/ikokoon/serenity/instrumentation/package-summary.html...
    Generating /home/laptop/Workspace/serenity-fork/target/checkout/target/site/apidocs/com/ikokoon/serenity/instrumentation/package-tree.html...
    Generating /home/laptop/Workspace/serenity-fork/target/checkout/target/site/apidocs/com/ikokoon/serenity/instrumentation/complexity/package-frame.html...
    Generating /home/laptop/Workspace/serenity-fork/target/checkout/target/site/apidocs/com/ikokoon/serenity/instrumentation/complexity/package-summary.html...
    Generating /home/laptop/Workspace/serenity-fork/target/checkout/target/site/apidocs/com/ikokoon/serenity/instrumentation/complexity/package-tree.html...
    Generating /home/laptop/Workspace/serenity-fork/target/checkout/target/site/apidocs/com/ikokoon/serenity/instrumentation/coverage/package-frame.html...
    Generating /home/laptop/Workspace/serenity-fork/target/checkout/target/site/apidocs/com/ikokoon/serenity/instrumentation/coverage/package-summary.html...
    Generating /home/laptop/Workspace/serenity-fork/target/checkout/target/site/apidocs/com/ikokoon/serenity/instrumentation/coverage/package-tree.html...
    Generating /home/laptop/Workspace/serenity-fork/target/checkout/target/site/apidocs/com/ikokoon/serenity/instrumentation/dependency/package-frame.html...
    Generating /home/laptop/Workspace/serenity-fork/target/checkout/target/site/apidocs/com/ikokoon/serenity/instrumentation/dependency/package-summary.html...
    Generating /home/laptop/Workspace/serenity-fork/target/checkout/target/site/apidocs/com/ikokoon/serenity/instrumentation/dependency/package-tree.html...
    Generating /home/laptop/Workspace/serenity-fork/target/checkout/target/site/apidocs/com/ikokoon/serenity/instrumentation/profiling/package-frame.html...
    Generating /home/laptop/Workspace/serenity-fork/target/checkout/target/site/apidocs/com/ikokoon/serenity/instrumentation/profiling/package-summary.html...
    Generating /home/laptop/Workspace/serenity-fork/target/checkout/target/site/apidocs/com/ikokoon/serenity/instrumentation/profiling/package-tree.html...
    Generating /home/laptop/Workspace/serenity-fork/target/checkout/target/site/apidocs/com/ikokoon/serenity/model/package-frame.html...
    Generating /home/laptop/Workspace/serenity-fork/target/checkout/target/site/apidocs/com/ikokoon/serenity/model/package-summary.html...
    Generating /home/laptop/Workspace/serenity-fork/target/checkout/target/site/apidocs/com/ikokoon/serenity/model/package-tree.html...
    Generating /home/laptop/Workspace/serenity-fork/target/checkout/target/site/apidocs/com/ikokoon/serenity/persistence/package-frame.html...
    Generating /home/laptop/Workspace/serenity-fork/target/checkout/target/site/apidocs/com/ikokoon/serenity/persistence/package-summary.html...
    Generating /home/laptop/Workspace/serenity-fork/target/checkout/target/site/apidocs/com/ikokoon/serenity/persistence/package-tree.html...
    Generating /home/laptop/Workspace/serenity-fork/target/checkout/target/site/apidocs/com/ikokoon/serenity/process/package-frame.html...
    Generating /home/laptop/Workspace/serenity-fork/target/checkout/target/site/apidocs/com/ikokoon/serenity/process/package-summary.html...
    Generating /home/laptop/Workspace/serenity-fork/target/checkout/target/site/apidocs/com/ikokoon/serenity/process/package-tree.html...
    Generating /home/laptop/Workspace/serenity-fork/target/checkout/target/site/apidocs/com/ikokoon/serenity/process/aggregator/package-frame.html...
    Generating /home/laptop/Workspace/serenity-fork/target/checkout/target/site/apidocs/com/ikokoon/serenity/process/aggregator/package-summary.html...
    Generating /home/laptop/Workspace/serenity-fork/target/checkout/target/site/apidocs/com/ikokoon/serenity/process/aggregator/package-tree.html...
    Generating /home/laptop/Workspace/serenity-fork/target/checkout/target/site/apidocs/com/ikokoon/toolkit/package-frame.html...
    Generating /home/laptop/Workspace/serenity-fork/target/checkout/target/site/apidocs/com/ikokoon/toolkit/package-summary.html...
    Generating /home/laptop/Workspace/serenity-fork/target/checkout/target/site/apidocs/com/ikokoon/toolkit/package-tree.html...
    Generating /home/laptop/Workspace/serenity-fork/target/checkout/target/site/apidocs/constant-values.html...
    Generating /home/laptop/Workspace/serenity-fork/target/checkout/target/site/apidocs/serialized-form.html...
    Generating /home/laptop/Workspace/serenity-fork/target/checkout/target/site/apidocs/com/ikokoon/toolkit/class-use/ClassLoader.html...
    Generating /home/laptop/Workspace/serenity-fork/target/checkout/target/site/apidocs/com/ikokoon/toolkit/class-use/Executer.html...
    Generating /home/laptop/Workspace/serenity-fork/target/checkout/target/site/apidocs/com/ikokoon/toolkit/class-use/Executer.IPerform.html...
    Generating /home/laptop/Workspace/serenity-fork/target/checkout/target/site/apidocs/com/ikokoon/toolkit/class-use/Toolkit.html...
    Generating /home/laptop/Workspace/serenity-fork/target/checkout/target/site/apidocs/com/ikokoon/toolkit/class-use/Toolkit.IFileFilter.html...
    Generating /home/laptop/Workspace/serenity-fork/target/checkout/target/site/apidocs/com/ikokoon/toolkit/class-use/LoggingConfigurator.html...
    Generating /home/laptop/Workspace/serenity-fork/target/checkout/target/site/apidocs/com/ikokoon/toolkit/class-use/ObjectFactory.html...
    Generating /home/laptop/Workspace/serenity-fork/target/checkout/target/site/apidocs/com/ikokoon/toolkit/class-use/Permutations.html...
    Generating /home/laptop/Workspace/serenity-fork/target/checkout/target/site/apidocs/com/ikokoon/serenity/hudson/class-use/SerenityPlugin.html...
    Generating /home/laptop/Workspace/serenity-fork/target/checkout/target/site/apidocs/com/ikokoon/serenity/hudson/class-use/ISerenityResult.html...
    Generating /home/laptop/Workspace/serenity-fork/target/checkout/target/site/apidocs/com/ikokoon/serenity/hudson/class-use/SerenityResult.html...
    Generating /home/laptop/Workspace/serenity-fork/target/checkout/target/site/apidocs/com/ikokoon/serenity/hudson/class-use/SerenityProjectAction.html...
    Generating /home/laptop/Workspace/serenity-fork/target/checkout/target/site/apidocs/com/ikokoon/serenity/hudson/class-use/SerenityPublisher.html...
    Generating /home/laptop/Workspace/serenity-fork/target/checkout/target/site/apidocs/com/ikokoon/serenity/hudson/class-use/SerenityPublisher.DescriptorImpl.html...
    Generating /home/laptop/Workspace/serenity-fork/target/checkout/target/site/apidocs/com/ikokoon/serenity/hudson/class-use/SerenityBuildAction.html...
    Generating /home/laptop/Workspace/serenity-fork/target/checkout/target/site/apidocs/com/ikokoon/serenity/hudson/modeller/class-use/IModeller.html...
    Generating /home/laptop/Workspace/serenity-fork/target/checkout/target/site/apidocs/com/ikokoon/serenity/hudson/modeller/class-use/HighchartsModeller.html...
    Generating /home/laptop/Workspace/serenity-fork/target/checkout/target/site/apidocs/com/ikokoon/serenity/hudson/modeller/class-use/HighchartsModeller.IConstructor.html...
    Generating /home/laptop/Workspace/serenity-fork/target/checkout/target/site/apidocs/com/ikokoon/serenity/hudson/modeller/class-use/GoogleChartModeller.html...
    Generating /home/laptop/Workspace/serenity-fork/target/checkout/target/site/apidocs/com/ikokoon/serenity/hudson/source/class-use/CoverageSourceCode.html...
    Generating /home/laptop/Workspace/serenity-fork/target/checkout/target/site/apidocs/com/ikokoon/serenity/hudson/source/class-use/ISourceCode.html...
    Generating /home/laptop/Workspace/serenity-fork/target/checkout/target/site/apidocs/com/ikokoon/serenity/hudson/source/class-use/JavaSource2HTMLConverterExt.html...
    Generating /home/laptop/Workspace/serenity-fork/target/checkout/target/site/apidocs/com/ikokoon/serenity/class-use/Messenger.html...
    Generating /home/laptop/Workspace/serenity-fork/target/checkout/target/site/apidocs/com/ikokoon/serenity/class-use/Transformer.html...
    Generating /home/laptop/Workspace/serenity-fork/target/checkout/target/site/apidocs/com/ikokoon/serenity/class-use/Profiler.html...
    Generating /home/laptop/Workspace/serenity-fork/target/checkout/target/site/apidocs/com/ikokoon/serenity/class-use/Configuration.html...
    Generating /home/laptop/Workspace/serenity-fork/target/checkout/target/site/apidocs/com/ikokoon/serenity/class-use/Collector.html...
    Generating /home/laptop/Workspace/serenity-fork/target/checkout/target/site/apidocs/com/ikokoon/serenity/class-use/IConstants.html...
    Generating /home/laptop/Workspace/serenity-fork/target/checkout/target/site/apidocs/com/ikokoon/serenity/model/class-use/Package.html...
    Generating /home/laptop/Workspace/serenity-fork/target/checkout/target/site/apidocs/com/ikokoon/serenity/model/class-use/Snapshot.html...
    Generating /home/laptop/Workspace/serenity-fork/target/checkout/target/site/apidocs/com/ikokoon/serenity/model/class-use/Composite.html...
    Generating /home/laptop/Workspace/serenity-fork/target/checkout/target/site/apidocs/com/ikokoon/serenity/model/class-use/Efferent.html...
    Generating /home/laptop/Workspace/serenity-fork/target/checkout/target/site/apidocs/com/ikokoon/serenity/model/class-use/Line.html...
    Generating /home/laptop/Workspace/serenity-fork/target/checkout/target/site/apidocs/com/ikokoon/serenity/model/class-use/Unique.html...
    Generating /home/laptop/Workspace/serenity-fork/target/checkout/target/site/apidocs/com/ikokoon/serenity/model/class-use/Afferent.html...
    Generating /home/laptop/Workspace/serenity-fork/target/checkout/target/site/apidocs/com/ikokoon/serenity/model/class-use/Project.html...
    Generating /home/laptop/Workspace/serenity-fork/target/checkout/target/site/apidocs/com/ikokoon/serenity/model/class-use/Class.html...
    Generating /home/laptop/Workspace/serenity-fork/target/checkout/target/site/apidocs/com/ikokoon/serenity/model/class-use/Method.html...
    Generating /home/laptop/Workspace/serenity-fork/target/checkout/target/site/apidocs/com/ikokoon/serenity/persistence/class-use/DataBaseRam.html...
    Generating /home/laptop/Workspace/serenity-fork/target/checkout/target/site/apidocs/com/ikokoon/serenity/persistence/class-use/DataBaseOdb.html...
    Generating /home/laptop/Workspace/serenity-fork/target/checkout/target/site/apidocs/com/ikokoon/serenity/persistence/class-use/DataBase.html...
    Generating /home/laptop/Workspace/serenity-fork/target/checkout/target/site/apidocs/com/ikokoon/serenity/persistence/class-use/DataBaseEvent.html...
    Generating /home/laptop/Workspace/serenity-fork/target/checkout/target/site/apidocs/com/ikokoon/serenity/persistence/class-use/IDataBase.html...
    Generating /home/laptop/Workspace/serenity-fork/target/checkout/target/site/apidocs/com/ikokoon/serenity/persistence/class-use/IDataBase.DataBaseManager.html...
    Generating /home/laptop/Workspace/serenity-fork/target/checkout/target/site/apidocs/com/ikokoon/serenity/persistence/class-use/DataBaseToolkit.html...
    Generating /home/laptop/Workspace/serenity-fork/target/checkout/target/site/apidocs/com/ikokoon/serenity/persistence/class-use/DataBaseToolkit.Executer.html...
    Generating /home/laptop/Workspace/serenity-fork/target/checkout/target/site/apidocs/com/ikokoon/serenity/persistence/class-use/DataBaseToolkit.ICriteria.html...
    Generating /home/laptop/Workspace/serenity-fork/target/checkout/target/site/apidocs/com/ikokoon/serenity/persistence/class-use/IDataBaseListener.html...
    Generating /home/laptop/Workspace/serenity-fork/target/checkout/target/site/apidocs/com/ikokoon/serenity/persistence/class-use/IDataBaseEvent.html...
    Generating /home/laptop/Workspace/serenity-fork/target/checkout/target/site/apidocs/com/ikokoon/serenity/persistence/class-use/IDataBaseEvent.Type.html...
    Generating /home/laptop/Workspace/serenity-fork/target/checkout/target/site/apidocs/com/ikokoon/serenity/instrumentation/class-use/VisitorFactory.html...
    Generating /home/laptop/Workspace/serenity-fork/target/checkout/target/site/apidocs/com/ikokoon/serenity/instrumentation/profiling/class-use/ProfilingClassAdviceAdapter.html...
    Generating /home/laptop/Workspace/serenity-fork/target/checkout/target/site/apidocs/com/ikokoon/serenity/instrumentation/profiling/class-use/ProfilingMethodAdapter.html...
    Generating /home/laptop/Workspace/serenity-fork/target/checkout/target/site/apidocs/com/ikokoon/serenity/instrumentation/profiling/class-use/ProfilingClassAdapter.html...
    Generating /home/laptop/Workspace/serenity-fork/target/checkout/target/site/apidocs/com/ikokoon/serenity/instrumentation/profiling/class-use/ProfilingMethodAdviceAdapter.html...
    Generating /home/laptop/Workspace/serenity-fork/target/checkout/target/site/apidocs/com/ikokoon/serenity/instrumentation/dependency/class-use/DependencyClassAdapter.html...
    Generating /home/laptop/Workspace/serenity-fork/target/checkout/target/site/apidocs/com/ikokoon/serenity/instrumentation/dependency/class-use/DependencyFieldAdapter.html...
    Generating /home/laptop/Workspace/serenity-fork/target/checkout/target/site/apidocs/com/ikokoon/serenity/instrumentation/dependency/class-use/DependencySignatureAdapter.html...
    Generating /home/laptop/Workspace/serenity-fork/target/checkout/target/site/apidocs/com/ikokoon/serenity/instrumentation/dependency/class-use/DependencyAnnotationAdapter.html...
    Generating /home/laptop/Workspace/serenity-fork/target/checkout/target/site/apidocs/com/ikokoon/serenity/instrumentation/dependency/class-use/DependencyMethodAdapter.html...
    Generating /home/laptop/Workspace/serenity-fork/target/checkout/target/site/apidocs/com/ikokoon/serenity/instrumentation/complexity/class-use/ComplexityMethodAdapter.html...
    Generating /home/laptop/Workspace/serenity-fork/target/checkout/target/site/apidocs/com/ikokoon/serenity/instrumentation/complexity/class-use/ComplexityClassAdapter.html...
    Generating /home/laptop/Workspace/serenity-fork/target/checkout/target/site/apidocs/com/ikokoon/serenity/instrumentation/coverage/class-use/CoverageClassAdapterExt.html...
    Generating /home/laptop/Workspace/serenity-fork/target/checkout/target/site/apidocs/com/ikokoon/serenity/instrumentation/coverage/class-use/CoverageClassAdapter.html...
    Generating /home/laptop/Workspace/serenity-fork/target/checkout/target/site/apidocs/com/ikokoon/serenity/instrumentation/coverage/class-use/CoverageMethodAdapterExt.html...
    Generating /home/laptop/Workspace/serenity-fork/target/checkout/target/site/apidocs/com/ikokoon/serenity/instrumentation/coverage/class-use/CoverageMethodAdapter.html...
    Generating /home/laptop/Workspace/serenity-fork/target/checkout/target/site/apidocs/com/ikokoon/serenity/process/class-use/Listener.html...
    Generating /home/laptop/Workspace/serenity-fork/target/checkout/target/site/apidocs/com/ikokoon/serenity/process/class-use/Reporter.html...
    Generating /home/laptop/Workspace/serenity-fork/target/checkout/target/site/apidocs/com/ikokoon/serenity/process/class-use/Aggregator.html...
    Generating /home/laptop/Workspace/serenity-fork/target/checkout/target/site/apidocs/com/ikokoon/serenity/process/class-use/Accumulator.html...
    Generating /home/laptop/Workspace/serenity-fork/target/checkout/target/site/apidocs/com/ikokoon/serenity/process/class-use/Snapshooter.html...
    Generating /home/laptop/Workspace/serenity-fork/target/checkout/target/site/apidocs/com/ikokoon/serenity/process/class-use/Pruner.html...
    Generating /home/laptop/Workspace/serenity-fork/target/checkout/target/site/apidocs/com/ikokoon/serenity/process/class-use/Cleaner.html...
    Generating /home/laptop/Workspace/serenity-fork/target/checkout/target/site/apidocs/com/ikokoon/serenity/process/class-use/AProcess.html...
    Generating /home/laptop/Workspace/serenity-fork/target/checkout/target/site/apidocs/com/ikokoon/serenity/process/class-use/IProcess.html...
    Generating /home/laptop/Workspace/serenity-fork/target/checkout/target/site/apidocs/com/ikokoon/serenity/process/aggregator/class-use/ProjectAggregator.html...
    Generating /home/laptop/Workspace/serenity-fork/target/checkout/target/site/apidocs/com/ikokoon/serenity/process/aggregator/class-use/ClassAggregator.html...
    Generating /home/laptop/Workspace/serenity-fork/target/checkout/target/site/apidocs/com/ikokoon/serenity/process/aggregator/class-use/PackageAggregator.html...
    Generating /home/laptop/Workspace/serenity-fork/target/checkout/target/site/apidocs/com/ikokoon/serenity/process/aggregator/class-use/AAggregator.html...
    Generating /home/laptop/Workspace/serenity-fork/target/checkout/target/site/apidocs/com/ikokoon/serenity/process/aggregator/class-use/IAggregator.html...
    Generating /home/laptop/Workspace/serenity-fork/target/checkout/target/site/apidocs/com/ikokoon/serenity/process/aggregator/class-use/MethodAggregator.html...
    Generating /home/laptop/Workspace/serenity-fork/target/checkout/target/site/apidocs/com/ikokoon/serenity/package-use.html...
    Generating /home/laptop/Workspace/serenity-fork/target/checkout/target/site/apidocs/com/ikokoon/serenity/hudson/package-use.html...
    Generating /home/laptop/Workspace/serenity-fork/target/checkout/target/site/apidocs/com/ikokoon/serenity/hudson/modeller/package-use.html...
    Generating /home/laptop/Workspace/serenity-fork/target/checkout/target/site/apidocs/com/ikokoon/serenity/hudson/source/package-use.html...
    Generating /home/laptop/Workspace/serenity-fork/target/checkout/target/site/apidocs/com/ikokoon/serenity/instrumentation/package-use.html...
    Generating /home/laptop/Workspace/serenity-fork/target/checkout/target/site/apidocs/com/ikokoon/serenity/instrumentation/complexity/package-use.html...
    Generating /home/laptop/Workspace/serenity-fork/target/checkout/target/site/apidocs/com/ikokoon/serenity/instrumentation/coverage/package-use.html...
    Generating /home/laptop/Workspace/serenity-fork/target/checkout/target/site/apidocs/com/ikokoon/serenity/instrumentation/dependency/package-use.html...
    Generating /home/laptop/Workspace/serenity-fork/target/checkout/target/site/apidocs/com/ikokoon/serenity/instrumentation/profiling/package-use.html...
    Generating /home/laptop/Workspace/serenity-fork/target/checkout/target/site/apidocs/com/ikokoon/serenity/model/package-use.html...
    Generating /home/laptop/Workspace/serenity-fork/target/checkout/target/site/apidocs/com/ikokoon/serenity/persistence/package-use.html...
    Generating /home/laptop/Workspace/serenity-fork/target/checkout/target/site/apidocs/com/ikokoon/serenity/process/package-use.html...
    Generating /home/laptop/Workspace/serenity-fork/target/checkout/target/site/apidocs/com/ikokoon/serenity/process/aggregator/package-use.html...
    Generating /home/laptop/Workspace/serenity-fork/target/checkout/target/site/apidocs/com/ikokoon/toolkit/package-use.html...
    Building index for all the packages and classes...
    Generating /home/laptop/Workspace/serenity-fork/target/checkout/target/site/apidocs/overview-tree.html...
    Generating /home/laptop/Workspace/serenity-fork/target/checkout/target/site/apidocs/index-all.html...
    Generating /home/laptop/Workspace/serenity-fork/target/checkout/target/site/apidocs/deprecated-list.html...
    Building index for all classes...
    Generating /home/laptop/Workspace/serenity-fork/target/checkout/target/site/apidocs/allclasses-frame.html...
    Generating /home/laptop/Workspace/serenity-fork/target/checkout/target/site/apidocs/allclasses-noframe.html...
    Generating /home/laptop/Workspace/serenity-fork/target/checkout/target/site/apidocs/index.html...
    Generating /home/laptop/Workspace/serenity-fork/target/checkout/target/site/apidocs/overview-summary.html...
    Generating /home/laptop/Workspace/serenity-fork/target/checkout/target/site/apidocs/help-doc.html...
    3 warnings
    [WARNING] Javadoc Warnings
    [WARNING] /home/laptop/Workspace/serenity-fork/target/checkout/src/main/java/com/ikokoon/serenity/hudson/SerenityPlugin.java:22: warning: empty <p> tag
    [WARNING] * <p>
    [WARNING] ^
    [WARNING] /home/laptop/Workspace/serenity-fork/target/checkout/src/main/java/com/ikokoon/serenity/Collector.java:62: warning: no @param for methodName
    [WARNING] public static void collectAllocation(final String className, final String methodName, final String methodDescription) {
    [WARNING] ^
    [WARNING] /home/laptop/Workspace/serenity-fork/target/checkout/src/main/java/com/ikokoon/serenity/Collector.java:62: warning: no @param for methodDescription
    [WARNING] public static void collectAllocation(final String className, final String methodName, final String methodDescription) {
    [WARNING] ^
    [INFO] 
    [INFO] --- maven-resources-plugin:2.7:resources (default-resources) @ serenity ---
    [INFO] Using 'UTF8' encoding to copy filtered resources.
    [INFO] Copying 15 resources
    [INFO] 
    [INFO] --- maven-compiler-plugin:3.3:compile (default-compile) @ serenity ---
    [INFO] Changes detected - recompiling the module!
    [INFO] Compiling 73 source files to /home/laptop/Workspace/serenity-fork/target/checkout/target/classes
    [INFO] /home/laptop/Workspace/serenity-fork/target/checkout/src/main/java/com/ikokoon/serenity/instrumentation/profiling/ProfilingMethodAdapter.java: Some input files use or override a deprecated API.
    [INFO] /home/laptop/Workspace/serenity-fork/target/checkout/src/main/java/com/ikokoon/serenity/instrumentation/profiling/ProfilingMethodAdapter.java: Recompile with -Xlint:deprecation for details.
    [INFO] /home/laptop/Workspace/serenity-fork/target/checkout/src/main/java/com/ikokoon/serenity/Collector.java: Some input files use unchecked or unsafe operations.
    [INFO] /home/laptop/Workspace/serenity-fork/target/checkout/src/main/java/com/ikokoon/serenity/Collector.java: Recompile with -Xlint:unchecked for details.
    [INFO] 
    [INFO] --- access-modifier-checker:1.7:enforce (default-enforce) @ serenity ---
    [INFO] 
    [INFO] --- animal-sniffer-maven-plugin:1.14:check (check) @ serenity ---
    [INFO] Resolved signature org.codehaus.mojo.signature:java17 version as 1.0 from dependencyManagement
    [INFO] Checking unresolved references to org.codehaus.mojo.signature:java17:1.0
    [INFO] 
    [INFO] --- maven-hpi-plugin:1.117:insert-test (default-insert-test) @ serenity ---
    [INFO] 
    [INFO] --- gmaven-plugin:1.5-jenkins-3:generateTestStubs (test-in-groovy) @ serenity ---
    [INFO] No sources found for Java stub generation
    [INFO] 
    [INFO] --- maven-resources-plugin:2.7:testResources (default-testResources) @ serenity ---
    [INFO] Using 'UTF8' encoding to copy filtered resources.
    [INFO] Copying 12 resources
    [INFO] 
    [INFO] --- maven-compiler-plugin:3.3:testCompile (default-testCompile) @ serenity ---
    [INFO] Changes detected - recompiling the module!
    [INFO] Compiling 47 source files to /home/laptop/Workspace/serenity-fork/target/checkout/target/test-classes
    [INFO] /home/laptop/Workspace/serenity-fork/target/checkout/target/generated-test-sources/injected/InjectedTest.java: /home/laptop/Workspace/serenity-fork/target/checkout/target/generated-test-sources/injected/InjectedTest.java uses unchecked or unsafe operations.
    [INFO] /home/laptop/Workspace/serenity-fork/target/checkout/target/generated-test-sources/injected/InjectedTest.java: Recompile with -Xlint:unchecked for details.
    [INFO] 
    [INFO] --- maven-hpi-plugin:1.117:test-hpl (default-test-hpl) @ serenity ---
    [INFO] Generating /home/laptop/Workspace/serenity-fork/target/checkout/target/test-classes/the.hpl
    [INFO] 
    [INFO] --- maven-hpi-plugin:1.117:resolve-test-dependencies (default-resolve-test-dependencies) @ serenity ---
    [INFO] 
    [INFO] --- gmaven-plugin:1.5-jenkins-3:testCompile (test-in-groovy) @ serenity ---
    [INFO] No sources found to compile
    [INFO] 
    [INFO] --- maven-surefire-plugin:2.19.1:test (default-test) @ serenity ---
    [INFO] Tests are skipped.
    [INFO] 
    [INFO] --- maven-license-plugin:1.7:process (default) @ serenity ---
    [INFO] Generated /home/laptop/Workspace/serenity-fork/target/checkout/target/serenity/WEB-INF/licenses.xml
    [INFO] 
    [INFO] --- maven-hpi-plugin:1.117:hpi (default-hpi) @ serenity ---
    [INFO] Generating /home/laptop/Workspace/serenity-fork/target/checkout/target/serenity/META-INF/MANIFEST.MF
    [INFO] Checking for attached .jar artifact ...
    [INFO] Generating jar /home/laptop/Workspace/serenity-fork/target/checkout/target/serenity.jar
    [INFO] Building jar: /home/laptop/Workspace/serenity-fork/target/checkout/target/serenity.jar
    [INFO] Exploding webapp...
    [INFO] Copy webapp webResources to /home/laptop/Workspace/serenity-fork/target/checkout/target/serenity
    [INFO] Assembling webapp serenity in /home/laptop/Workspace/serenity-fork/target/checkout/target/serenity
    [INFO] Generating hpi /home/laptop/Workspace/serenity-fork/target/checkout/target/serenity.hpi
    [INFO] Building jar: /home/laptop/Workspace/serenity-fork/target/checkout/target/serenity.hpi
    [INFO] 
    [INFO] >>> maven-source-plugin:2.4:jar (attach-sources) > generate-sources @ serenity >>>
    [INFO] 
    [INFO] --- maven-hpi-plugin:1.117:validate (default-validate) @ serenity ---
    [INFO] 
    [INFO] --- maven-enforcer-plugin:1.3.1:display-info (display-info) @ serenity ---
    [INFO] Maven Version: 3.3.9
    [INFO] JDK Version: 1.8.0_91 normalized as: 1.8.0-91
    [INFO] OS Info: Arch: amd64 Family: unix Name: linux Version: 4.2.0-36-generic
    [INFO] 
    [INFO] --- maven-enforcer-plugin:1.3.1:enforce (display-info) @ serenity ---
    [INFO] 
    [INFO] --- maven-localizer-plugin:1.23:generate (default) @ serenity ---
    [INFO] 
    [INFO] <<< maven-source-plugin:2.4:jar (attach-sources) < generate-sources @ serenity <<<
    [INFO] 
    [INFO] --- maven-source-plugin:2.4:jar (attach-sources) @ serenity ---
    Downloading: http://repo.jenkins-ci.org/public/org/codehaus/plexus/plexus-archiver/2.6.3/plexus-archiver-2.6.3.pom
    Downloaded: http://repo.jenkins-ci.org/public/org/codehaus/plexus/plexus-archiver/2.6.3/plexus-archiver-2.6.3.pom (4 KB at 5.6 KB/sec)
    Downloading: http://repo.jenkins-ci.org/public/org/codehaus/plexus/plexus-utils/3.0.18/plexus-utils-3.0.18.pom
    Downloaded: http://repo.jenkins-ci.org/public/org/codehaus/plexus/plexus-utils/3.0.18/plexus-utils-3.0.18.pom (4 KB at 10.1 KB/sec)
    Downloading: http://repo.jenkins-ci.org/public/org/codehaus/plexus/plexus-io/2.1.3/plexus-io-2.1.3.pom
    Downloaded: http://repo.jenkins-ci.org/public/org/codehaus/plexus/plexus-io/2.1.3/plexus-io-2.1.3.pom (3 KB at 7.2 KB/sec)
    Downloading: http://repo.jenkins-ci.org/public/org/codehaus/plexus/plexus-archiver/2.6.3/plexus-archiver-2.6.3.jar
    Downloading: http://repo.jenkins-ci.org/public/org/codehaus/plexus/plexus-io/2.1.3/plexus-io-2.1.3.jar
    Downloading: http://repo.jenkins-ci.org/public/org/codehaus/plexus/plexus-utils/3.0.18/plexus-utils-3.0.18.jar
    Downloaded: http://repo.jenkins-ci.org/public/org/codehaus/plexus/plexus-io/2.1.3/plexus-io-2.1.3.jar (65 KB at 97.6 KB/sec)
    Downloaded: http://repo.jenkins-ci.org/public/org/codehaus/plexus/plexus-archiver/2.6.3/plexus-archiver-2.6.3.jar (129 KB at 177.2 KB/sec)
    Downloaded: http://repo.jenkins-ci.org/public/org/codehaus/plexus/plexus-utils/3.0.18/plexus-utils-3.0.18.jar (238 KB at 230.4 KB/sec)
    [INFO] Building jar: /home/laptop/Workspace/serenity-fork/target/checkout/target/serenity-sources.jar
    [INFO] 
    [INFO] --- maven-javadoc-plugin:2.10.2:jar (attach-javadocs) @ serenity ---
    [INFO] 
    Loading source files for package com.ikokoon.toolkit...
    Loading source files for package com.ikokoon.serenity.hudson...
    Loading source files for package com.ikokoon.serenity.hudson.modeller...
    Loading source files for package com.ikokoon.serenity.hudson.source...
    Loading source files for package com.ikokoon.serenity...
    Loading source files for package com.ikokoon.serenity.model...
    Loading source files for package com.ikokoon.serenity.persistence...
    Loading source files for package com.ikokoon.serenity.instrumentation...
    Loading source files for package com.ikokoon.serenity.instrumentation.profiling...
    Loading source files for package com.ikokoon.serenity.instrumentation.dependency...
    Loading source files for package com.ikokoon.serenity.instrumentation.complexity...
    Loading source files for package com.ikokoon.serenity.instrumentation.coverage...
    Loading source files for package com.ikokoon.serenity.process...
    Loading source files for package com.ikokoon.serenity.process.aggregator...
    Constructing Javadoc information...
    Standard Doclet version 1.8.0_91
    Building tree for all the packages and classes...
    Generating /home/laptop/Workspace/serenity-fork/target/checkout/target/apidocs/com/ikokoon/toolkit/ClassLoader.html...
    Generating /home/laptop/Workspace/serenity-fork/target/checkout/target/apidocs/com/ikokoon/toolkit/Executer.html...
    Generating /home/laptop/Workspace/serenity-fork/target/checkout/target/apidocs/com/ikokoon/toolkit/Executer.IPerform.html...
    Generating /home/laptop/Workspace/serenity-fork/target/checkout/target/apidocs/com/ikokoon/toolkit/LoggingConfigurator.html...
    Generating /home/laptop/Workspace/serenity-fork/target/checkout/target/apidocs/com/ikokoon/toolkit/ObjectFactory.html...
    Generating /home/laptop/Workspace/serenity-fork/target/checkout/target/apidocs/com/ikokoon/toolkit/Permutations.html...
    Generating /home/laptop/Workspace/serenity-fork/target/checkout/target/apidocs/com/ikokoon/toolkit/Toolkit.html...
    Generating /home/laptop/Workspace/serenity-fork/target/checkout/target/apidocs/com/ikokoon/toolkit/Toolkit.IFileFilter.html...
    Generating /home/laptop/Workspace/serenity-fork/target/checkout/target/apidocs/com/ikokoon/serenity/hudson/ISerenityResult.html...
    Generating /home/laptop/Workspace/serenity-fork/target/checkout/target/apidocs/com/ikokoon/serenity/hudson/SerenityBuildAction.html...
    Generating /home/laptop/Workspace/serenity-fork/target/checkout/target/apidocs/com/ikokoon/serenity/hudson/SerenityPlugin.html...
    Generating /home/laptop/Workspace/serenity-fork/target/checkout/target/apidocs/com/ikokoon/serenity/hudson/SerenityProjectAction.html...
    Generating /home/laptop/Workspace/serenity-fork/target/checkout/target/apidocs/com/ikokoon/serenity/hudson/SerenityPublisher.html...
    Generating /home/laptop/Workspace/serenity-fork/target/checkout/target/apidocs/com/ikokoon/serenity/hudson/SerenityPublisher.DescriptorImpl.html...
    Generating /home/laptop/Workspace/serenity-fork/target/checkout/target/apidocs/com/ikokoon/serenity/hudson/SerenityResult.html...
    Generating /home/laptop/Workspace/serenity-fork/target/checkout/target/apidocs/com/ikokoon/serenity/hudson/modeller/GoogleChartModeller.html...
    Generating /home/laptop/Workspace/serenity-fork/target/checkout/target/apidocs/com/ikokoon/serenity/hudson/modeller/HighchartsModeller.html...
    Generating /home/laptop/Workspace/serenity-fork/target/checkout/target/apidocs/com/ikokoon/serenity/hudson/modeller/HighchartsModeller.IConstructor.html...
    Generating /home/laptop/Workspace/serenity-fork/target/checkout/target/apidocs/com/ikokoon/serenity/hudson/modeller/IModeller.html...
    Generating /home/laptop/Workspace/serenity-fork/target/checkout/target/apidocs/com/ikokoon/serenity/hudson/source/CoverageSourceCode.html...
    Generating /home/laptop/Workspace/serenity-fork/target/checkout/target/apidocs/com/ikokoon/serenity/hudson/source/ISourceCode.html...
    Generating /home/laptop/Workspace/serenity-fork/target/checkout/target/apidocs/com/ikokoon/serenity/hudson/source/JavaSource2HTMLConverterExt.html...
    Generating /home/laptop/Workspace/serenity-fork/target/checkout/target/apidocs/com/ikokoon/serenity/Collector.html...
    Generating /home/laptop/Workspace/serenity-fork/target/checkout/target/apidocs/com/ikokoon/serenity/Configuration.html...
    Generating /home/laptop/Workspace/serenity-fork/target/checkout/target/apidocs/com/ikokoon/serenity/IConstants.html...
    Generating /home/laptop/Workspace/serenity-fork/target/checkout/target/apidocs/com/ikokoon/serenity/Messenger.html...
    Generating /home/laptop/Workspace/serenity-fork/target/checkout/target/apidocs/com/ikokoon/serenity/Profiler.html...
    Generating /home/laptop/Workspace/serenity-fork/target/checkout/target/apidocs/com/ikokoon/serenity/Transformer.html...
    Generating /home/laptop/Workspace/serenity-fork/target/checkout/target/apidocs/com/ikokoon/serenity/model/Afferent.html...
    Generating /home/laptop/Workspace/serenity-fork/target/checkout/target/apidocs/com/ikokoon/serenity/model/Class.html...
    Generating /home/laptop/Workspace/serenity-fork/target/checkout/target/apidocs/com/ikokoon/serenity/model/Composite.html...
    Generating /home/laptop/Workspace/serenity-fork/target/checkout/target/apidocs/com/ikokoon/serenity/model/Efferent.html...
    Generating /home/laptop/Workspace/serenity-fork/target/checkout/target/apidocs/com/ikokoon/serenity/model/Line.html...
    Generating /home/laptop/Workspace/serenity-fork/target/checkout/target/apidocs/com/ikokoon/serenity/model/Method.html...
    Generating /home/laptop/Workspace/serenity-fork/target/checkout/target/apidocs/com/ikokoon/serenity/model/Package.html...
    Generating /home/laptop/Workspace/serenity-fork/target/checkout/target/apidocs/com/ikokoon/serenity/model/Project.html...
    Generating /home/laptop/Workspace/serenity-fork/target/checkout/target/apidocs/com/ikokoon/serenity/model/Snapshot.html...
    Generating /home/laptop/Workspace/serenity-fork/target/checkout/target/apidocs/com/ikokoon/serenity/model/Unique.html...
    Generating /home/laptop/Workspace/serenity-fork/target/checkout/target/apidocs/com/ikokoon/serenity/persistence/DataBase.html...
    Generating /home/laptop/Workspace/serenity-fork/target/checkout/target/apidocs/com/ikokoon/serenity/persistence/DataBaseEvent.html...
    Generating /home/laptop/Workspace/serenity-fork/target/checkout/target/apidocs/com/ikokoon/serenity/persistence/DataBaseOdb.html...
    Generating /home/laptop/Workspace/serenity-fork/target/checkout/target/apidocs/com/ikokoon/serenity/persistence/DataBaseRam.html...
    Generating /home/laptop/Workspace/serenity-fork/target/checkout/target/apidocs/com/ikokoon/serenity/persistence/DataBaseToolkit.html...
    Generating /home/laptop/Workspace/serenity-fork/target/checkout/target/apidocs/com/ikokoon/serenity/persistence/DataBaseToolkit.Executer.html...
    Generating /home/laptop/Workspace/serenity-fork/target/checkout/target/apidocs/com/ikokoon/serenity/persistence/DataBaseToolkit.ICriteria.html...
    Generating /home/laptop/Workspace/serenity-fork/target/checkout/target/apidocs/com/ikokoon/serenity/persistence/IDataBase.html...
    Generating /home/laptop/Workspace/serenity-fork/target/checkout/target/apidocs/com/ikokoon/serenity/persistence/IDataBase.DataBaseManager.html...
    Generating /home/laptop/Workspace/serenity-fork/target/checkout/target/apidocs/com/ikokoon/serenity/persistence/IDataBaseEvent.html...
    Generating /home/laptop/Workspace/serenity-fork/target/checkout/target/apidocs/com/ikokoon/serenity/persistence/IDataBaseEvent.Type.html...
    Generating /home/laptop/Workspace/serenity-fork/target/checkout/target/apidocs/com/ikokoon/serenity/persistence/IDataBaseListener.html...
    Generating /home/laptop/Workspace/serenity-fork/target/checkout/target/apidocs/com/ikokoon/serenity/instrumentation/VisitorFactory.html...
    Generating /home/laptop/Workspace/serenity-fork/target/checkout/target/apidocs/com/ikokoon/serenity/instrumentation/profiling/ProfilingClassAdapter.html...
    Generating /home/laptop/Workspace/serenity-fork/target/checkout/target/apidocs/com/ikokoon/serenity/instrumentation/profiling/ProfilingClassAdviceAdapter.html...
    Generating /home/laptop/Workspace/serenity-fork/target/checkout/target/apidocs/com/ikokoon/serenity/instrumentation/profiling/ProfilingMethodAdapter.html...
    Generating /home/laptop/Workspace/serenity-fork/target/checkout/target/apidocs/com/ikokoon/serenity/instrumentation/profiling/ProfilingMethodAdviceAdapter.html...
    Generating /home/laptop/Workspace/serenity-fork/target/checkout/target/apidocs/com/ikokoon/serenity/instrumentation/dependency/DependencyAnnotationAdapter.html...
    Generating /home/laptop/Workspace/serenity-fork/target/checkout/target/apidocs/com/ikokoon/serenity/instrumentation/dependency/DependencyClassAdapter.html...
    Generating /home/laptop/Workspace/serenity-fork/target/checkout/target/apidocs/com/ikokoon/serenity/instrumentation/dependency/DependencyFieldAdapter.html...
    Generating /home/laptop/Workspace/serenity-fork/target/checkout/target/apidocs/com/ikokoon/serenity/instrumentation/dependency/DependencyMethodAdapter.html...
    Generating /home/laptop/Workspace/serenity-fork/target/checkout/target/apidocs/com/ikokoon/serenity/instrumentation/dependency/DependencySignatureAdapter.html...
    Generating /home/laptop/Workspace/serenity-fork/target/checkout/target/apidocs/com/ikokoon/serenity/instrumentation/complexity/ComplexityClassAdapter.html...
    Generating /home/laptop/Workspace/serenity-fork/target/checkout/target/apidocs/com/ikokoon/serenity/instrumentation/complexity/ComplexityMethodAdapter.html...
    Generating /home/laptop/Workspace/serenity-fork/target/checkout/target/apidocs/com/ikokoon/serenity/instrumentation/coverage/CoverageClassAdapter.html...
    Generating /home/laptop/Workspace/serenity-fork/target/checkout/target/apidocs/com/ikokoon/serenity/instrumentation/coverage/CoverageClassAdapterExt.html...
    Generating /home/laptop/Workspace/serenity-fork/target/checkout/target/apidocs/com/ikokoon/serenity/instrumentation/coverage/CoverageMethodAdapter.html...
    Generating /home/laptop/Workspace/serenity-fork/target/checkout/target/apidocs/com/ikokoon/serenity/instrumentation/coverage/CoverageMethodAdapterExt.html...
    Generating /home/laptop/Workspace/serenity-fork/target/checkout/target/apidocs/com/ikokoon/serenity/process/Accumulator.html...
    Generating /home/laptop/Workspace/serenity-fork/target/checkout/target/apidocs/com/ikokoon/serenity/process/Aggregator.html...
    Generating /home/laptop/Workspace/serenity-fork/target/checkout/target/apidocs/com/ikokoon/serenity/process/AProcess.html...
    Generating /home/laptop/Workspace/serenity-fork/target/checkout/target/apidocs/com/ikokoon/serenity/process/Cleaner.html...
    Generating /home/laptop/Workspace/serenity-fork/target/checkout/target/apidocs/com/ikokoon/serenity/process/IProcess.html...
    Generating /home/laptop/Workspace/serenity-fork/target/checkout/target/apidocs/com/ikokoon/serenity/process/Listener.html...
    Generating /home/laptop/Workspace/serenity-fork/target/checkout/target/apidocs/com/ikokoon/serenity/process/Pruner.html...
    Generating /home/laptop/Workspace/serenity-fork/target/checkout/target/apidocs/com/ikokoon/serenity/process/Reporter.html...
    Generating /home/laptop/Workspace/serenity-fork/target/checkout/target/apidocs/com/ikokoon/serenity/process/Snapshooter.html...
    Generating /home/laptop/Workspace/serenity-fork/target/checkout/target/apidocs/com/ikokoon/serenity/process/aggregator/AAggregator.html...
    Generating /home/laptop/Workspace/serenity-fork/target/checkout/target/apidocs/com/ikokoon/serenity/process/aggregator/ClassAggregator.html...
    Generating /home/laptop/Workspace/serenity-fork/target/checkout/target/apidocs/com/ikokoon/serenity/process/aggregator/IAggregator.html...
    Generating /home/laptop/Workspace/serenity-fork/target/checkout/target/apidocs/com/ikokoon/serenity/process/aggregator/MethodAggregator.html...
    Generating /home/laptop/Workspace/serenity-fork/target/checkout/target/apidocs/com/ikokoon/serenity/process/aggregator/PackageAggregator.html...
    Generating /home/laptop/Workspace/serenity-fork/target/checkout/target/apidocs/com/ikokoon/serenity/process/aggregator/ProjectAggregator.html...
    Generating /home/laptop/Workspace/serenity-fork/target/checkout/target/apidocs/overview-frame.html...
    Generating /home/laptop/Workspace/serenity-fork/target/checkout/target/apidocs/com/ikokoon/serenity/package-frame.html...
    Generating /home/laptop/Workspace/serenity-fork/target/checkout/target/apidocs/com/ikokoon/serenity/package-summary.html...
    Generating /home/laptop/Workspace/serenity-fork/target/checkout/target/apidocs/com/ikokoon/serenity/package-tree.html...
    Generating /home/laptop/Workspace/serenity-fork/target/checkout/target/apidocs/com/ikokoon/serenity/hudson/package-frame.html...
    Generating /home/laptop/Workspace/serenity-fork/target/checkout/target/apidocs/com/ikokoon/serenity/hudson/package-summary.html...
    Generating /home/laptop/Workspace/serenity-fork/target/checkout/target/apidocs/com/ikokoon/serenity/hudson/package-tree.html...
    Generating /home/laptop/Workspace/serenity-fork/target/checkout/target/apidocs/com/ikokoon/serenity/hudson/modeller/package-frame.html...
    Generating /home/laptop/Workspace/serenity-fork/target/checkout/target/apidocs/com/ikokoon/serenity/hudson/modeller/package-summary.html...
    Generating /home/laptop/Workspace/serenity-fork/target/checkout/target/apidocs/com/ikokoon/serenity/hudson/modeller/package-tree.html...
    Generating /home/laptop/Workspace/serenity-fork/target/checkout/target/apidocs/com/ikokoon/serenity/hudson/source/package-frame.html...
    Generating /home/laptop/Workspace/serenity-fork/target/checkout/target/apidocs/com/ikokoon/serenity/hudson/source/package-summary.html...
    Generating /home/laptop/Workspace/serenity-fork/target/checkout/target/apidocs/com/ikokoon/serenity/hudson/source/package-tree.html...
    Generating /home/laptop/Workspace/serenity-fork/target/checkout/target/apidocs/com/ikokoon/serenity/instrumentation/package-frame.html...
    Generating /home/laptop/Workspace/serenity-fork/target/checkout/target/apidocs/com/ikokoon/serenity/instrumentation/package-summary.html...
    Generating /home/laptop/Workspace/serenity-fork/target/checkout/target/apidocs/com/ikokoon/serenity/instrumentation/package-tree.html...
    Generating /home/laptop/Workspace/serenity-fork/target/checkout/target/apidocs/com/ikokoon/serenity/instrumentation/complexity/package-frame.html...
    Generating /home/laptop/Workspace/serenity-fork/target/checkout/target/apidocs/com/ikokoon/serenity/instrumentation/complexity/package-summary.html...
    Generating /home/laptop/Workspace/serenity-fork/target/checkout/target/apidocs/com/ikokoon/serenity/instrumentation/complexity/package-tree.html...
    Generating /home/laptop/Workspace/serenity-fork/target/checkout/target/apidocs/com/ikokoon/serenity/instrumentation/coverage/package-frame.html...
    Generating /home/laptop/Workspace/serenity-fork/target/checkout/target/apidocs/com/ikokoon/serenity/instrumentation/coverage/package-summary.html...
    Generating /home/laptop/Workspace/serenity-fork/target/checkout/target/apidocs/com/ikokoon/serenity/instrumentation/coverage/package-tree.html...
    Generating /home/laptop/Workspace/serenity-fork/target/checkout/target/apidocs/com/ikokoon/serenity/instrumentation/dependency/package-frame.html...
    Generating /home/laptop/Workspace/serenity-fork/target/checkout/target/apidocs/com/ikokoon/serenity/instrumentation/dependency/package-summary.html...
    Generating /home/laptop/Workspace/serenity-fork/target/checkout/target/apidocs/com/ikokoon/serenity/instrumentation/dependency/package-tree.html...
    Generating /home/laptop/Workspace/serenity-fork/target/checkout/target/apidocs/com/ikokoon/serenity/instrumentation/profiling/package-frame.html...
    Generating /home/laptop/Workspace/serenity-fork/target/checkout/target/apidocs/com/ikokoon/serenity/instrumentation/profiling/package-summary.html...
    Generating /home/laptop/Workspace/serenity-fork/target/checkout/target/apidocs/com/ikokoon/serenity/instrumentation/profiling/package-tree.html...
    Generating /home/laptop/Workspace/serenity-fork/target/checkout/target/apidocs/com/ikokoon/serenity/model/package-frame.html...
    Generating /home/laptop/Workspace/serenity-fork/target/checkout/target/apidocs/com/ikokoon/serenity/model/package-summary.html...
    Generating /home/laptop/Workspace/serenity-fork/target/checkout/target/apidocs/com/ikokoon/serenity/model/package-tree.html...
    Generating /home/laptop/Workspace/serenity-fork/target/checkout/target/apidocs/com/ikokoon/serenity/persistence/package-frame.html...
    Generating /home/laptop/Workspace/serenity-fork/target/checkout/target/apidocs/com/ikokoon/serenity/persistence/package-summary.html...
    Generating /home/laptop/Workspace/serenity-fork/target/checkout/target/apidocs/com/ikokoon/serenity/persistence/package-tree.html...
    Generating /home/laptop/Workspace/serenity-fork/target/checkout/target/apidocs/com/ikokoon/serenity/process/package-frame.html...
    Generating /home/laptop/Workspace/serenity-fork/target/checkout/target/apidocs/com/ikokoon/serenity/process/package-summary.html...
    Generating /home/laptop/Workspace/serenity-fork/target/checkout/target/apidocs/com/ikokoon/serenity/process/package-tree.html...
    Generating /home/laptop/Workspace/serenity-fork/target/checkout/target/apidocs/com/ikokoon/serenity/process/aggregator/package-frame.html...
    Generating /home/laptop/Workspace/serenity-fork/target/checkout/target/apidocs/com/ikokoon/serenity/process/aggregator/package-summary.html...
    Generating /home/laptop/Workspace/serenity-fork/target/checkout/target/apidocs/com/ikokoon/serenity/process/aggregator/package-tree.html...
    Generating /home/laptop/Workspace/serenity-fork/target/checkout/target/apidocs/com/ikokoon/toolkit/package-frame.html...
    Generating /home/laptop/Workspace/serenity-fork/target/checkout/target/apidocs/com/ikokoon/toolkit/package-summary.html...
    Generating /home/laptop/Workspace/serenity-fork/target/checkout/target/apidocs/com/ikokoon/toolkit/package-tree.html...
    Generating /home/laptop/Workspace/serenity-fork/target/checkout/target/apidocs/constant-values.html...
    Generating /home/laptop/Workspace/serenity-fork/target/checkout/target/apidocs/serialized-form.html...
    Generating /home/laptop/Workspace/serenity-fork/target/checkout/target/apidocs/com/ikokoon/toolkit/class-use/ClassLoader.html...
    Generating /home/laptop/Workspace/serenity-fork/target/checkout/target/apidocs/com/ikokoon/toolkit/class-use/Executer.html...
    Generating /home/laptop/Workspace/serenity-fork/target/checkout/target/apidocs/com/ikokoon/toolkit/class-use/Executer.IPerform.html...
    Generating /home/laptop/Workspace/serenity-fork/target/checkout/target/apidocs/com/ikokoon/toolkit/class-use/Toolkit.html...
    Generating /home/laptop/Workspace/serenity-fork/target/checkout/target/apidocs/com/ikokoon/toolkit/class-use/Toolkit.IFileFilter.html...
    Generating /home/laptop/Workspace/serenity-fork/target/checkout/target/apidocs/com/ikokoon/toolkit/class-use/LoggingConfigurator.html...
    Generating /home/laptop/Workspace/serenity-fork/target/checkout/target/apidocs/com/ikokoon/toolkit/class-use/ObjectFactory.html...
    Generating /home/laptop/Workspace/serenity-fork/target/checkout/target/apidocs/com/ikokoon/toolkit/class-use/Permutations.html...
    Generating /home/laptop/Workspace/serenity-fork/target/checkout/target/apidocs/com/ikokoon/serenity/hudson/class-use/SerenityPlugin.html...
    Generating /home/laptop/Workspace/serenity-fork/target/checkout/target/apidocs/com/ikokoon/serenity/hudson/class-use/ISerenityResult.html...
    Generating /home/laptop/Workspace/serenity-fork/target/checkout/target/apidocs/com/ikokoon/serenity/hudson/class-use/SerenityResult.html...
    Generating /home/laptop/Workspace/serenity-fork/target/checkout/target/apidocs/com/ikokoon/serenity/hudson/class-use/SerenityProjectAction.html...
    Generating /home/laptop/Workspace/serenity-fork/target/checkout/target/apidocs/com/ikokoon/serenity/hudson/class-use/SerenityPublisher.html...
    Generating /home/laptop/Workspace/serenity-fork/target/checkout/target/apidocs/com/ikokoon/serenity/hudson/class-use/SerenityPublisher.DescriptorImpl.html...
    Generating /home/laptop/Workspace/serenity-fork/target/checkout/target/apidocs/com/ikokoon/serenity/hudson/class-use/SerenityBuildAction.html...
    Generating /home/laptop/Workspace/serenity-fork/target/checkout/target/apidocs/com/ikokoon/serenity/hudson/modeller/class-use/IModeller.html...
    Generating /home/laptop/Workspace/serenity-fork/target/checkout/target/apidocs/com/ikokoon/serenity/hudson/modeller/class-use/HighchartsModeller.html...
    Generating /home/laptop/Workspace/serenity-fork/target/checkout/target/apidocs/com/ikokoon/serenity/hudson/modeller/class-use/HighchartsModeller.IConstructor.html...
    Generating /home/laptop/Workspace/serenity-fork/target/checkout/target/apidocs/com/ikokoon/serenity/hudson/modeller/class-use/GoogleChartModeller.html...
    Generating /home/laptop/Workspace/serenity-fork/target/checkout/target/apidocs/com/ikokoon/serenity/hudson/source/class-use/CoverageSourceCode.html...
    Generating /home/laptop/Workspace/serenity-fork/target/checkout/target/apidocs/com/ikokoon/serenity/hudson/source/class-use/ISourceCode.html...
    Generating /home/laptop/Workspace/serenity-fork/target/checkout/target/apidocs/com/ikokoon/serenity/hudson/source/class-use/JavaSource2HTMLConverterExt.html...
    Generating /home/laptop/Workspace/serenity-fork/target/checkout/target/apidocs/com/ikokoon/serenity/class-use/Messenger.html...
    Generating /home/laptop/Workspace/serenity-fork/target/checkout/target/apidocs/com/ikokoon/serenity/class-use/Transformer.html...
    Generating /home/laptop/Workspace/serenity-fork/target/checkout/target/apidocs/com/ikokoon/serenity/class-use/Profiler.html...
    Generating /home/laptop/Workspace/serenity-fork/target/checkout/target/apidocs/com/ikokoon/serenity/class-use/Configuration.html...
    Generating /home/laptop/Workspace/serenity-fork/target/checkout/target/apidocs/com/ikokoon/serenity/class-use/Collector.html...
    Generating /home/laptop/Workspace/serenity-fork/target/checkout/target/apidocs/com/ikokoon/serenity/class-use/IConstants.html...
    Generating /home/laptop/Workspace/serenity-fork/target/checkout/target/apidocs/com/ikokoon/serenity/model/class-use/Package.html...
    Generating /home/laptop/Workspace/serenity-fork/target/checkout/target/apidocs/com/ikokoon/serenity/model/class-use/Snapshot.html...
    Generating /home/laptop/Workspace/serenity-fork/target/checkout/target/apidocs/com/ikokoon/serenity/model/class-use/Composite.html...
    Generating /home/laptop/Workspace/serenity-fork/target/checkout/target/apidocs/com/ikokoon/serenity/model/class-use/Efferent.html...
    Generating /home/laptop/Workspace/serenity-fork/target/checkout/target/apidocs/com/ikokoon/serenity/model/class-use/Line.html...
    Generating /home/laptop/Workspace/serenity-fork/target/checkout/target/apidocs/com/ikokoon/serenity/model/class-use/Unique.html...
    Generating /home/laptop/Workspace/serenity-fork/target/checkout/target/apidocs/com/ikokoon/serenity/model/class-use/Afferent.html...
    Generating /home/laptop/Workspace/serenity-fork/target/checkout/target/apidocs/com/ikokoon/serenity/model/class-use/Project.html...
    Generating /home/laptop/Workspace/serenity-fork/target/checkout/target/apidocs/com/ikokoon/serenity/model/class-use/Class.html...
    Generating /home/laptop/Workspace/serenity-fork/target/checkout/target/apidocs/com/ikokoon/serenity/model/class-use/Method.html...
    Generating /home/laptop/Workspace/serenity-fork/target/checkout/target/apidocs/com/ikokoon/serenity/persistence/class-use/DataBaseRam.html...
    Generating /home/laptop/Workspace/serenity-fork/target/checkout/target/apidocs/com/ikokoon/serenity/persistence/class-use/DataBaseOdb.html...
    Generating /home/laptop/Workspace/serenity-fork/target/checkout/target/apidocs/com/ikokoon/serenity/persistence/class-use/DataBase.html...
    Generating /home/laptop/Workspace/serenity-fork/target/checkout/target/apidocs/com/ikokoon/serenity/persistence/class-use/DataBaseEvent.html...
    Generating /home/laptop/Workspace/serenity-fork/target/checkout/target/apidocs/com/ikokoon/serenity/persistence/class-use/IDataBase.html...
    Generating /home/laptop/Workspace/serenity-fork/target/checkout/target/apidocs/com/ikokoon/serenity/persistence/class-use/IDataBase.DataBaseManager.html...
    Generating /home/laptop/Workspace/serenity-fork/target/checkout/target/apidocs/com/ikokoon/serenity/persistence/class-use/DataBaseToolkit.html...
    Generating /home/laptop/Workspace/serenity-fork/target/checkout/target/apidocs/com/ikokoon/serenity/persistence/class-use/DataBaseToolkit.Executer.html...
    Generating /home/laptop/Workspace/serenity-fork/target/checkout/target/apidocs/com/ikokoon/serenity/persistence/class-use/DataBaseToolkit.ICriteria.html...
    Generating /home/laptop/Workspace/serenity-fork/target/checkout/target/apidocs/com/ikokoon/serenity/persistence/class-use/IDataBaseListener.html...
    Generating /home/laptop/Workspace/serenity-fork/target/checkout/target/apidocs/com/ikokoon/serenity/persistence/class-use/IDataBaseEvent.html...
    Generating /home/laptop/Workspace/serenity-fork/target/checkout/target/apidocs/com/ikokoon/serenity/persistence/class-use/IDataBaseEvent.Type.html...
    Generating /home/laptop/Workspace/serenity-fork/target/checkout/target/apidocs/com/ikokoon/serenity/instrumentation/class-use/VisitorFactory.html...
    Generating /home/laptop/Workspace/serenity-fork/target/checkout/target/apidocs/com/ikokoon/serenity/instrumentation/profiling/class-use/ProfilingClassAdviceAdapter.html...
    Generating /home/laptop/Workspace/serenity-fork/target/checkout/target/apidocs/com/ikokoon/serenity/instrumentation/profiling/class-use/ProfilingMethodAdapter.html...
    Generating /home/laptop/Workspace/serenity-fork/target/checkout/target/apidocs/com/ikokoon/serenity/instrumentation/profiling/class-use/ProfilingClassAdapter.html...
    Generating /home/laptop/Workspace/serenity-fork/target/checkout/target/apidocs/com/ikokoon/serenity/instrumentation/profiling/class-use/ProfilingMethodAdviceAdapter.html...
    Generating /home/laptop/Workspace/serenity-fork/target/checkout/target/apidocs/com/ikokoon/serenity/instrumentation/dependency/class-use/DependencyClassAdapter.html...
    Generating /home/laptop/Workspace/serenity-fork/target/checkout/target/apidocs/com/ikokoon/serenity/instrumentation/dependency/class-use/DependencyFieldAdapter.html...
    Generating /home/laptop/Workspace/serenity-fork/target/checkout/target/apidocs/com/ikokoon/serenity/instrumentation/dependency/class-use/DependencySignatureAdapter.html...
    Generating /home/laptop/Workspace/serenity-fork/target/checkout/target/apidocs/com/ikokoon/serenity/instrumentation/dependency/class-use/DependencyAnnotationAdapter.html...
    Generating /home/laptop/Workspace/serenity-fork/target/checkout/target/apidocs/com/ikokoon/serenity/instrumentation/dependency/class-use/DependencyMethodAdapter.html...
    Generating /home/laptop/Workspace/serenity-fork/target/checkout/target/apidocs/com/ikokoon/serenity/instrumentation/complexity/class-use/ComplexityMethodAdapter.html...
    Generating /home/laptop/Workspace/serenity-fork/target/checkout/target/apidocs/com/ikokoon/serenity/instrumentation/complexity/class-use/ComplexityClassAdapter.html...
    Generating /home/laptop/Workspace/serenity-fork/target/checkout/target/apidocs/com/ikokoon/serenity/instrumentation/coverage/class-use/CoverageClassAdapterExt.html...
    Generating /home/laptop/Workspace/serenity-fork/target/checkout/target/apidocs/com/ikokoon/serenity/instrumentation/coverage/class-use/CoverageClassAdapter.html...
    Generating /home/laptop/Workspace/serenity-fork/target/checkout/target/apidocs/com/ikokoon/serenity/instrumentation/coverage/class-use/CoverageMethodAdapterExt.html...
    Generating /home/laptop/Workspace/serenity-fork/target/checkout/target/apidocs/com/ikokoon/serenity/instrumentation/coverage/class-use/CoverageMethodAdapter.html...
    Generating /home/laptop/Workspace/serenity-fork/target/checkout/target/apidocs/com/ikokoon/serenity/process/class-use/Listener.html...
    Generating /home/laptop/Workspace/serenity-fork/target/checkout/target/apidocs/com/ikokoon/serenity/process/class-use/Reporter.html...
    Generating /home/laptop/Workspace/serenity-fork/target/checkout/target/apidocs/com/ikokoon/serenity/process/class-use/Aggregator.html...
    Generating /home/laptop/Workspace/serenity-fork/target/checkout/target/apidocs/com/ikokoon/serenity/process/class-use/Accumulator.html...
    Generating /home/laptop/Workspace/serenity-fork/target/checkout/target/apidocs/com/ikokoon/serenity/process/class-use/Snapshooter.html...
    Generating /home/laptop/Workspace/serenity-fork/target/checkout/target/apidocs/com/ikokoon/serenity/process/class-use/Pruner.html...
    Generating /home/laptop/Workspace/serenity-fork/target/checkout/target/apidocs/com/ikokoon/serenity/process/class-use/Cleaner.html...
    Generating /home/laptop/Workspace/serenity-fork/target/checkout/target/apidocs/com/ikokoon/serenity/process/class-use/AProcess.html...
    Generating /home/laptop/Workspace/serenity-fork/target/checkout/target/apidocs/com/ikokoon/serenity/process/class-use/IProcess.html...
    Generating /home/laptop/Workspace/serenity-fork/target/checkout/target/apidocs/com/ikokoon/serenity/process/aggregator/class-use/ProjectAggregator.html...
    Generating /home/laptop/Workspace/serenity-fork/target/checkout/target/apidocs/com/ikokoon/serenity/process/aggregator/class-use/ClassAggregator.html...
    Generating /home/laptop/Workspace/serenity-fork/target/checkout/target/apidocs/com/ikokoon/serenity/process/aggregator/class-use/PackageAggregator.html...
    Generating /home/laptop/Workspace/serenity-fork/target/checkout/target/apidocs/com/ikokoon/serenity/process/aggregator/class-use/AAggregator.html...
    Generating /home/laptop/Workspace/serenity-fork/target/checkout/target/apidocs/com/ikokoon/serenity/process/aggregator/class-use/IAggregator.html...
    Generating /home/laptop/Workspace/serenity-fork/target/checkout/target/apidocs/com/ikokoon/serenity/process/aggregator/class-use/MethodAggregator.html...
    Generating /home/laptop/Workspace/serenity-fork/target/checkout/target/apidocs/com/ikokoon/serenity/package-use.html...
    Generating /home/laptop/Workspace/serenity-fork/target/checkout/target/apidocs/com/ikokoon/serenity/hudson/package-use.html...
    Generating /home/laptop/Workspace/serenity-fork/target/checkout/target/apidocs/com/ikokoon/serenity/hudson/modeller/package-use.html...
    Generating /home/laptop/Workspace/serenity-fork/target/checkout/target/apidocs/com/ikokoon/serenity/hudson/source/package-use.html...
    Generating /home/laptop/Workspace/serenity-fork/target/checkout/target/apidocs/com/ikokoon/serenity/instrumentation/package-use.html...
    Generating /home/laptop/Workspace/serenity-fork/target/checkout/target/apidocs/com/ikokoon/serenity/instrumentation/complexity/package-use.html...
    Generating /home/laptop/Workspace/serenity-fork/target/checkout/target/apidocs/com/ikokoon/serenity/instrumentation/coverage/package-use.html...
    Generating /home/laptop/Workspace/serenity-fork/target/checkout/target/apidocs/com/ikokoon/serenity/instrumentation/dependency/package-use.html...
    Generating /home/laptop/Workspace/serenity-fork/target/checkout/target/apidocs/com/ikokoon/serenity/instrumentation/profiling/package-use.html...
    Generating /home/laptop/Workspace/serenity-fork/target/checkout/target/apidocs/com/ikokoon/serenity/model/package-use.html...
    Generating /home/laptop/Workspace/serenity-fork/target/checkout/target/apidocs/com/ikokoon/serenity/persistence/package-use.html...
    Generating /home/laptop/Workspace/serenity-fork/target/checkout/target/apidocs/com/ikokoon/serenity/process/package-use.html...
    Generating /home/laptop/Workspace/serenity-fork/target/checkout/target/apidocs/com/ikokoon/serenity/process/aggregator/package-use.html...
    Generating /home/laptop/Workspace/serenity-fork/target/checkout/target/apidocs/com/ikokoon/toolkit/package-use.html...
    Building index for all the packages and classes...
    Generating /home/laptop/Workspace/serenity-fork/target/checkout/target/apidocs/overview-tree.html...
    Generating /home/laptop/Workspace/serenity-fork/target/checkout/target/apidocs/index-all.html...
    Generating /home/laptop/Workspace/serenity-fork/target/checkout/target/apidocs/deprecated-list.html...
    Building index for all classes...
    Generating /home/laptop/Workspace/serenity-fork/target/checkout/target/apidocs/allclasses-frame.html...
    Generating /home/laptop/Workspace/serenity-fork/target/checkout/target/apidocs/allclasses-noframe.html...
    Generating /home/laptop/Workspace/serenity-fork/target/checkout/target/apidocs/index.html...
    Generating /home/laptop/Workspace/serenity-fork/target/checkout/target/apidocs/overview-summary.html...
    Generating /home/laptop/Workspace/serenity-fork/target/checkout/target/apidocs/help-doc.html...
    [INFO] Building jar: /home/laptop/Workspace/serenity-fork/target/checkout/target/serenity-javadoc.jar
    [INFO] 
    [INFO] --- maven-antrun-plugin:1.3:run (copy.hpi.task) @ serenity ---
    [INFO] Executing tasks
         [echo] Unpacking and repacking serenity.jar with the agent manifest
        [unjar] Expanding: /home/laptop/Workspace/serenity-fork/target/checkout/target/serenity.jar into /home/laptop/Workspace/serenity-fork/target/checkout/target/temp
          [jar] Building jar: /home/laptop/Workspace/serenity-fork/target/checkout/target/serenity.jar
    [INFO] Executed tasks
    [INFO] 
    [INFO] >>> findbugs-maven-plugin:3.0.3:check (findbugs) > :findbugs @ serenity >>>
    [INFO] 
    [INFO] --- findbugs-maven-plugin:3.0.3:findbugs (findbugs) @ serenity ---
    [INFO] Fork Value is true
         [java] Warnings generated: 29
    [INFO] Done FindBugs Analysis....
    [INFO] 
    [INFO] <<< findbugs-maven-plugin:3.0.3:check (findbugs) < :findbugs @ serenity <<<
    [INFO] 
    [INFO] --- findbugs-maven-plugin:3.0.3:check (findbugs) @ serenity ---
    [INFO] BugInstance size is 29
    [INFO] Error size is 0
    [INFO] Total bugs: 29
    [INFO] Possible null pointer dereference in com.ikokoon.serenity.hudson.SerenityPlugin.getItems() due to return value of called method [com.ikokoon.serenity.hudson.SerenityPlugin, com.ikokoon.serenity.hudson.SerenityPlugin] Dereferenced at SerenityPlugin.java:[line 68]Known null at SerenityPlugin.java:[line 68] NP_NULL_ON_SOME_PATH_FROM_RETURN_VALUE
    [INFO] Possible null pointer dereference in com.ikokoon.serenity.hudson.SerenityPlugin.getLabels() due to return value of called method [com.ikokoon.serenity.hudson.SerenityPlugin, com.ikokoon.serenity.hudson.SerenityPlugin] Dereferenced at SerenityPlugin.java:[line 63]Known null at SerenityPlugin.java:[line 63] NP_NULL_ON_SOME_PATH_FROM_RETURN_VALUE
    [INFO] Found reliance on default encoding in com.ikokoon.serenity.hudson.SerenityPublisher.copyDataBasesToBuildDirectory(AbstractBuild, BuildListener): String.getBytes() [com.ikokoon.serenity.hudson.SerenityPublisher] At SerenityPublisher.java:[line 181] DM_DEFAULT_ENCODING
    [INFO] Found reliance on default encoding in com.ikokoon.serenity.hudson.SerenityPublisher.writeCoveredSourceForClasses(AbstractBuild, BuildListener): String.getBytes() [com.ikokoon.serenity.hudson.SerenityPublisher] At SerenityPublisher.java:[line 286] DM_DEFAULT_ENCODING
    [INFO] Dead store to random in com.ikokoon.serenity.hudson.modeller.GoogleChartModeller.getRows(Composite[]) [com.ikokoon.serenity.hudson.modeller.GoogleChartModeller] At GoogleChartModeller.java:[line 52] DLS_DEAD_LOCAL_STORE
    [INFO] Found reliance on default encoding in com.ikokoon.serenity.hudson.source.CoverageSourceCode.getSource(): new java.io.InputStreamReader(InputStream) [com.ikokoon.serenity.hudson.source.CoverageSourceCode] At CoverageSourceCode.java:[line 79] DM_DEFAULT_ENCODING
    [INFO] com.ikokoon.serenity.model.Afferent defines compareTo(Afferent) and uses Object.equals() [com.ikokoon.serenity.model.Afferent] At Afferent.java:[lines 30-38] EQ_COMPARETO_USE_OBJECT_EQUALS
    [INFO] com.ikokoon.serenity.model.Class defines compareTo(Class) and uses Object.equals() [com.ikokoon.serenity.model.Class] At Class.java:[lines 172-180] EQ_COMPARETO_USE_OBJECT_EQUALS
    [INFO] com.ikokoon.serenity.model.Efferent defines compareTo(Efferent) and uses Object.equals() [com.ikokoon.serenity.model.Efferent] At Efferent.java:[lines 30-38] EQ_COMPARETO_USE_OBJECT_EQUALS
    [INFO] com.ikokoon.serenity.model.Line defines compareTo(Line) and uses Object.equals() [com.ikokoon.serenity.model.Line] At Line.java:[lines 60-64] EQ_COMPARETO_USE_OBJECT_EQUALS
    [INFO] com.ikokoon.serenity.model.Method defines compareTo(Method) and uses Object.equals() [com.ikokoon.serenity.model.Method] At Method.java:[lines 233-241] EQ_COMPARETO_USE_OBJECT_EQUALS
    [INFO] com.ikokoon.serenity.model.Package defines compareTo(Package) and uses Object.equals() [com.ikokoon.serenity.model.Package] At Package.java:[lines 151-159] EQ_COMPARETO_USE_OBJECT_EQUALS
    [INFO] com.ikokoon.serenity.model.Project.getTimestamp() may expose internal representation by returning Project.timestamp [com.ikokoon.serenity.model.Project] At Project.java:[line 77] EI_EXPOSE_REP
    [INFO] com.ikokoon.serenity.model.Project.setTimestamp(Date) may expose internal representation by storing an externally mutable object into Project.timestamp [com.ikokoon.serenity.model.Project] At Project.java:[line 81] EI_EXPOSE_REP2
    [INFO] com.ikokoon.serenity.model.Snapshot.getEnd() may expose internal representation by returning Snapshot.end [com.ikokoon.serenity.model.Snapshot] At Snapshot.java:[line 39] EI_EXPOSE_REP
    [INFO] com.ikokoon.serenity.model.Snapshot.getStart() may expose internal representation by returning Snapshot.start [com.ikokoon.serenity.model.Snapshot] At Snapshot.java:[line 31] EI_EXPOSE_REP
    [INFO] com.ikokoon.serenity.model.Snapshot.setEnd(Date) may expose internal representation by storing an externally mutable object into Snapshot.end [com.ikokoon.serenity.model.Snapshot] At Snapshot.java:[line 43] EI_EXPOSE_REP2
    [INFO] com.ikokoon.serenity.model.Snapshot.setStart(Date) may expose internal representation by storing an externally mutable object into Snapshot.start [com.ikokoon.serenity.model.Snapshot] At Snapshot.java:[line 35] EI_EXPOSE_REP2
    [INFO] com.ikokoon.serenity.model.Snapshot defines compareTo(Object) and uses Object.equals() [com.ikokoon.serenity.model.Snapshot] At Snapshot.java:[line 6] EQ_COMPARETO_USE_OBJECT_EQUALS
    [INFO] Nullcheck of firstSnapshot at line 178 of value previously dereferenced in com.ikokoon.serenity.process.Reporter.tableElement(List) [com.ikokoon.serenity.process.Reporter, com.ikokoon.serenity.process.Reporter] At Reporter.java:[line 178]Redundant null check at Reporter.java:[line 186] RCN_REDUNDANT_NULLCHECK_WOULD_HAVE_BEEN_A_NPE
    [INFO] Exceptional return value of java.io.File.createNewFile() ignored in com.ikokoon.serenity.process.Reporter.buildGraph(String, Method, List) [com.ikokoon.serenity.process.Reporter] At Reporter.java:[line 283] RV_RETURN_VALUE_IGNORED_BAD_PRACTICE
    [INFO] Exceptional return value of java.io.File.mkdirs() ignored in com.ikokoon.serenity.process.Reporter.buildGraph(String, Method, List) [com.ikokoon.serenity.process.Reporter, com.ikokoon.serenity.process.Reporter] At Reporter.java:[line 275]Another occurrence at Reporter.java:[line 279] RV_RETURN_VALUE_IGNORED_BAD_PRACTICE
    [INFO] Exceptional return value of java.io.File.createNewFile() ignored in com.ikokoon.serenity.process.Reporter.writeReport(String, String) [com.ikokoon.serenity.process.Reporter] At Reporter.java:[line 93] RV_RETURN_VALUE_IGNORED_BAD_PRACTICE
    [INFO] Exceptional return value of java.io.File.mkdirs() ignored in com.ikokoon.serenity.process.Reporter.writeReport(String, String) [com.ikokoon.serenity.process.Reporter] At Reporter.java:[line 89] RV_RETURN_VALUE_IGNORED_BAD_PRACTICE
    [INFO] com.ikokoon.toolkit.LoggingConfigurator.configure() may fail to clean up java.io.InputStream [com.ikokoon.toolkit.LoggingConfigurator, com.ikokoon.toolkit.LoggingConfigurator, com.ikokoon.toolkit.LoggingConfigurator, com.ikokoon.toolkit.LoggingConfigurator, com.ikokoon.toolkit.LoggingConfigurator, com.ikokoon.toolkit.LoggingConfigurator, com.ikokoon.toolkit.LoggingConfigurator, com.ikokoon.toolkit.LoggingConfigurator, com.ikokoon.toolkit.LoggingConfigurator] Obligation to clean up resource created at LoggingConfigurator.java:[line 36] is not dischargedPath continues at LoggingConfigurator.java:[line 37]Path continues at LoggingConfigurator.java:[line 38]Path continues at LoggingConfigurator.java:[line 39]Path continues at LoggingConfigurator.java:[line 41]Path continues at LoggingConfigurator.java:[line 42]Path continues at LoggingConfigurator.java:[line 46]Path continues at LoggingConfigurator.java:[line 51]Path continues at LoggingConfigurator.java:[line 53] OBL_UNSATISFIED_OBLIGATION
    [INFO] Exceptional return value of java.io.File.mkdirs() ignored in com.ikokoon.toolkit.LoggingConfigurator.checkLogFolder(String) [com.ikokoon.toolkit.LoggingConfigurator] At LoggingConfigurator.java:[line 58] RV_RETURN_VALUE_IGNORED_BAD_PRACTICE
    [INFO] Possible null pointer dereference in com.ikokoon.toolkit.Toolkit.copyFiles(File, File) due to return value of called method [com.ikokoon.toolkit.Toolkit, com.ikokoon.toolkit.Toolkit] Dereferenced at Toolkit.java:[line 552]Known null at Toolkit.java:[line 550] NP_NULL_ON_SOME_PATH_FROM_RETURN_VALUE
    [INFO] Exceptional return value of java.io.File.createNewFile() ignored in com.ikokoon.toolkit.Toolkit.setContents(File, byte[]) [com.ikokoon.toolkit.Toolkit] At Toolkit.java:[line 385] RV_RETURN_VALUE_IGNORED_BAD_PRACTICE
    [INFO] Exceptional return value of java.io.File.mkdirs() ignored in com.ikokoon.toolkit.Toolkit.setContents(File, byte[]) [com.ikokoon.toolkit.Toolkit] At Toolkit.java:[line 381] RV_RETURN_VALUE_IGNORED_BAD_PRACTICE
    [INFO] 
    
    
    To see bug detail using the Findbugs GUI, use the following command "mvn findbugs:gui"
    
    
    
    [INFO] 
    [INFO] --- maven-install-plugin:2.5.2:install (default-install) @ serenity ---
    [INFO] Installing /home/laptop/Workspace/serenity-fork/target/checkout/target/serenity.hpi to /home/laptop/.m2/repository/org/jenkins-ci/plugins/serenity/1.1/serenity-1.1.hpi
    [INFO] Installing /home/laptop/Workspace/serenity-fork/target/checkout/pom.xml to /home/laptop/.m2/repository/org/jenkins-ci/plugins/serenity/1.1/serenity-1.1.pom
    [INFO] Installing /home/laptop/Workspace/serenity-fork/target/checkout/target/serenity.jar to /home/laptop/.m2/repository/org/jenkins-ci/plugins/serenity/1.1/serenity-1.1.jar
    [INFO] Installing /home/laptop/Workspace/serenity-fork/target/checkout/target/serenity-sources.jar to /home/laptop/.m2/repository/org/jenkins-ci/plugins/serenity/1.1/serenity-1.1-sources.jar
    [INFO] Installing /home/laptop/Workspace/serenity-fork/target/checkout/target/serenity-javadoc.jar to /home/laptop/.m2/repository/org/jenkins-ci/plugins/serenity/1.1/serenity-1.1-javadoc.jar
    [INFO] 
    [INFO] --- maven-deploy-plugin:2.8.2:deploy (default-deploy) @ serenity ---
    Uploading: https://repo.jenkins-ci.org/releases/org/jenkins-ci/plugins/serenity/1.1/serenity-1.1.hpi
    Uploaded: https://repo.jenkins-ci.org/releases/org/jenkins-ci/plugins/serenity/1.1/serenity-1.1.hpi (1158 KB at 368.5 KB/sec)
    Uploading: https://repo.jenkins-ci.org/releases/org/jenkins-ci/plugins/serenity/1.1/serenity-1.1.pom
    Uploaded: https://repo.jenkins-ci.org/releases/org/jenkins-ci/plugins/serenity/1.1/serenity-1.1.pom (9 KB at 18.0 KB/sec)
    Downloading: https://repo.jenkins-ci.org/releases/org/jenkins-ci/plugins/serenity/maven-metadata.xml
    Downloaded: https://repo.jenkins-ci.org/releases/org/jenkins-ci/plugins/serenity/maven-metadata.xml (530 B at 2.0 KB/sec)
    Uploading: https://repo.jenkins-ci.org/releases/org/jenkins-ci/plugins/serenity/maven-metadata.xml
    Uploaded: https://repo.jenkins-ci.org/releases/org/jenkins-ci/plugins/serenity/maven-metadata.xml (505 B at 1.2 KB/sec)
    Uploading: https://repo.jenkins-ci.org/releases/org/jenkins-ci/plugins/serenity/1.1/serenity-1.1.jar
    Uploaded: https://repo.jenkins-ci.org/releases/org/jenkins-ci/plugins/serenity/1.1/serenity-1.1.jar (215 KB at 277.1 KB/sec)
    Uploading: https://repo.jenkins-ci.org/releases/org/jenkins-ci/plugins/serenity/1.1/serenity-1.1-sources.jar
    Uploaded: https://repo.jenkins-ci.org/releases/org/jenkins-ci/plugins/serenity/1.1/serenity-1.1-sources.jar (142 KB at 204.2 KB/sec)
    Uploading: https://repo.jenkins-ci.org/releases/org/jenkins-ci/plugins/serenity/1.1/serenity-1.1-javadoc.jar
    Uploaded: https://repo.jenkins-ci.org/releases/org/jenkins-ci/plugins/serenity/1.1/serenity-1.1-javadoc.jar (546 KB at 380.7 KB/sec)
    [INFO] ------------------------------------------------------------------------
    [INFO] BUILD SUCCESS
    [INFO] ------------------------------------------------------------------------
    [INFO] Total time: 32.351 s
    [INFO] Finished at: 2016-06-13T15:05:35+02:00
    [INFO] Final Memory: 81M/1315M
    [INFO] ------------------------------------------------------------------------
[INFO] Cleaning up after release...
[INFO] ------------------------------------------------------------------------
[INFO] BUILD SUCCESS
[INFO] ------------------------------------------------------------------------
[INFO] Total time: 03:31 min
[INFO] Finished at: 2016-06-13T15:05:35+02:00
[INFO] Final Memory: 21M/385M
[INFO] ------------------------------------------------------------------------
laptop@laptop:~/Workspace/serenity-fork$ 
                                                                                                                                                                                                                                                                               
                                                                                                                                                                                                                                                                               
                                                                                                                                                                                                                                                                               
                                                                                                                                                                                                                                                                               
                                                                                                                                                                                                                                                                               
                                                                                                                                                                                                                                                                               
                                                                                                                                                                                                                                                                               
                                                                                                                                                                                                                                                                               
                                                                                                                                                                                                                                                                               
                                                                                                                                                                                                                                                                               
                                                                                                                                                                                                                                                                               
                                                                                                                                                                                                                                                                               
                                                                                                                                                                                                                                                                               
                                                                                                                                                                                                                                                                               
                                                                                                                                                                                                                                                                               
                                                                                                                                                                                                                                                                               
                                                                                                                                                                                                                                                                               
                                                                                                                                                                                                                                                                               
                                                                                                                                                                                                                                                                               
                                                                                                                                                                                                                                                                               
                                                                                                                                                                                                                                                                               
                                                                                                                                                                                                                                                                               
                                                                                                                                                                                                                                                                               
                                                                                                                                                                                                                                                                               
                                                                                                                                                                                                                                                                               
                                                                                                                                                                                                                                                                               
                                                                                                                                                                                                                                                                               
                                                                                                                                                                                                                                                                               
                                                                                                                                                                                                                                                                               
                                                                                                                                                                                                                                                                               